TpTrace Verbose: 0 : 14288, 1, 2024/06/11, 16:06:37.519, 8513142725806, vstest.console.dll, Version: 17.10.0-release-24203-04 Current process architecture: X64
TpTrace Verbose: 0 : 14288, 1, 2024/06/11, 16:06:37.523, 8513142763104, vstest.console.dll, Runtime location: C:\Program Files\dotnet\shared\Microsoft.NETCore.App\8.0.6
TpTrace Verbose: 0 : 14288, 1, 2024/06/11, 16:06:37.526, 8513142791412, vstest.console.dll, ArtifactProcessingPostProcessModeProcessorExecutor.Initialize: ArtifactProcessingMode.Collect
TpTrace Verbose: 0 : 14288, 1, 2024/06/11, 16:06:37.526, 8513142793169, vstest.console.dll, TestSessionCorrelationIdProcessorModeProcessorExecutor.Initialize: TestSessionCorrelationId '29460_af6dab6f-f022-474f-8d9f-271324bab166'
TpTrace Information: 0 : 14288, 1, 2024/06/11, 16:06:37.537, 8513142900070, vstest.console.dll, FilePatternParser: The given file C:\Users\mahyo\source\repos\GameService\Game.Core.Services.Tests\bin\Debug\net7.0\fine-code-coverage\build-output\Game.Core.Services.Tests.dll is a full path.
TpTrace Verbose: 0 : 14288, 1, 2024/06/11, 16:06:37.544, 8513142970851, vstest.console.dll, TestPluginCache.DiscoverTestExtensions: finding test extensions in assemblies ends with: RuntimeProvider.dll TPluginInfo: Microsoft.VisualStudio.TestPlatform.Common.ExtensionFramework.Utilities.TestRuntimePluginInformation TExtension: Microsoft.VisualStudio.TestPlatform.ObjectModel.Host.ITestRuntimeProvider
TpTrace Verbose: 0 : 14288, 1, 2024/06/11, 16:06:37.544, 8513142976316, vstest.console.dll, TestPluginCache.GetExtensionPaths: Filtered extension paths: 
TpTrace Verbose: 0 : 14288, 1, 2024/06/11, 16:06:37.544, 8513142977667, vstest.console.dll, TestPluginCache.GetExtensionPaths: Added default extension paths: C:\Program Files\dotnet\sdk\8.0.301\Extensions\Microsoft.Diagnostics.NETCore.Client.dll
C:\Program Files\dotnet\sdk\8.0.301\Extensions\Microsoft.TestPlatform.Extensions.BlameDataCollector.dll
C:\Program Files\dotnet\sdk\8.0.301\Extensions\Microsoft.TestPlatform.Extensions.EventLogCollector.dll
C:\Program Files\dotnet\sdk\8.0.301\Extensions\Microsoft.TestPlatform.TestHostRuntimeProvider.dll
C:\Program Files\dotnet\sdk\8.0.301\Extensions\Microsoft.VisualStudio.TestPlatform.Extensions.Html.TestLogger.dll
C:\Program Files\dotnet\sdk\8.0.301\Extensions\Microsoft.VisualStudio.TestPlatform.Extensions.Trx.TestLogger.dll
TpTrace Verbose: 0 : 14288, 1, 2024/06/11, 16:06:37.544, 8513142978342, vstest.console.dll, TestPluginCache.GetExtensionPaths: Added unfilterableExtensionPaths: 
TpTrace Information: 0 : 14288, 1, 2024/06/11, 16:06:37.545, 8513142987224, vstest.console.dll, AssemblyResolver.ctor: Creating AssemblyResolver with searchDirectories C:\Program Files\dotnet\sdk\8.0.301\Extensions,C:\Program Files\dotnet\sdk\8.0.301
TpTrace Verbose: 0 : 14288, 1, 2024/06/11, 16:06:37.548, 8513143010839, vstest.console.dll, TestPluginCache.DiscoverTestExtensions: Discovering the extensions using extension path.
TpTrace Verbose: 0 : 14288, 1, 2024/06/11, 16:06:37.548, 8513143013034, vstest.console.dll, TestPluginCache.GetExtensionPaths: Filtered extension paths: 
TpTrace Verbose: 0 : 14288, 1, 2024/06/11, 16:06:37.548, 8513143013727, vstest.console.dll, TestPluginCache.GetExtensionPaths: Added default extension paths: C:\Program Files\dotnet\sdk\8.0.301\Extensions\Microsoft.Diagnostics.NETCore.Client.dll
C:\Program Files\dotnet\sdk\8.0.301\Extensions\Microsoft.TestPlatform.Extensions.BlameDataCollector.dll
C:\Program Files\dotnet\sdk\8.0.301\Extensions\Microsoft.TestPlatform.Extensions.EventLogCollector.dll
C:\Program Files\dotnet\sdk\8.0.301\Extensions\Microsoft.TestPlatform.TestHostRuntimeProvider.dll
C:\Program Files\dotnet\sdk\8.0.301\Extensions\Microsoft.VisualStudio.TestPlatform.Extensions.Html.TestLogger.dll
C:\Program Files\dotnet\sdk\8.0.301\Extensions\Microsoft.VisualStudio.TestPlatform.Extensions.Trx.TestLogger.dll
TpTrace Verbose: 0 : 14288, 1, 2024/06/11, 16:06:37.548, 8513143014354, vstest.console.dll, TestPluginCache.GetExtensionPaths: Added unfilterableExtensionPaths: 
TpTrace Verbose: 0 : 14288, 1, 2024/06/11, 16:06:37.548, 8513143015443, vstest.console.dll, TestPluginCache.DiscoverTestExtensions: Discovering the extensions using allExtensionPaths: C:\Program Files\dotnet\sdk\8.0.301\Extensions\Microsoft.Diagnostics.NETCore.Client.dll
C:\Program Files\dotnet\sdk\8.0.301\Extensions\Microsoft.TestPlatform.Extensions.BlameDataCollector.dll
C:\Program Files\dotnet\sdk\8.0.301\Extensions\Microsoft.TestPlatform.Extensions.EventLogCollector.dll
C:\Program Files\dotnet\sdk\8.0.301\Extensions\Microsoft.TestPlatform.TestHostRuntimeProvider.dll
C:\Program Files\dotnet\sdk\8.0.301\Extensions\Microsoft.VisualStudio.TestPlatform.Extensions.Html.TestLogger.dll
C:\Program Files\dotnet\sdk\8.0.301\Extensions\Microsoft.VisualStudio.TestPlatform.Extensions.Trx.TestLogger.dll
TpTrace Information: 0 : 14288, 1, 2024/06/11, 16:06:37.548, 8513143017657, vstest.console.dll, AssemblyResolver.AddSearchDirectories: Adding more searchDirectories C:\Program Files\dotnet\sdk\8.0.301\Extensions,C:\Program Files\dotnet\sdk\8.0.301
TpTrace Information: 0 : 14288, 1, 2024/06/11, 16:06:37.548, 8513143018645, vstest.console.dll, AssemblyResolver.AddSearchDirectories: Adding more searchDirectories C:\Program Files\dotnet\sdk\8.0.301\Extensions,C:\Program Files\dotnet\sdk\8.0.301
TpTrace Information: 0 : 14288, 1, 2024/06/11, 16:06:37.548, 8513143019268, vstest.console.dll, AssemblyResolver.AddSearchDirectories: Adding more searchDirectories C:\Program Files\dotnet\sdk\8.0.301\Extensions,C:\Program Files\dotnet\sdk\8.0.301
TpTrace Information: 0 : 14288, 1, 2024/06/11, 16:06:37.548, 8513143019886, vstest.console.dll, AssemblyResolver.AddSearchDirectories: Adding more searchDirectories C:\Program Files\dotnet\sdk\8.0.301\Extensions,C:\Program Files\dotnet\sdk\8.0.301
TpTrace Information: 0 : 14288, 1, 2024/06/11, 16:06:37.549, 8513143020427, vstest.console.dll, AssemblyResolver.AddSearchDirectories: Adding more searchDirectories C:\Program Files\dotnet\sdk\8.0.301\Extensions,C:\Program Files\dotnet\sdk\8.0.301
TpTrace Information: 0 : 14288, 1, 2024/06/11, 16:06:37.549, 8513143020947, vstest.console.dll, AssemblyResolver.AddSearchDirectories: Adding more searchDirectories C:\Program Files\dotnet\sdk\8.0.301\Extensions,C:\Program Files\dotnet\sdk\8.0.301
TpTrace Information: 0 : 14288, 1, 2024/06/11, 16:06:37.549, 8513143028214, vstest.console.dll, AssemblyResolver.OnResolve: Microsoft.Diagnostics.NETCore.Client: Resolving assembly.
TpTrace Information: 0 : 14288, 1, 2024/06/11, 16:06:37.549, 8513143029410, vstest.console.dll, AssemblyResolver.OnResolve: Microsoft.Diagnostics.NETCore.Client: Searching in: 'C:\Program Files\dotnet\sdk\8.0.301\Extensions'.
TpTrace Information: 0 : 14288, 1, 2024/06/11, 16:06:37.561, 8513143142599, vstest.console.dll, AssemblyResolver.OnResolve: Microsoft.Diagnostics.NETCore.Client: Loading assembly 'C:\Program Files\dotnet\sdk\8.0.301\Extensions\Microsoft.Diagnostics.NETCore.Client.dll'.
TpTrace Information: 0 : 14288, 1, 2024/06/11, 16:06:37.562, 8513143151982, vstest.console.dll, AssemblyResolver.OnResolve: Resolved assembly: Microsoft.Diagnostics.NETCore.Client, from path: C:\Program Files\dotnet\sdk\8.0.301\Extensions\Microsoft.Diagnostics.NETCore.Client.dll
TpTrace Verbose: 0 : 14288, 1, 2024/06/11, 16:06:37.568, 8513143218386, vstest.console.dll, MetadataReaderExtensionsHelper: Discovering extensions inside assembly 'Microsoft.Diagnostics.NETCore.Client, Version=0.2.10.15101, Culture=neutral, PublicKeyToken=31bf3856ad364e35' file path 'C:\Program Files\dotnet\sdk\8.0.301\Extensions\Microsoft.Diagnostics.NETCore.Client.dll'
TpTrace Information: 0 : 14288, 1, 2024/06/11, 16:06:37.575, 8513143281927, vstest.console.dll, AssemblyResolver.OnResolve: Microsoft.Bcl.AsyncInterfaces: Resolving assembly.
TpTrace Information: 0 : 14288, 1, 2024/06/11, 16:06:37.575, 8513143285183, vstest.console.dll, AssemblyResolver.OnResolve: Microsoft.Bcl.AsyncInterfaces: Searching in: 'C:\Program Files\dotnet\sdk\8.0.301\Extensions'.
TpTrace Information: 0 : 14288, 1, 2024/06/11, 16:06:37.575, 8513143286344, vstest.console.dll, AssemblyResolver.OnResolve: Microsoft.Bcl.AsyncInterfaces: Assembly path does not exist: 'C:\Program Files\dotnet\sdk\8.0.301\Extensions\Microsoft.Bcl.AsyncInterfaces.dll', returning.
TpTrace Information: 0 : 14288, 1, 2024/06/11, 16:06:37.575, 8513143288654, vstest.console.dll, AssemblyResolver.OnResolve: Microsoft.Bcl.AsyncInterfaces: Assembly path does not exist: 'C:\Program Files\dotnet\sdk\8.0.301\Extensions\Microsoft.Bcl.AsyncInterfaces.exe', returning.
TpTrace Information: 0 : 14288, 1, 2024/06/11, 16:06:37.575, 8513143289467, vstest.console.dll, AssemblyResolver.OnResolve: Microsoft.Bcl.AsyncInterfaces: Searching in: 'C:\Program Files\dotnet\sdk\8.0.301'.
TpTrace Information: 0 : 14288, 1, 2024/06/11, 16:06:37.576, 8513143290487, vstest.console.dll, AssemblyResolver.OnResolve: Microsoft.Bcl.AsyncInterfaces: Assembly path does not exist: 'C:\Program Files\dotnet\sdk\8.0.301\Microsoft.Bcl.AsyncInterfaces.dll', returning.
TpTrace Information: 0 : 14288, 1, 2024/06/11, 16:06:37.576, 8513143291557, vstest.console.dll, AssemblyResolver.OnResolve: Microsoft.Bcl.AsyncInterfaces: Assembly path does not exist: 'C:\Program Files\dotnet\sdk\8.0.301\Microsoft.Bcl.AsyncInterfaces.exe', returning.
TpTrace Information: 0 : 14288, 1, 2024/06/11, 16:06:37.576, 8513143292080, vstest.console.dll, AssemblyResolver.OnResolve: Microsoft.Bcl.AsyncInterfaces: Failed to load assembly.
TpTrace Verbose: 0 : 14288, 1, 2024/06/11, 16:06:37.576, 8513143292703, vstest.console.dll, CurrentDomainAssemblyResolve: Resolving assembly 'Microsoft.Bcl.AsyncInterfaces'.
TpTrace Information: 0 : 14288, 1, 2024/06/11, 16:06:37.576, 8513143293683, vstest.console.dll, AssemblyResolver.OnResolve: Microsoft.Bcl.AsyncInterfaces: Resolving assembly.
TpTrace Information: 0 : 14288, 1, 2024/06/11, 16:06:37.576, 8513143294366, vstest.console.dll, AssemblyResolver.OnResolve: Microsoft.Bcl.AsyncInterfaces: Resolved from cache.
TpTrace Verbose: 0 : 14288, 1, 2024/06/11, 16:06:37.576, 8513143294927, vstest.console.dll, CurrentDomainAssemblyResolve: Resolving assembly 'Microsoft.Bcl.AsyncInterfaces'.
TpTrace Verbose: 0 : 14288, 1, 2024/06/11, 16:06:37.576, 8513143295511, vstest.console.dll, CurrentDomainAssemblyResolve: Failed to resolve assembly 'Microsoft.Bcl.AsyncInterfaces'.
TpTrace Verbose: 0 : 14288, 1, 2024/06/11, 16:06:37.578, 8513143310274, vstest.console.dll, CurrentDomainAssemblyResolve: Failed to resolve assembly 'Microsoft.Bcl.AsyncInterfaces'.
TpTrace Warning: 0 : 14288, 1, 2024/06/11, 16:06:37.594, 8513143477919, vstest.console.dll, TestPluginDiscoverer: Failed to get types from assembly 'Microsoft.Diagnostics.NETCore.Client, Version=0.2.10.15101, Culture=neutral, PublicKeyToken=31bf3856ad364e35'. Error: System.Reflection.ReflectionTypeLoadException: Unable to load one or more of the requested types.
Could not load file or assembly 'Microsoft.Bcl.AsyncInterfaces, Version=6.0.0.0, Culture=neutral, PublicKeyToken=cc7b13ffcd2ddd51'. The system cannot find the file specified.
   at System.Reflection.RuntimeModule.GetTypes(RuntimeModule module)
   at System.Reflection.RuntimeModule.GetTypes()
   at Microsoft.VisualStudio.TestPlatform.Common.ExtensionFramework.TestPluginDiscoverer.GetTestExtensionsFromAssembly[TPluginInfo,TExtension](Assembly assembly, Dictionary`2 pluginInfos, String filePath) in /_/src/Microsoft.TestPlatform.Common/ExtensionFramework/TestPluginDiscoverer.cs:line 158
System.IO.FileNotFoundException: Could not load file or assembly 'Microsoft.Bcl.AsyncInterfaces, Version=6.0.0.0, Culture=neutral, PublicKeyToken=cc7b13ffcd2ddd51'. The system cannot find the file specified.
File name: 'Microsoft.Bcl.AsyncInterfaces, Version=6.0.0.0, Culture=neutral, PublicKeyToken=cc7b13ffcd2ddd51'
 ---> System.IO.FileNotFoundException: Could not load file or assembly 'Microsoft.Bcl.AsyncInterfaces, Culture=neutral, PublicKeyToken=null'. The system cannot find the file specified.
File name: 'Microsoft.Bcl.AsyncInterfaces, Culture=neutral, PublicKeyToken=null'
   at System.Reflection.RuntimeAssembly.InternalLoad(AssemblyName assemblyName, StackCrawlMark& stackMark, AssemblyLoadContext assemblyLoadContext, RuntimeAssembly requestingAssembly, Boolean throwOnFileNotFound)
   at System.Reflection.Assembly.Load(AssemblyName assemblyRef)
   at Microsoft.VisualStudio.TestPlatform.Common.ExtensionFramework.TestPluginCache.CurrentDomainAssemblyResolve(Object sender, AssemblyResolveEventArgs args) in /_/src/Microsoft.TestPlatform.Common/ExtensionFramework/TestPluginCache.cs:line 513
   at System.Runtime.Loader.AssemblyLoadContext.GetFirstResolvedAssemblyFromResolvingEvent(AssemblyName assemblyName)
   at System.Runtime.Loader.AssemblyLoadContext.ResolveUsingEvent(AssemblyName assemblyName)
   at System.Runtime.Loader.AssemblyLoadContext.ResolveUsingResolvingEvent(IntPtr gchManagedAssemblyLoadContext, AssemblyName assemblyName)
TpTrace Warning: 0 : 14288, 1, 2024/06/11, 16:06:37.595, 8513143483959, vstest.console.dll, LoaderExceptions: System.IO.FileNotFoundException: Could not load file or assembly 'Microsoft.Bcl.AsyncInterfaces, Version=6.0.0.0, Culture=neutral, PublicKeyToken=cc7b13ffcd2ddd51'. The system cannot find the file specified.
File name: 'Microsoft.Bcl.AsyncInterfaces, Version=6.0.0.0, Culture=neutral, PublicKeyToken=cc7b13ffcd2ddd51'
 ---> System.IO.FileNotFoundException: Could not load file or assembly 'Microsoft.Bcl.AsyncInterfaces, Culture=neutral, PublicKeyToken=null'. The system cannot find the file specified.
File name: 'Microsoft.Bcl.AsyncInterfaces, Culture=neutral, PublicKeyToken=null'
   at System.Reflection.RuntimeAssembly.InternalLoad(AssemblyName assemblyName, StackCrawlMark& stackMark, AssemblyLoadContext assemblyLoadContext, RuntimeAssembly requestingAssembly, Boolean throwOnFileNotFound)
   at System.Reflection.Assembly.Load(AssemblyName assemblyRef)
   at Microsoft.VisualStudio.TestPlatform.Common.ExtensionFramework.TestPluginCache.CurrentDomainAssemblyResolve(Object sender, AssemblyResolveEventArgs args) in /_/src/Microsoft.TestPlatform.Common/ExtensionFramework/TestPluginCache.cs:line 513
   at System.Runtime.Loader.AssemblyLoadContext.GetFirstResolvedAssemblyFromResolvingEvent(AssemblyName assemblyName)
   at System.Runtime.Loader.AssemblyLoadContext.ResolveUsingEvent(AssemblyName assemblyName)
   at System.Runtime.Loader.AssemblyLoadContext.ResolveUsingResolvingEvent(IntPtr gchManagedAssemblyLoadContext, AssemblyName assemblyName)
TpTrace Information: 0 : 14288, 1, 2024/06/11, 16:06:37.595, 8513143485727, vstest.console.dll, AssemblyResolver.OnResolve: Microsoft.TestPlatform.Extensions.BlameDataCollector: Resolving assembly.
TpTrace Information: 0 : 14288, 1, 2024/06/11, 16:06:37.595, 8513143486205, vstest.console.dll, AssemblyResolver.OnResolve: Microsoft.TestPlatform.Extensions.BlameDataCollector: Searching in: 'C:\Program Files\dotnet\sdk\8.0.301\Extensions'.
TpTrace Information: 0 : 14288, 1, 2024/06/11, 16:06:37.596, 8513143493322, vstest.console.dll, AssemblyResolver.OnResolve: Microsoft.TestPlatform.Extensions.BlameDataCollector: Loading assembly 'C:\Program Files\dotnet\sdk\8.0.301\Extensions\Microsoft.TestPlatform.Extensions.BlameDataCollector.dll'.
TpTrace Information: 0 : 14288, 1, 2024/06/11, 16:06:37.597, 8513143500497, vstest.console.dll, AssemblyResolver.OnResolve: Resolved assembly: Microsoft.TestPlatform.Extensions.BlameDataCollector, from path: C:\Program Files\dotnet\sdk\8.0.301\Extensions\Microsoft.TestPlatform.Extensions.BlameDataCollector.dll
TpTrace Verbose: 0 : 14288, 1, 2024/06/11, 16:06:37.597, 8513143501630, vstest.console.dll, MetadataReaderExtensionsHelper: Discovering extensions inside assembly 'Microsoft.TestPlatform.Extensions.BlameDataCollector, Version=15.0.0.0, Culture=neutral, PublicKeyToken=b03f5f7f11d50a3a' file path 'C:\Program Files\dotnet\sdk\8.0.301\Extensions\Microsoft.TestPlatform.Extensions.BlameDataCollector.dll'
TpTrace Information: 0 : 14288, 1, 2024/06/11, 16:06:37.599, 8513143523180, vstest.console.dll, AssemblyResolver.OnResolve: Microsoft.TestPlatform.Extensions.EventLogCollector: Resolving assembly.
TpTrace Information: 0 : 14288, 1, 2024/06/11, 16:06:37.599, 8513143524375, vstest.console.dll, AssemblyResolver.OnResolve: Microsoft.TestPlatform.Extensions.EventLogCollector: Searching in: 'C:\Program Files\dotnet\sdk\8.0.301\Extensions'.
TpTrace Information: 0 : 14288, 1, 2024/06/11, 16:06:37.600, 8513143531009, vstest.console.dll, AssemblyResolver.OnResolve: Microsoft.TestPlatform.Extensions.EventLogCollector: Loading assembly 'C:\Program Files\dotnet\sdk\8.0.301\Extensions\Microsoft.TestPlatform.Extensions.EventLogCollector.dll'.
TpTrace Information: 0 : 14288, 1, 2024/06/11, 16:06:37.600, 8513143538263, vstest.console.dll, AssemblyResolver.OnResolve: Resolved assembly: Microsoft.TestPlatform.Extensions.EventLogCollector, from path: C:\Program Files\dotnet\sdk\8.0.301\Extensions\Microsoft.TestPlatform.Extensions.EventLogCollector.dll
TpTrace Verbose: 0 : 14288, 1, 2024/06/11, 16:06:37.600, 8513143539346, vstest.console.dll, MetadataReaderExtensionsHelper: Discovering extensions inside assembly 'Microsoft.TestPlatform.Extensions.EventLogCollector, Version=15.0.0.0, Culture=neutral, PublicKeyToken=b03f5f7f11d50a3a' file path 'C:\Program Files\dotnet\sdk\8.0.301\Extensions\Microsoft.TestPlatform.Extensions.EventLogCollector.dll'
TpTrace Information: 0 : 14288, 1, 2024/06/11, 16:06:37.604, 8513143575793, vstest.console.dll, AssemblyResolver.OnResolve: Microsoft.TestPlatform.TestHostRuntimeProvider: Resolving assembly.
TpTrace Information: 0 : 14288, 1, 2024/06/11, 16:06:37.604, 8513143577097, vstest.console.dll, AssemblyResolver.OnResolve: Microsoft.TestPlatform.TestHostRuntimeProvider: Searching in: 'C:\Program Files\dotnet\sdk\8.0.301\Extensions'.
TpTrace Information: 0 : 14288, 1, 2024/06/11, 16:06:37.605, 8513143583867, vstest.console.dll, AssemblyResolver.OnResolve: Microsoft.TestPlatform.TestHostRuntimeProvider: Loading assembly 'C:\Program Files\dotnet\sdk\8.0.301\Extensions\Microsoft.TestPlatform.TestHostRuntimeProvider.dll'.
TpTrace Information: 0 : 14288, 1, 2024/06/11, 16:06:37.606, 8513143591115, vstest.console.dll, AssemblyResolver.OnResolve: Resolved assembly: Microsoft.TestPlatform.TestHostRuntimeProvider, from path: C:\Program Files\dotnet\sdk\8.0.301\Extensions\Microsoft.TestPlatform.TestHostRuntimeProvider.dll
TpTrace Verbose: 0 : 14288, 1, 2024/06/11, 16:06:37.606, 8513143592206, vstest.console.dll, MetadataReaderExtensionsHelper: Discovering extensions inside assembly 'Microsoft.TestPlatform.TestHostRuntimeProvider, Version=15.0.0.0, Culture=neutral, PublicKeyToken=b03f5f7f11d50a3a' file path 'C:\Program Files\dotnet\sdk\8.0.301\Extensions\Microsoft.TestPlatform.TestHostRuntimeProvider.dll'
TpTrace Information: 0 : 14288, 1, 2024/06/11, 16:06:37.608, 8513143615021, vstest.console.dll, GetTestExtensionFromType: Register extension with identifier data 'HostProvider://DefaultTestHost' and type 'Microsoft.VisualStudio.TestPlatform.CrossPlatEngine.Hosting.DefaultTestHostManager, Microsoft.TestPlatform.TestHostRuntimeProvider, Version=15.0.0.0, Culture=neutral, PublicKeyToken=b03f5f7f11d50a3a' inside file 'C:\Program Files\dotnet\sdk\8.0.301\Extensions\Microsoft.TestPlatform.TestHostRuntimeProvider.dll'
TpTrace Information: 0 : 14288, 1, 2024/06/11, 16:06:37.608, 8513143619115, vstest.console.dll, GetTestExtensionFromType: Register extension with identifier data 'HostProvider://DotnetTestHost' and type 'Microsoft.VisualStudio.TestPlatform.CrossPlatEngine.Hosting.DotnetTestHostManager, Microsoft.TestPlatform.TestHostRuntimeProvider, Version=15.0.0.0, Culture=neutral, PublicKeyToken=b03f5f7f11d50a3a' inside file 'C:\Program Files\dotnet\sdk\8.0.301\Extensions\Microsoft.TestPlatform.TestHostRuntimeProvider.dll'
TpTrace Information: 0 : 14288, 1, 2024/06/11, 16:06:37.609, 8513143620427, vstest.console.dll, AssemblyResolver.OnResolve: Microsoft.VisualStudio.TestPlatform.Extensions.Html.TestLogger: Resolving assembly.
TpTrace Information: 0 : 14288, 1, 2024/06/11, 16:06:37.609, 8513143621134, vstest.console.dll, AssemblyResolver.OnResolve: Microsoft.VisualStudio.TestPlatform.Extensions.Html.TestLogger: Searching in: 'C:\Program Files\dotnet\sdk\8.0.301\Extensions'.
TpTrace Information: 0 : 14288, 1, 2024/06/11, 16:06:37.609, 8513143627596, vstest.console.dll, AssemblyResolver.OnResolve: Microsoft.VisualStudio.TestPlatform.Extensions.Html.TestLogger: Loading assembly 'C:\Program Files\dotnet\sdk\8.0.301\Extensions\Microsoft.VisualStudio.TestPlatform.Extensions.Html.TestLogger.dll'.
TpTrace Information: 0 : 14288, 1, 2024/06/11, 16:06:37.610, 8513143635368, vstest.console.dll, AssemblyResolver.OnResolve: Resolved assembly: Microsoft.VisualStudio.TestPlatform.Extensions.Html.TestLogger, from path: C:\Program Files\dotnet\sdk\8.0.301\Extensions\Microsoft.VisualStudio.TestPlatform.Extensions.Html.TestLogger.dll
TpTrace Verbose: 0 : 14288, 1, 2024/06/11, 16:06:37.610, 8513143636533, vstest.console.dll, MetadataReaderExtensionsHelper: Discovering extensions inside assembly 'Microsoft.VisualStudio.TestPlatform.Extensions.Html.TestLogger, Version=15.0.0.0, Culture=neutral, PublicKeyToken=b03f5f7f11d50a3a' file path 'C:\Program Files\dotnet\sdk\8.0.301\Extensions\Microsoft.VisualStudio.TestPlatform.Extensions.Html.TestLogger.dll'
TpTrace Information: 0 : 14288, 1, 2024/06/11, 16:06:37.611, 8513143649779, vstest.console.dll, AssemblyResolver.OnResolve: Microsoft.VisualStudio.TestPlatform.Extensions.Trx.TestLogger: Resolving assembly.
TpTrace Information: 0 : 14288, 1, 2024/06/11, 16:06:37.612, 8513143650763, vstest.console.dll, AssemblyResolver.OnResolve: Microsoft.VisualStudio.TestPlatform.Extensions.Trx.TestLogger: Searching in: 'C:\Program Files\dotnet\sdk\8.0.301\Extensions'.
TpTrace Information: 0 : 14288, 1, 2024/06/11, 16:06:37.612, 8513143656941, vstest.console.dll, AssemblyResolver.OnResolve: Microsoft.VisualStudio.TestPlatform.Extensions.Trx.TestLogger: Loading assembly 'C:\Program Files\dotnet\sdk\8.0.301\Extensions\Microsoft.VisualStudio.TestPlatform.Extensions.Trx.TestLogger.dll'.
TpTrace Information: 0 : 14288, 1, 2024/06/11, 16:06:37.613, 8513143663840, vstest.console.dll, AssemblyResolver.OnResolve: Resolved assembly: Microsoft.VisualStudio.TestPlatform.Extensions.Trx.TestLogger, from path: C:\Program Files\dotnet\sdk\8.0.301\Extensions\Microsoft.VisualStudio.TestPlatform.Extensions.Trx.TestLogger.dll
TpTrace Verbose: 0 : 14288, 1, 2024/06/11, 16:06:37.613, 8513143664840, vstest.console.dll, MetadataReaderExtensionsHelper: Discovering extensions inside assembly 'Microsoft.VisualStudio.TestPlatform.Extensions.Trx.TestLogger, Version=15.0.0.0, Culture=neutral, PublicKeyToken=b03f5f7f11d50a3a' file path 'C:\Program Files\dotnet\sdk\8.0.301\Extensions\Microsoft.VisualStudio.TestPlatform.Extensions.Trx.TestLogger.dll'
TpTrace Verbose: 0 : 14288, 1, 2024/06/11, 16:06:37.615, 8513143680268, vstest.console.dll, TestPluginCache: Discovered the extensions using extension path ''.
TpTrace Verbose: 0 : 14288, 1, 2024/06/11, 16:06:37.615, 8513143681209, vstest.console.dll, TestPluginCache: Discoverers are ''.
TpTrace Verbose: 0 : 14288, 1, 2024/06/11, 16:06:37.615, 8513143681777, vstest.console.dll, TestPluginCache: Executors are ''.
TpTrace Verbose: 0 : 14288, 1, 2024/06/11, 16:06:37.615, 8513143682258, vstest.console.dll, TestPluginCache: Executors2 are ''.
TpTrace Verbose: 0 : 14288, 1, 2024/06/11, 16:06:37.615, 8513143682863, vstest.console.dll, TestPluginCache: Setting providers are ''.
TpTrace Verbose: 0 : 14288, 1, 2024/06/11, 16:06:37.615, 8513143683347, vstest.console.dll, TestPluginCache: Loggers are ''.
TpTrace Verbose: 0 : 14288, 1, 2024/06/11, 16:06:37.615, 8513143685313, vstest.console.dll, TestPluginCache: TestHosts are 'HostProvider://DefaultTestHost,HostProvider://DotnetTestHost'.
TpTrace Verbose: 0 : 14288, 1, 2024/06/11, 16:06:37.615, 8513143685704, vstest.console.dll, TestPluginCache: DataCollectors are ''.
TpTrace Information: 0 : 14288, 1, 2024/06/11, 16:06:37.634, 8513143873505, vstest.console.dll, RunTestsArgumentProcessor:Execute: Test run is starting.
TpTrace Verbose: 0 : 14288, 1, 2024/06/11, 16:06:37.634, 8513143874724, vstest.console.dll, RunTestsArgumentProcessor:Execute: Queuing Test run.
TpTrace Information: 0 : 14288, 1, 2024/06/11, 16:06:37.634, 8513143878546, vstest.console.dll, TestRequestManager.RunTests: run tests started.
TpTrace Information: 0 : 14288, 1, 2024/06/11, 16:06:37.636, 8513143894092, vstest.console.dll, AssemblyMetadataProvider.GetFrameworkName: Determined framework:'.NETCoreApp,Version=v7.0' for source: 'C:\Users\mahyo\source\repos\GameService\Game.Core.Services.Tests\bin\Debug\net7.0\fine-code-coverage\build-output\Game.Core.Services.Tests.dll'
TpTrace Information: 0 : 14288, 1, 2024/06/11, 16:06:37.636, 8513143896735, vstest.console.dll, Determined framework for all sources: .NETCoreApp,Version=v7.0
TpTrace Verbose: 0 : 14288, 1, 2024/06/11, 16:06:37.637, 8513143901738, vstest.console.dll, TestRequestManager.UpdateRunSettingsIfRequired: Default architecture: X64 IsDefaultTargetArchitecture: True, Current process architecture: X64 OperatingSystem: Windows.
TpTrace Information: 0 : 14288, 1, 2024/06/11, 16:06:37.639, 8513143924442, vstest.console.dll, AssemblyMetadataProvider.GetArchitecture: Determined architecture:AnyCPU info for assembly: C:\Users\mahyo\source\repos\GameService\Game.Core.Services.Tests\bin\Debug\net7.0\fine-code-coverage\build-output\Game.Core.Services.Tests.dll
TpTrace Information: 0 : 14288, 1, 2024/06/11, 16:06:37.639, 8513143925626, vstest.console.dll, Determined platform for source 'C:\Users\mahyo\source\repos\GameService\Game.Core.Services.Tests\bin\Debug\net7.0\fine-code-coverage\build-output\Game.Core.Services.Tests.dll' was AnyCPU and it will use the default plaform X64.
TpTrace Information: 0 : 14288, 1, 2024/06/11, 16:06:37.639, 8513143926221, vstest.console.dll, None of the sources provided any runnable platform, using the default platform: X64
TpTrace Information: 0 : 14288, 1, 2024/06/11, 16:06:37.639, 8513143927816, vstest.console.dll, Platform was updated to 'X64'.
TpTrace Information: 0 : 14288, 1, 2024/06/11, 16:06:37.644, 8513143972968, vstest.console.dll, InferRunSettingsHelper.IsTestSettingsEnabled: Unable to navigate to RunSettings/MSTest. Current node: RunSettings
TpTrace Information: 0 : 14288, 1, 2024/06/11, 16:06:37.645, 8513143981293, vstest.console.dll, AssemblyResolver.OnResolve: Microsoft.VisualStudio.TestPlatform.Fakes: Resolving assembly.
TpTrace Information: 0 : 14288, 1, 2024/06/11, 16:06:37.645, 8513143982282, vstest.console.dll, AssemblyResolver.OnResolve: Microsoft.VisualStudio.TestPlatform.Fakes: Searching in: 'C:\Program Files\dotnet\sdk\8.0.301\Extensions'.
TpTrace Information: 0 : 14288, 1, 2024/06/11, 16:06:37.645, 8513143983425, vstest.console.dll, AssemblyResolver.OnResolve: Microsoft.VisualStudio.TestPlatform.Fakes: Assembly path does not exist: 'C:\Program Files\dotnet\sdk\8.0.301\Extensions\Microsoft.VisualStudio.TestPlatform.Fakes.dll', returning.
TpTrace Information: 0 : 14288, 1, 2024/06/11, 16:06:37.645, 8513143984401, vstest.console.dll, AssemblyResolver.OnResolve: Microsoft.VisualStudio.TestPlatform.Fakes: Assembly path does not exist: 'C:\Program Files\dotnet\sdk\8.0.301\Extensions\Microsoft.VisualStudio.TestPlatform.Fakes.exe', returning.
TpTrace Information: 0 : 14288, 1, 2024/06/11, 16:06:37.645, 8513143984942, vstest.console.dll, AssemblyResolver.OnResolve: Microsoft.VisualStudio.TestPlatform.Fakes: Searching in: 'C:\Program Files\dotnet\sdk\8.0.301'.
TpTrace Information: 0 : 14288, 1, 2024/06/11, 16:06:37.645, 8513143985845, vstest.console.dll, AssemblyResolver.OnResolve: Microsoft.VisualStudio.TestPlatform.Fakes: Assembly path does not exist: 'C:\Program Files\dotnet\sdk\8.0.301\Microsoft.VisualStudio.TestPlatform.Fakes.dll', returning.
TpTrace Information: 0 : 14288, 1, 2024/06/11, 16:06:37.645, 8513143986833, vstest.console.dll, AssemblyResolver.OnResolve: Microsoft.VisualStudio.TestPlatform.Fakes: Assembly path does not exist: 'C:\Program Files\dotnet\sdk\8.0.301\Microsoft.VisualStudio.TestPlatform.Fakes.exe', returning.
TpTrace Information: 0 : 14288, 1, 2024/06/11, 16:06:37.645, 8513143987349, vstest.console.dll, AssemblyResolver.OnResolve: Microsoft.VisualStudio.TestPlatform.Fakes: Failed to load assembly.
TpTrace Information: 0 : 14288, 1, 2024/06/11, 16:06:37.646, 8513143991017, vstest.console.dll, Failed to load assembly Microsoft.VisualStudio.TestPlatform.Fakes, Version=17.0.0.0, Culture=neutral. Reason:System.IO.FileNotFoundException: Could not load file or assembly 'Microsoft.VisualStudio.TestPlatform.Fakes, Version=17.0.0.0, Culture=neutral, PublicKeyToken=null'. The system cannot find the file specified.
File name: 'Microsoft.VisualStudio.TestPlatform.Fakes, Version=17.0.0.0, Culture=neutral, PublicKeyToken=null'
   at System.Reflection.RuntimeAssembly.InternalLoad(AssemblyName assemblyName, StackCrawlMark& stackMark, AssemblyLoadContext assemblyLoadContext, RuntimeAssembly requestingAssembly, Boolean throwOnFileNotFound)
   at System.Reflection.Assembly.Load(AssemblyName assemblyRef)
   at Microsoft.VisualStudio.TestPlatform.Common.Utilities.FakesUtilities.LoadTestPlatformAssembly() in /_/src/Microsoft.TestPlatform.Common/Utilities/FakesUtilities.cs:line 272
TpTrace Verbose: 0 : 14288, 1, 2024/06/11, 16:06:37.650, 8513144038437, vstest.console.dll, TestPluginCache.DiscoverTestExtensions: finding test extensions in assemblies ends with: TestLogger.dll TPluginInfo: Microsoft.VisualStudio.TestPlatform.Common.ExtensionFramework.Utilities.TestLoggerPluginInformation TExtension: Microsoft.VisualStudio.TestPlatform.ObjectModel.Client.ITestLogger
TpTrace Verbose: 0 : 14288, 1, 2024/06/11, 16:06:37.651, 8513144040153, vstest.console.dll, TestPluginCache.GetExtensionPaths: Filtered extension paths: 
TpTrace Verbose: 0 : 14288, 1, 2024/06/11, 16:06:37.651, 8513144041032, vstest.console.dll, TestPluginCache.GetExtensionPaths: Added default extension paths: C:\Program Files\dotnet\sdk\8.0.301\Extensions\Microsoft.Diagnostics.NETCore.Client.dll
C:\Program Files\dotnet\sdk\8.0.301\Extensions\Microsoft.TestPlatform.Extensions.BlameDataCollector.dll
C:\Program Files\dotnet\sdk\8.0.301\Extensions\Microsoft.TestPlatform.Extensions.EventLogCollector.dll
C:\Program Files\dotnet\sdk\8.0.301\Extensions\Microsoft.TestPlatform.TestHostRuntimeProvider.dll
C:\Program Files\dotnet\sdk\8.0.301\Extensions\Microsoft.VisualStudio.TestPlatform.Extensions.Html.TestLogger.dll
C:\Program Files\dotnet\sdk\8.0.301\Extensions\Microsoft.VisualStudio.TestPlatform.Extensions.Trx.TestLogger.dll
TpTrace Verbose: 0 : 14288, 1, 2024/06/11, 16:06:37.651, 8513144041567, vstest.console.dll, TestPluginCache.GetExtensionPaths: Added unfilterableExtensionPaths: 
TpTrace Information: 0 : 14288, 1, 2024/06/11, 16:06:37.651, 8513144043359, vstest.console.dll, AssemblyResolver.AddSearchDirectories: Adding more searchDirectories C:\Program Files\dotnet\sdk\8.0.301\Extensions,C:\Program Files\dotnet\sdk\8.0.301
TpTrace Verbose: 0 : 14288, 1, 2024/06/11, 16:06:37.651, 8513144044099, vstest.console.dll, TestPluginCache.DiscoverTestExtensions: Discovering the extensions using extension path.
TpTrace Verbose: 0 : 14288, 1, 2024/06/11, 16:06:37.651, 8513144044678, vstest.console.dll, TestPluginCache.GetExtensionPaths: Filtered extension paths: 
TpTrace Verbose: 0 : 14288, 1, 2024/06/11, 16:06:37.651, 8513144045231, vstest.console.dll, TestPluginCache.GetExtensionPaths: Added default extension paths: C:\Program Files\dotnet\sdk\8.0.301\Extensions\Microsoft.Diagnostics.NETCore.Client.dll
C:\Program Files\dotnet\sdk\8.0.301\Extensions\Microsoft.TestPlatform.Extensions.BlameDataCollector.dll
C:\Program Files\dotnet\sdk\8.0.301\Extensions\Microsoft.TestPlatform.Extensions.EventLogCollector.dll
C:\Program Files\dotnet\sdk\8.0.301\Extensions\Microsoft.TestPlatform.TestHostRuntimeProvider.dll
C:\Program Files\dotnet\sdk\8.0.301\Extensions\Microsoft.VisualStudio.TestPlatform.Extensions.Html.TestLogger.dll
C:\Program Files\dotnet\sdk\8.0.301\Extensions\Microsoft.VisualStudio.TestPlatform.Extensions.Trx.TestLogger.dll
TpTrace Verbose: 0 : 14288, 1, 2024/06/11, 16:06:37.651, 8513144045705, vstest.console.dll, TestPluginCache.GetExtensionPaths: Added unfilterableExtensionPaths: 
TpTrace Verbose: 0 : 14288, 1, 2024/06/11, 16:06:37.651, 8513144046301, vstest.console.dll, TestPluginCache.DiscoverTestExtensions: Discovering the extensions using allExtensionPaths: C:\Program Files\dotnet\sdk\8.0.301\Extensions\Microsoft.Diagnostics.NETCore.Client.dll
C:\Program Files\dotnet\sdk\8.0.301\Extensions\Microsoft.TestPlatform.Extensions.BlameDataCollector.dll
C:\Program Files\dotnet\sdk\8.0.301\Extensions\Microsoft.TestPlatform.Extensions.EventLogCollector.dll
C:\Program Files\dotnet\sdk\8.0.301\Extensions\Microsoft.TestPlatform.TestHostRuntimeProvider.dll
C:\Program Files\dotnet\sdk\8.0.301\Extensions\Microsoft.VisualStudio.TestPlatform.Extensions.Html.TestLogger.dll
C:\Program Files\dotnet\sdk\8.0.301\Extensions\Microsoft.VisualStudio.TestPlatform.Extensions.Trx.TestLogger.dll
TpTrace Information: 0 : 14288, 1, 2024/06/11, 16:06:37.651, 8513144047620, vstest.console.dll, AssemblyResolver.AddSearchDirectories: Adding more searchDirectories C:\Program Files\dotnet\sdk\8.0.301\Extensions,C:\Program Files\dotnet\sdk\8.0.301
TpTrace Information: 0 : 14288, 1, 2024/06/11, 16:06:37.651, 8513144048377, vstest.console.dll, AssemblyResolver.AddSearchDirectories: Adding more searchDirectories C:\Program Files\dotnet\sdk\8.0.301\Extensions,C:\Program Files\dotnet\sdk\8.0.301
TpTrace Information: 0 : 14288, 1, 2024/06/11, 16:06:37.651, 8513144048925, vstest.console.dll, AssemblyResolver.AddSearchDirectories: Adding more searchDirectories C:\Program Files\dotnet\sdk\8.0.301\Extensions,C:\Program Files\dotnet\sdk\8.0.301
TpTrace Information: 0 : 14288, 1, 2024/06/11, 16:06:37.651, 8513144049471, vstest.console.dll, AssemblyResolver.AddSearchDirectories: Adding more searchDirectories C:\Program Files\dotnet\sdk\8.0.301\Extensions,C:\Program Files\dotnet\sdk\8.0.301
TpTrace Information: 0 : 14288, 1, 2024/06/11, 16:06:37.652, 8513144049980, vstest.console.dll, AssemblyResolver.AddSearchDirectories: Adding more searchDirectories C:\Program Files\dotnet\sdk\8.0.301\Extensions,C:\Program Files\dotnet\sdk\8.0.301
TpTrace Information: 0 : 14288, 1, 2024/06/11, 16:06:37.652, 8513144050580, vstest.console.dll, AssemblyResolver.AddSearchDirectories: Adding more searchDirectories C:\Program Files\dotnet\sdk\8.0.301\Extensions,C:\Program Files\dotnet\sdk\8.0.301
TpTrace Verbose: 0 : 14288, 1, 2024/06/11, 16:06:37.652, 8513144052385, vstest.console.dll, MetadataReaderExtensionsHelper: Discovering extensions inside assembly 'Microsoft.Diagnostics.NETCore.Client, Version=0.2.10.15101, Culture=neutral, PublicKeyToken=31bf3856ad364e35' file path 'C:\Program Files\dotnet\sdk\8.0.301\Extensions\Microsoft.Diagnostics.NETCore.Client.dll'
TpTrace Information: 0 : 14288, 1, 2024/06/11, 16:06:37.653, 8513144064866, vstest.console.dll, AssemblyResolver.OnResolve: Microsoft.Bcl.AsyncInterfaces: Resolving assembly.
TpTrace Information: 0 : 14288, 1, 2024/06/11, 16:06:37.653, 8513144065809, vstest.console.dll, AssemblyResolver.OnResolve: Microsoft.Bcl.AsyncInterfaces: Resolved from cache.
TpTrace Verbose: 0 : 14288, 1, 2024/06/11, 16:06:37.653, 8513144066363, vstest.console.dll, CurrentDomainAssemblyResolve: Resolving assembly 'Microsoft.Bcl.AsyncInterfaces'.
TpTrace Information: 0 : 14288, 1, 2024/06/11, 16:06:37.653, 8513144067165, vstest.console.dll, AssemblyResolver.OnResolve: Microsoft.Bcl.AsyncInterfaces: Resolving assembly.
TpTrace Information: 0 : 14288, 1, 2024/06/11, 16:06:37.653, 8513144067763, vstest.console.dll, AssemblyResolver.OnResolve: Microsoft.Bcl.AsyncInterfaces: Resolved from cache.
TpTrace Verbose: 0 : 14288, 1, 2024/06/11, 16:06:37.653, 8513144068249, vstest.console.dll, CurrentDomainAssemblyResolve: Resolving assembly 'Microsoft.Bcl.AsyncInterfaces'.
TpTrace Verbose: 0 : 14288, 1, 2024/06/11, 16:06:37.653, 8513144068721, vstest.console.dll, CurrentDomainAssemblyResolve: Failed to resolve assembly 'Microsoft.Bcl.AsyncInterfaces'.
TpTrace Verbose: 0 : 14288, 1, 2024/06/11, 16:06:37.654, 8513144070812, vstest.console.dll, CurrentDomainAssemblyResolve: Failed to resolve assembly 'Microsoft.Bcl.AsyncInterfaces'.
TpTrace Warning: 0 : 14288, 1, 2024/06/11, 16:06:37.654, 8513144076050, vstest.console.dll, TestPluginDiscoverer: Failed to get types from assembly 'Microsoft.Diagnostics.NETCore.Client, Version=0.2.10.15101, Culture=neutral, PublicKeyToken=31bf3856ad364e35'. Error: System.Reflection.ReflectionTypeLoadException: Unable to load one or more of the requested types.
Could not load file or assembly 'Microsoft.Bcl.AsyncInterfaces, Version=6.0.0.0, Culture=neutral, PublicKeyToken=cc7b13ffcd2ddd51'. The system cannot find the file specified.
   at System.Reflection.RuntimeModule.GetTypes(RuntimeModule module)
   at System.Reflection.RuntimeModule.GetTypes()
   at Microsoft.VisualStudio.TestPlatform.Common.ExtensionFramework.TestPluginDiscoverer.GetTestExtensionsFromAssembly[TPluginInfo,TExtension](Assembly assembly, Dictionary`2 pluginInfos, String filePath) in /_/src/Microsoft.TestPlatform.Common/ExtensionFramework/TestPluginDiscoverer.cs:line 158
System.IO.FileNotFoundException: Could not load file or assembly 'Microsoft.Bcl.AsyncInterfaces, Version=6.0.0.0, Culture=neutral, PublicKeyToken=cc7b13ffcd2ddd51'. The system cannot find the file specified.
File name: 'Microsoft.Bcl.AsyncInterfaces, Version=6.0.0.0, Culture=neutral, PublicKeyToken=cc7b13ffcd2ddd51'
 ---> System.IO.FileNotFoundException: Could not load file or assembly 'Microsoft.Bcl.AsyncInterfaces, Culture=neutral, PublicKeyToken=null'. The system cannot find the file specified.
File name: 'Microsoft.Bcl.AsyncInterfaces, Culture=neutral, PublicKeyToken=null'
   at System.Reflection.RuntimeAssembly.InternalLoad(AssemblyName assemblyName, StackCrawlMark& stackMark, AssemblyLoadContext assemblyLoadContext, RuntimeAssembly requestingAssembly, Boolean throwOnFileNotFound)
   at System.Reflection.Assembly.Load(AssemblyName assemblyRef)
   at Microsoft.VisualStudio.TestPlatform.Common.ExtensionFramework.TestPluginCache.CurrentDomainAssemblyResolve(Object sender, AssemblyResolveEventArgs args) in /_/src/Microsoft.TestPlatform.Common/ExtensionFramework/TestPluginCache.cs:line 513
   at System.Runtime.Loader.AssemblyLoadContext.GetFirstResolvedAssemblyFromResolvingEvent(AssemblyName assemblyName)
   at System.Runtime.Loader.AssemblyLoadContext.ResolveUsingEvent(AssemblyName assemblyName)
   at System.Runtime.Loader.AssemblyLoadContext.ResolveUsingResolvingEvent(IntPtr gchManagedAssemblyLoadContext, AssemblyName assemblyName)
TpTrace Warning: 0 : 14288, 1, 2024/06/11, 16:06:37.654, 8513144078765, vstest.console.dll, LoaderExceptions: System.IO.FileNotFoundException: Could not load file or assembly 'Microsoft.Bcl.AsyncInterfaces, Version=6.0.0.0, Culture=neutral, PublicKeyToken=cc7b13ffcd2ddd51'. The system cannot find the file specified.
File name: 'Microsoft.Bcl.AsyncInterfaces, Version=6.0.0.0, Culture=neutral, PublicKeyToken=cc7b13ffcd2ddd51'
 ---> System.IO.FileNotFoundException: Could not load file or assembly 'Microsoft.Bcl.AsyncInterfaces, Culture=neutral, PublicKeyToken=null'. The system cannot find the file specified.
File name: 'Microsoft.Bcl.AsyncInterfaces, Culture=neutral, PublicKeyToken=null'
   at System.Reflection.RuntimeAssembly.InternalLoad(AssemblyName assemblyName, StackCrawlMark& stackMark, AssemblyLoadContext assemblyLoadContext, RuntimeAssembly requestingAssembly, Boolean throwOnFileNotFound)
   at System.Reflection.Assembly.Load(AssemblyName assemblyRef)
   at Microsoft.VisualStudio.TestPlatform.Common.ExtensionFramework.TestPluginCache.CurrentDomainAssemblyResolve(Object sender, AssemblyResolveEventArgs args) in /_/src/Microsoft.TestPlatform.Common/ExtensionFramework/TestPluginCache.cs:line 513
   at System.Runtime.Loader.AssemblyLoadContext.GetFirstResolvedAssemblyFromResolvingEvent(AssemblyName assemblyName)
   at System.Runtime.Loader.AssemblyLoadContext.ResolveUsingEvent(AssemblyName assemblyName)
   at System.Runtime.Loader.AssemblyLoadContext.ResolveUsingResolvingEvent(IntPtr gchManagedAssemblyLoadContext, AssemblyName assemblyName)
TpTrace Verbose: 0 : 14288, 1, 2024/06/11, 16:06:37.655, 8513144080130, vstest.console.dll, MetadataReaderExtensionsHelper: Discovering extensions inside assembly 'Microsoft.TestPlatform.Extensions.BlameDataCollector, Version=15.0.0.0, Culture=neutral, PublicKeyToken=b03f5f7f11d50a3a' file path 'C:\Program Files\dotnet\sdk\8.0.301\Extensions\Microsoft.TestPlatform.Extensions.BlameDataCollector.dll'
TpTrace Information: 0 : 14288, 1, 2024/06/11, 16:06:37.655, 8513144088646, vstest.console.dll, GetTestExtensionFromType: Register extension with identifier data 'logger://Microsoft/TestPlatform/Extensions/Blame/v1' and type 'Microsoft.TestPlatform.Extensions.BlameDataCollector.BlameLogger, Microsoft.TestPlatform.Extensions.BlameDataCollector, Version=15.0.0.0, Culture=neutral, PublicKeyToken=b03f5f7f11d50a3a' inside file 'C:\Program Files\dotnet\sdk\8.0.301\Extensions\Microsoft.TestPlatform.Extensions.BlameDataCollector.dll'
TpTrace Verbose: 0 : 14288, 1, 2024/06/11, 16:06:37.655, 8513144089710, vstest.console.dll, MetadataReaderExtensionsHelper: Discovering extensions inside assembly 'Microsoft.TestPlatform.Extensions.EventLogCollector, Version=15.0.0.0, Culture=neutral, PublicKeyToken=b03f5f7f11d50a3a' file path 'C:\Program Files\dotnet\sdk\8.0.301\Extensions\Microsoft.TestPlatform.Extensions.EventLogCollector.dll'
TpTrace Verbose: 0 : 14288, 1, 2024/06/11, 16:06:37.656, 8513144095702, vstest.console.dll, MetadataReaderExtensionsHelper: Discovering extensions inside assembly 'Microsoft.TestPlatform.TestHostRuntimeProvider, Version=15.0.0.0, Culture=neutral, PublicKeyToken=b03f5f7f11d50a3a' file path 'C:\Program Files\dotnet\sdk\8.0.301\Extensions\Microsoft.TestPlatform.TestHostRuntimeProvider.dll'
TpTrace Verbose: 0 : 14288, 1, 2024/06/11, 16:06:37.657, 8513144101909, vstest.console.dll, MetadataReaderExtensionsHelper: Discovering extensions inside assembly 'Microsoft.VisualStudio.TestPlatform.Extensions.Html.TestLogger, Version=15.0.0.0, Culture=neutral, PublicKeyToken=b03f5f7f11d50a3a' file path 'C:\Program Files\dotnet\sdk\8.0.301\Extensions\Microsoft.VisualStudio.TestPlatform.Extensions.Html.TestLogger.dll'
TpTrace Information: 0 : 14288, 1, 2024/06/11, 16:06:37.658, 8513144111706, vstest.console.dll, GetTestExtensionFromType: Register extension with identifier data 'logger://Microsoft/TestPlatform/HtmlLogger/v1' and type 'Microsoft.VisualStudio.TestPlatform.Extensions.HtmlLogger.HtmlLogger, Microsoft.VisualStudio.TestPlatform.Extensions.Html.TestLogger, Version=15.0.0.0, Culture=neutral, PublicKeyToken=b03f5f7f11d50a3a' inside file 'C:\Program Files\dotnet\sdk\8.0.301\Extensions\Microsoft.VisualStudio.TestPlatform.Extensions.Html.TestLogger.dll'
TpTrace Verbose: 0 : 14288, 1, 2024/06/11, 16:06:37.658, 8513144112772, vstest.console.dll, MetadataReaderExtensionsHelper: Discovering extensions inside assembly 'Microsoft.VisualStudio.TestPlatform.Extensions.Trx.TestLogger, Version=15.0.0.0, Culture=neutral, PublicKeyToken=b03f5f7f11d50a3a' file path 'C:\Program Files\dotnet\sdk\8.0.301\Extensions\Microsoft.VisualStudio.TestPlatform.Extensions.Trx.TestLogger.dll'
TpTrace Information: 0 : 14288, 1, 2024/06/11, 16:06:37.659, 8513144120603, vstest.console.dll, GetTestExtensionFromType: Register extension with identifier data 'logger://Microsoft/TestPlatform/TrxLogger/v1' and type 'Microsoft.VisualStudio.TestPlatform.Extensions.TrxLogger.TrxLogger, Microsoft.VisualStudio.TestPlatform.Extensions.Trx.TestLogger, Version=15.0.0.0, Culture=neutral, PublicKeyToken=b03f5f7f11d50a3a' inside file 'C:\Program Files\dotnet\sdk\8.0.301\Extensions\Microsoft.VisualStudio.TestPlatform.Extensions.Trx.TestLogger.dll'
TpTrace Verbose: 0 : 14288, 1, 2024/06/11, 16:06:37.659, 8513144121659, vstest.console.dll, TestPluginCache: Discovered the extensions using extension path ''.
TpTrace Verbose: 0 : 14288, 1, 2024/06/11, 16:06:37.659, 8513144122230, vstest.console.dll, TestPluginCache: Discoverers are ''.
TpTrace Verbose: 0 : 14288, 1, 2024/06/11, 16:06:37.659, 8513144122622, vstest.console.dll, TestPluginCache: Executors are ''.
TpTrace Verbose: 0 : 14288, 1, 2024/06/11, 16:06:37.659, 8513144122996, vstest.console.dll, TestPluginCache: Executors2 are ''.
TpTrace Verbose: 0 : 14288, 1, 2024/06/11, 16:06:37.659, 8513144123353, vstest.console.dll, TestPluginCache: Setting providers are ''.
TpTrace Verbose: 0 : 14288, 1, 2024/06/11, 16:06:37.659, 8513144124441, vstest.console.dll, TestPluginCache: Loggers are 'logger://Microsoft/TestPlatform/Extensions/Blame/v1,logger://Microsoft/TestPlatform/HtmlLogger/v1,logger://Microsoft/TestPlatform/TrxLogger/v1'.
TpTrace Verbose: 0 : 14288, 1, 2024/06/11, 16:06:37.659, 8513144125191, vstest.console.dll, TestPluginCache: TestHosts are 'HostProvider://DefaultTestHost,HostProvider://DotnetTestHost'.
TpTrace Verbose: 0 : 14288, 1, 2024/06/11, 16:06:37.659, 8513144125748, vstest.console.dll, TestPluginCache: DataCollectors are ''.
TpTrace Information: 0 : 14288, 1, 2024/06/11, 16:06:37.660, 8513144139132, vstest.console.dll, TestPluginManager.CreateTestExtension: Attempting to load test extension: Microsoft.TestPlatform.Extensions.BlameDataCollector.BlameLogger
TpTrace Verbose: 0 : 14288, 1, 2024/06/11, 16:06:37.672, 8513144256786, vstest.console.dll, TestEngine: Initializing Parallel Execution as MaxCpuCount is set to: 1
TpTrace Information: 0 : 14288, 1, 2024/06/11, 16:06:37.674, 8513144274647, vstest.console.dll, TestPluginManager.CreateTestExtension: Attempting to load test extension: Microsoft.VisualStudio.TestPlatform.CrossPlatEngine.Hosting.DefaultTestHostManager
TpTrace Information: 0 : 14288, 1, 2024/06/11, 16:06:37.675, 8513144288126, vstest.console.dll, TestPluginManager.CreateTestExtension: Attempting to load test extension: Microsoft.VisualStudio.TestPlatform.CrossPlatEngine.Hosting.DotnetTestHostManager
TpTrace Information: 0 : 14288, 1, 2024/06/11, 16:06:37.676, 8513144295742, vstest.console.dll, InferRunSettingsHelper.IsTestSettingsEnabled: Unable to navigate to RunSettings/MSTest. Current node: RunSettings
TpTrace Verbose: 0 : 14288, 1, 2024/06/11, 16:06:37.677, 8513144302244, vstest.console.dll, ParallelOperationManager.ClearSlots: Clearing all slots. Slots should accept more work: True
TpTrace Verbose: 0 : 14288, 1, 2024/06/11, 16:06:37.678, 8513144310231, vstest.console.dll, ParallelOperationManager.SetOccupiedSlotCount: Setting slot counts AvailableSlotCount = 1, OccupiedSlotCount = 0.
TpTrace Verbose: 0 : 14288, 1, 2024/06/11, 16:06:37.678, 8513144314507, vstest.console.dll, Occupied slots:

TpTrace Verbose: 0 : 14288, 1, 2024/06/11, 16:06:37.682, 8513144359027, vstest.console.dll, TestEngine.GetExecutionManager: Chosen execution manager 'Microsoft.VisualStudio.TestPlatform.CrossPlatEngine.Client.Parallel.ParallelProxyExecutionManager, Microsoft.TestPlatform.CrossPlatEngine, Version=15.0.0.0, Culture=neutral, PublicKeyToken=b03f5f7f11d50a3a' ParallelLevel '1'.
TpTrace Verbose: 0 : 14288, 1, 2024/06/11, 16:06:37.683, 8513144361035, vstest.console.dll, TestRunRequest.ExecuteAsync: Creating test run request.
TpTrace Verbose: 0 : 14288, 1, 2024/06/11, 16:06:37.683, 8513144364191, vstest.console.dll, TestRunRequest.ExecuteAsync: Starting.
TpTrace Information: 0 : 14288, 1, 2024/06/11, 16:06:37.685, 8513144380003, vstest.console.dll, TestRunRequest.ExecuteAsync: Starting run with settings:TestRunCriteria:
   KeepAlive=False,FrequencyOfRunStatsChangeEvent=10,RunStatsChangeEventTimeout=00:00:01.5000000,TestCaseFilter=,TestExecutorLauncher=
   Settingsxml=<RunSettings>
  <RunConfiguration>
    <ResultsDirectory>C:\Users\mahyo\source\repos\GameService\Game.Core.Services.Tests\bin\Debug\net7.0\fine-code-coverage\coverage-tool-output</ResultsDirectory>
    <TargetPlatform>X64</TargetPlatform>
    <TargetFrameworkVersion>.NETCoreApp,Version=v7.0</TargetFrameworkVersion>
    <DesignMode>False</DesignMode>
    <CollectSourceInformation>False</CollectSourceInformation>
  </RunConfiguration>
  <LoggerRunSettings>
    <Loggers>
      <Logger friendlyName="blame" enabled="True" />
      <Logger friendlyName="Console" uri="logger://microsoft/TestPlatform/ConsoleLogger/v1" assemblyQualifiedName="Microsoft.VisualStudio.TestPlatform.CommandLine.Internal.ConsoleLogger, vstest.console, Version=15.0.0.0, Culture=neutral, PublicKeyToken=b03f5f7f11d50a3a" codeBase="C:\Program Files\dotnet\sdk\8.0.301\vstest.console.dll" enabled="True" />
    </Loggers>
  </LoggerRunSettings>
  <DataCollectionRunSettings>
    <DataCollectors>
      <DataCollector friendlyName="blame" enabled="True">
        <Configuration>
          <ResultsDirectory>C:\Users\mahyo\source\repos\GameService\Game.Core.Services.Tests\bin\Debug\net7.0\fine-code-coverage\coverage-tool-output</ResultsDirectory>
        </Configuration>
      </DataCollector>
    </DataCollectors>
  </DataCollectionRunSettings>
</RunSettings>

TpTrace Verbose: 0 : 14288, 1, 2024/06/11, 16:06:37.685, 8513144381067, vstest.console.dll, TestRunRequest.ExecuteAsync: Wait for the first run request is over.
TpTrace Verbose: 0 : 14288, 1, 2024/06/11, 16:06:37.685, 8513144385599, vstest.console.dll, MulticastDelegateUtilities.SafeInvoke: TestRun.TestRunStart: Invoking callbacks was skipped because there are no subscribers.
TpTrace Verbose: 0 : 14288, 4, 2024/06/11, 16:06:37.685, 8513144387453, vstest.console.dll, MulticastDelegateUtilities.SafeInvoke: InternalTestLoggerEvents.SendTestRunStart: Invoking callback 1/1 for Microsoft.VisualStudio.TestPlatform.CommandLine.Internal.ConsoleLogger., took 0 ms.
TpTrace Verbose: 0 : 14288, 1, 2024/06/11, 16:06:37.687, 8513144400413, vstest.console.dll, ParallelProxyExecutionManager: Start execution. Total sources: 1
TpTrace Verbose: 0 : 14288, 1, 2024/06/11, 16:06:37.687, 8513144404747, vstest.console.dll, ParallelOperationManager.StartWork: Starting adding 1 workloads.
TpTrace Verbose: 0 : 14288, 1, 2024/06/11, 16:06:37.687, 8513144405713, vstest.console.dll, ParallelOperationManager.ClearSlots: Clearing all slots. Slots should accept more work: True
TpTrace Verbose: 0 : 14288, 1, 2024/06/11, 16:06:37.687, 8513144406805, vstest.console.dll, ParallelOperationManager.SetOccupiedSlotCount: Setting slot counts AvailableSlotCount = 1, OccupiedSlotCount = 0.
TpTrace Verbose: 0 : 14288, 1, 2024/06/11, 16:06:37.687, 8513144407457, vstest.console.dll, Occupied slots:

TpTrace Verbose: 0 : 14288, 1, 2024/06/11, 16:06:37.689, 8513144424073, vstest.console.dll, TestRequestSender is acting as server.
TpTrace Verbose: 0 : 14288, 1, 2024/06/11, 16:06:37.690, 8513144434902, vstest.console.dll, ParallelOperationManager.RunWorkInParallel: Adding 1 workload to slot, remaining workloads 0.
TpTrace Verbose: 0 : 14288, 1, 2024/06/11, 16:06:37.690, 8513144435672, vstest.console.dll, ParallelOperationManager.SetOccupiedSlotCount: Setting slot counts AvailableSlotCount = 0, OccupiedSlotCount = 1.
TpTrace Verbose: 0 : 14288, 1, 2024/06/11, 16:06:37.690, 8513144436816, vstest.console.dll, Occupied slots:
0: C:\Users\mahyo\source\repos\GameService\Game.Core.Services.Tests\bin\Debug\net7.0\fine-code-coverage\build-output\Game.Core.Services.Tests.dll
TpTrace Verbose: 0 : 14288, 1, 2024/06/11, 16:06:37.691, 8513144448038, vstest.console.dll, ParallelOperationManager.RunWorkInParallel: Started host in slot number 0 for work (source): C:\Users\mahyo\source\repos\GameService\Game.Core.Services.Tests\bin\Debug\net7.0\fine-code-coverage\build-output\Game.Core.Services.Tests.dll.
TpTrace Verbose: 0 : 14288, 1, 2024/06/11, 16:06:37.692, 8513144455469, vstest.console.dll, ParallelOperationManager.RunWorkInParallel: We started 1 work items, which is the max parallel level. Won't start more work.
TpTrace Verbose: 0 : 14288, 1, 2024/06/11, 16:06:37.692, 8513144456042, vstest.console.dll, ParallelOperationManager.RunWorkInParallel: We started 1 work items in here, returning True.
TpTrace Information: 0 : 14288, 1, 2024/06/11, 16:06:37.692, 8513144456399, vstest.console.dll, TestRunRequest.ExecuteAsync: Started.
TpTrace Verbose: 0 : 14288, 5, 2024/06/11, 16:06:37.692, 8513144457372, vstest.console.dll, ParallelProxyExecutionManager.StartTestRunOnConcurrentManager: Initializing uninitialized client. Started clients: 0
TpTrace Verbose: 0 : 14288, 5, 2024/06/11, 16:06:37.692, 8513144458858, vstest.console.dll, DataCollectionRequestSender.InitializeCommunication : Initialize communication. 
TpTrace Verbose: 0 : 14288, 1, 2024/06/11, 16:06:37.693, 8513144462416, vstest.console.dll, TestRunRequest.WaitForCompletion: Waiting with timeout -1.
TpTrace Information: 0 : 14288, 5, 2024/06/11, 16:06:37.699, 8513144526607, vstest.console.dll, Listening on Endpoint : 127.0.0.1:52114
TpTrace Verbose: 0 : 14288, 5, 2024/06/11, 16:06:37.705, 8513144588399, vstest.console.dll, DotnetDataCollectionLauncher: Adding  --runtimeconfig "C:\Program Files\dotnet\sdk\8.0.301\datacollector.runtimeconfig.json" in args
TpTrace Verbose: 0 : 14288, 5, 2024/06/11, 16:06:37.705, 8513144589691, vstest.console.dll, DotnetDataCollectionLauncher: Adding  --depsfile "C:\Program Files\dotnet\sdk\8.0.301\datacollector.deps.json" in args
TpTrace Verbose: 0 : 14288, 5, 2024/06/11, 16:06:37.706, 8513144591131, vstest.console.dll, DotnetDataCollectionLauncher: Full path of dotnet.exe is C:\Program Files\dotnet\dotnet.exe
TpTrace Information: 0 : 14288, 5, 2024/06/11, 16:06:37.712, 8513144658018, vstest.console.dll, ProxyDataCollectionManager.Initialize: Launched datacollector processId: 24476 port: 52114
TpTrace Information: 0 : 14288, 5, 2024/06/11, 16:06:37.712, 8513144659675, vstest.console.dll, ProxyDataCollectionManager.Initialize: waiting for connection with timeout: 90 seconds
TpTrace Verbose: 0 : 14288, 5, 2024/06/11, 16:06:37.713, 8513144660487, vstest.console.dll, DataCollectionRequestSender.WaitForRequestHandlerConnection : Waiting for connection with timeout: 90000
TpTrace Information: 0 : 14288, 7, 2024/06/11, 16:06:37.897, 8513146509311, vstest.console.dll, Using the buffer size of 16384 bytes
TpTrace Verbose: 0 : 14288, 5, 2024/06/11, 16:06:37.897, 8513146509373, vstest.console.dll, SocketCommunicationManager.WaitForClientConnection took: 184 ms, with 90000 ms timeout, and finished with True.
TpTrace Information: 0 : 14288, 7, 2024/06/11, 16:06:37.898, 8513146510571, vstest.console.dll, Accepted Client request and set the flag
TpTrace Verbose: 0 : 14288, 5, 2024/06/11, 16:06:37.898, 8513146512016, vstest.console.dll, ProxyDataCollectionManager.InvokeDataCollectionServiceAction: Starting.
TpTrace Information: 0 : 14288, 5, 2024/06/11, 16:06:37.898, 8513146513216, vstest.console.dll, ProxyDataCollectionManager.BeforeTestRunStart: Get environment variable and port for datacollector processId: 24476 port: 52114
TpTrace Verbose: 0 : 14288, 5, 2024/06/11, 16:06:37.898, 8513146514998, vstest.console.dll, DataCollectionRequestSender.SendBeforeTestRunStartAndGetResult: Send BeforeTestRunStart message with settingsXml <RunSettings><RunConfiguration><ResultsDirectory>C:\Users\mahyo\source\repos\GameService\Game.Core.Services.Tests\bin\Debug\net7.0\fine-code-coverage\coverage-tool-output</ResultsDirectory><TargetPlatform>X64</TargetPlatform><TargetFrameworkVersion>.NETCoreApp,Version=v7.0</TargetFrameworkVersion><DesignMode>False</DesignMode><CollectSourceInformation>False</CollectSourceInformation><TestAdaptersPaths>C:\Program Files\dotnet\sdk\8.0.301\Extensions</TestAdaptersPaths></RunConfiguration><LoggerRunSettings><Loggers><Logger friendlyName="blame" enabled="True" /><Logger friendlyName="Console" uri="logger://microsoft/TestPlatform/ConsoleLogger/v1" assemblyQualifiedName="Microsoft.VisualStudio.TestPlatform.CommandLine.Internal.ConsoleLogger, vstest.console, Version=15.0.0.0, Culture=neutral, PublicKeyToken=b03f5f7f11d50a3a" codeBase="C:\Program Files\dotnet\sdk\8.0.301\vstest.console.dll" enabled="True" /></Loggers></LoggerRunSettings><DataCollectionRunSettings><DataCollectors><DataCollector friendlyName="blame" enabled="True"><Configuration><ResultsDirectory>C:\Users\mahyo\source\repos\GameService\Game.Core.Services.Tests\bin\Debug\net7.0\fine-code-coverage\coverage-tool-output</ResultsDirectory></Configuration></DataCollector></DataCollectors></DataCollectionRunSettings></RunSettings> and sources System.Collections.Generic.List`1[System.String]: 
TpTrace Verbose: 0 : 14288, 5, 2024/06/11, 16:06:37.987, 8513147401298, vstest.console.dll, DataCollectionRequestSender.SendBeforeTestRunStartAndGetResult: Received message: (DataCollection.SendMessage) -> {"MessageType":"DataCollection.SendMessage","Payload":{"FriendlyName":null,"Uri":null,"TestCaseId":"00000000-0000-0000-0000-000000000000","Message":"Logging DataCollector Diagnostics in file: C:\\Users\\mahyo\\source\\repos\\GameService\\Game.Core.Services.Tests\\bin\\Debug\\net7.0\\fine-code-coverage\\coverage-tool-output\\diagnostics.datacollector.24-06-11_16-06-37_70562_5.log","Level":0}}
TpTrace Verbose: 0 : 14288, 5, 2024/06/11, 16:06:38.109, 8513148629249, vstest.console.dll, DataCollectionRequestSender.SendBeforeTestRunStartAndGetResult: Received message: (DataCollection.BeforeTestRunStartResult) -> {"MessageType":"DataCollection.BeforeTestRunStartResult","Payload":{"EnvironmentVariables":{},"DataCollectionEventsPort":64487}}
TpTrace Information: 0 : 14288, 5, 2024/06/11, 16:06:38.114, 8513148674263, vstest.console.dll, ProxyDataCollectionManager.BeforeTestRunStart: SendBeforeTestRunStartAndGetResult successful, env variable from datacollector:   and testhost port: 64487
TpTrace Information: 0 : 14288, 5, 2024/06/11, 16:06:38.114, 8513148675790, vstest.console.dll, ProxyDataCollectionManager.InvokeDataCollectionServiceAction: Completed.
TpTrace Verbose: 0 : 14288, 5, 2024/06/11, 16:06:38.114, 8513148676543, vstest.console.dll, ParallelProxyExecutionManager.StartTestRunOnConcurrentManager: Initializing test run. Started clients: 0
TpTrace Verbose: 0 : 14288, 5, 2024/06/11, 16:06:38.114, 8513148677887, vstest.console.dll, ProxyExecutionManager: Test host is always Lazy initialize.
TpTrace Verbose: 0 : 14288, 5, 2024/06/11, 16:06:38.115, 8513148680875, vstest.console.dll, TestRequestSender.InitializeCommunication: initialize communication. 
TpTrace Information: 0 : 14288, 5, 2024/06/11, 16:06:38.115, 8513148687366, vstest.console.dll, SocketServer.Start: Listening on endpoint : 127.0.0.1:64488
TpTrace Verbose: 0 : 14288, 5, 2024/06/11, 16:06:38.116, 8513148696221, vstest.console.dll, DotnetTestHostmanager.GetTestHostProcessStartInfo: Platform environment 'X64' target architecture 'X64' framework '.NETCoreApp,Version=v7.0' OS 'Windows'
TpTrace Verbose: 0 : 14288, 5, 2024/06/11, 16:06:38.117, 8513148700963, vstest.console.dll, DotnetTestHostmanager: Adding  --runtimeconfig "C:\Users\mahyo\source\repos\GameService\Game.Core.Services.Tests\bin\Debug\net7.0\fine-code-coverage\build-output\Game.Core.Services.Tests.runtimeconfig.json" in args
TpTrace Verbose: 0 : 14288, 5, 2024/06/11, 16:06:38.117, 8513148702730, vstest.console.dll, DotnetTestHostmanager: Adding  --depsfile "C:\Users\mahyo\source\repos\GameService\Game.Core.Services.Tests\bin\Debug\net7.0\fine-code-coverage\build-output\Game.Core.Services.Tests.deps.json" in args
TpTrace Verbose: 0 : 14288, 5, 2024/06/11, 16:06:38.117, 8513148704538, vstest.console.dll, DotnetTestHostmanager.IsWinOnArm: Current PROCESSOR_ARCHITECTURE from environment variable 'AMD64'
TpTrace Verbose: 0 : 14288, 5, 2024/06/11, 16:06:38.117, 8513148705241, vstest.console.dll, DotnetTestHostmanager.IsWinOnArm: Is Windows on ARM 'False'
TpTrace Verbose: 0 : 14288, 5, 2024/06/11, 16:06:38.117, 8513148706216, vstest.console.dll, DotnetTestHostManager: testhost.exe found at path: C:\Users\mahyo\source\repos\GameService\Game.Core.Services.Tests\bin\Debug\net7.0\fine-code-coverage\build-output\testhost.exe
TpTrace Verbose: 0 : 14288, 5, 2024/06/11, 16:06:38.117, 8513148706726, vstest.console.dll, DotnetTestHostmanager: Full path of host exe is C:\Users\mahyo\source\repos\GameService\Game.Core.Services.Tests\bin\Debug\net7.0\fine-code-coverage\build-output\testhost.exe
TpTrace Verbose: 0 : 14288, 5, 2024/06/11, 16:06:38.117, 8513148708065, vstest.console.dll, DotnetTestHostmanager.LaunchTestHostAsync: Found 'VSTEST_WINAPPHOST_DOTNET_ROOT' in env variables, value 'C:\Program Files\dotnet', forwarding to 'DOTNET_ROOT'
TpTrace Verbose: 0 : 14288, 5, 2024/06/11, 16:06:38.117, 8513148709575, vstest.console.dll, DotnetTestHostManager: Starting process 'C:\Users\mahyo\source\repos\GameService\Game.Core.Services.Tests\bin\Debug\net7.0\fine-code-coverage\build-output\testhost.exe' with command line ' --runtimeconfig "C:\Users\mahyo\source\repos\GameService\Game.Core.Services.Tests\bin\Debug\net7.0\fine-code-coverage\build-output\Game.Core.Services.Tests.runtimeconfig.json" --depsfile "C:\Users\mahyo\source\repos\GameService\Game.Core.Services.Tests\bin\Debug\net7.0\fine-code-coverage\build-output\Game.Core.Services.Tests.deps.json" --port 64488 --endpoint 127.0.0.1:064488 --role client --parentprocessid 14288 --diag "C:\Users\mahyo\source\repos\GameService\Game.Core.Services.Tests\bin\Debug\net7.0\fine-code-coverage\coverage-tool-output\diagnostics.host.24-06-11_16-06-38_11617_5.log" --tracelevel 4 --datacollectionport 64487 --telemetryoptedin false'
TpTrace Verbose: 0 : 14288, 5, 2024/06/11, 16:06:38.125, 8513148783421, vstest.console.dll, MulticastDelegateUtilities.SafeInvoke: HostProviderEvents.OnHostLaunched: Invoking callback 1/2 for Microsoft.VisualStudio.TestPlatform.CrossPlatEngine.Client.ProxyExecutionManagerWithDataCollection., took 1 ms.
TpTrace Verbose: 0 : 14288, 5, 2024/06/11, 16:06:38.125, 8513148787413, vstest.console.dll, Test Runtime launched
TpTrace Verbose: 0 : 14288, 5, 2024/06/11, 16:06:38.125, 8513148788614, vstest.console.dll, MulticastDelegateUtilities.SafeInvoke: HostProviderEvents.OnHostLaunched: Invoking callback 2/2 for Microsoft.VisualStudio.TestPlatform.CrossPlatEngine.Client.ProxyOperationManager., took 0 ms.
TpTrace Verbose: 0 : 14288, 5, 2024/06/11, 16:06:38.126, 8513148790375, vstest.console.dll, TestRequestSender.WaitForRequestHandlerConnection: waiting for connection with timeout: 90000.
TpTrace Verbose: 0 : 14288, 5, 2024/06/11, 16:06:38.347, 8513151000792, vstest.console.dll, TestRequestSender.WaitForRequestHandlerConnection: waiting took 221 ms, with timeout 90000 ms, and result 0, which is success.
TpTrace Verbose: 0 : 14288, 11, 2024/06/11, 16:06:38.347, 8513151000762, vstest.console.dll, MulticastDelegateUtilities.SafeInvoke: SocketServer: ClientConnected: Invoking callback 1/1 for Microsoft.VisualStudio.TestPlatform.CommunicationUtilities.TestRequestSender., took 0 ms.
TpTrace Verbose: 0 : 14288, 11, 2024/06/11, 16:06:38.347, 8513151003216, vstest.console.dll, SocketServer.OnClientConnected: Client connected for endPoint: 127.0.0.1:64488, starting MessageLoopAsync:
TpTrace Verbose: 0 : 14288, 11, 2024/06/11, 16:06:38.348, 8513151010730, vstest.console.dll, TcpClientExtensions.MessageLoopAsync: Polling on remoteEndPoint: 127.0.0.1:64489 localEndPoint: 127.0.0.1:64488 after 0 ms
TpTrace Verbose: 0 : 14288, 5, 2024/06/11, 16:06:38.348, 8513151013540, vstest.console.dll, TestRequestSender.CheckVersionWithTestHost: Sending check version message: {"MessageType":"ProtocolVersion","Payload":7}
TpTrace Verbose: 0 : 14288, 11, 2024/06/11, 16:06:38.524, 8513152770662, vstest.console.dll, TcpClientExtensions.MessageLoopAsync: NotifyDataAvailable remoteEndPoint: 127.0.0.1:64489 localEndPoint: 127.0.0.1:64488
TpTrace Verbose: 0 : 14288, 11, 2024/06/11, 16:06:38.524, 8513152773451, vstest.console.dll, TestRequestSender.CheckVersionWithTestHost: onMessageReceived received message: (ProtocolVersion) -> {"MessageType":"ProtocolVersion","Payload":7}
TpTrace Verbose: 0 : 14288, 11, 2024/06/11, 16:06:38.525, 8513152781507, vstest.console.dll, MulticastDelegateUtilities.SafeInvoke: LengthPrefixCommunicationChannel: MessageReceived: Invoking callback 1/1 for Microsoft.VisualStudio.TestPlatform.CommunicationUtilities.TestRequestSender+<>c__DisplayClass29_0., took 0 ms.
TpTrace Verbose: 0 : 14288, 11, 2024/06/11, 16:06:38.525, 8513152782811, vstest.console.dll, TcpClientExtensions.MessageLoopAsync: Polling on remoteEndPoint: 127.0.0.1:64489 localEndPoint: 127.0.0.1:64488 after 177 ms
TpTrace Verbose: 0 : 14288, 5, 2024/06/11, 16:06:38.525, 8513152782864, vstest.console.dll, TestPluginCache.GetExtensionPaths: Filtered extension paths: 
TpTrace Verbose: 0 : 14288, 5, 2024/06/11, 16:06:38.525, 8513152784482, vstest.console.dll, TestPluginCache.GetExtensionPaths: Added default extension paths: C:\Program Files\dotnet\sdk\8.0.301\Extensions\Microsoft.Diagnostics.NETCore.Client.dll
C:\Program Files\dotnet\sdk\8.0.301\Extensions\Microsoft.TestPlatform.Extensions.BlameDataCollector.dll
C:\Program Files\dotnet\sdk\8.0.301\Extensions\Microsoft.TestPlatform.Extensions.EventLogCollector.dll
C:\Program Files\dotnet\sdk\8.0.301\Extensions\Microsoft.TestPlatform.TestHostRuntimeProvider.dll
C:\Program Files\dotnet\sdk\8.0.301\Extensions\Microsoft.VisualStudio.TestPlatform.Extensions.Html.TestLogger.dll
C:\Program Files\dotnet\sdk\8.0.301\Extensions\Microsoft.VisualStudio.TestPlatform.Extensions.Trx.TestLogger.dll
TpTrace Verbose: 0 : 14288, 5, 2024/06/11, 16:06:38.525, 8513152785776, vstest.console.dll, TestPluginCache.GetExtensionPaths: Added unfilterableExtensionPaths: 
TpTrace Verbose: 0 : 14288, 5, 2024/06/11, 16:06:38.529, 8513152821256, vstest.console.dll, TestRequestSender.InitializeExecution: Sending initialize execution with message: {"Version":7,"MessageType":"TestExecution.Initialize","Payload":["C:\\Users\\mahyo\\source\\repos\\GameService\\Game.Core.Services.Tests\\bin\\Debug\\net7.0\\fine-code-coverage\\build-output\\NUnit3.TestAdapter.dll"]}
TpTrace Verbose: 0 : 14288, 5, 2024/06/11, 16:06:38.529, 8513152824343, vstest.console.dll, ParallelProxyExecutionManager.StartTestRunOnConcurrentManager: Execution starting. Started clients: 1
TpTrace Verbose: 0 : 14288, 5, 2024/06/11, 16:06:38.529, 8513152828271, vstest.console.dll, TestRunRequest:SendTestRunMessage: Starting.
TpTrace Verbose: 0 : 14288, 5, 2024/06/11, 16:06:38.530, 8513152830482, vstest.console.dll, MulticastDelegateUtilities.SafeInvoke: TestRun.LogMessages: Invoking callback 1/1 for Microsoft.VisualStudio.TestPlatform.CommandLine.TestRunResultAggregator., took 0 ms.
TpTrace Information: 0 : 14288, 5, 2024/06/11, 16:06:38.530, 8513152831192, vstest.console.dll, TestRunRequest:SendTestRunMessage: Completed.
TpTrace Verbose: 0 : 14288, 4, 2024/06/11, 16:06:38.530, 8513152832393, vstest.console.dll, MulticastDelegateUtilities.SafeInvoke: InternalTestLoggerEvents.SendTestRunMessage: Invoking callback 1/1 for Microsoft.VisualStudio.TestPlatform.CommandLine.Internal.ConsoleLogger., took 0 ms.
TpTrace Warning: 0 : 14288, 5, 2024/06/11, 16:06:38.530, 8513152836113, vstest.console.dll, InferRunSettingsHelper.MakeRunsettingsCompatible: Removing the following settings: TargetPlatform from RunSettings file. To use those settings please move to latest version of Microsoft.NET.Test.Sdk
TpTrace Verbose: 0 : 14288, 11, 2024/06/11, 16:06:38.533, 8513152867747, vstest.console.dll, TcpClientExtensions.MessageLoopAsync: NotifyDataAvailable remoteEndPoint: 127.0.0.1:64489 localEndPoint: 127.0.0.1:64488
TpTrace Verbose: 0 : 14288, 11, 2024/06/11, 16:06:38.534, 8513152871462, vstest.console.dll, TestRequestSender.OnExecutionMessageReceived: Received message: {"Version":7,"MessageType":"TestSession.Message","Payload":{"MessageLevel":0,"Message":"Logging TestHost Diagnostics in file: C:\\Users\\mahyo\\source\\repos\\GameService\\Game.Core.Services.Tests\\bin\\Debug\\net7.0\\fine-code-coverage\\coverage-tool-output\\diagnostics.host.24-06-11_16-06-38_11617_5.log"}}
TpTrace Verbose: 0 : 14288, 11, 2024/06/11, 16:06:38.537, 8513152905158, vstest.console.dll, TestRunRequest:SendTestRunMessage: Starting.
TpTrace Verbose: 0 : 14288, 11, 2024/06/11, 16:06:38.537, 8513152907090, vstest.console.dll, MulticastDelegateUtilities.SafeInvoke: TestRun.LogMessages: Invoking callback 1/1 for Microsoft.VisualStudio.TestPlatform.CommandLine.TestRunResultAggregator., took 0 ms.
TpTrace Verbose: 0 : 14288, 4, 2024/06/11, 16:06:38.537, 8513152907266, vstest.console.dll, MulticastDelegateUtilities.SafeInvoke: InternalTestLoggerEvents.SendTestRunMessage: Invoking callback 1/1 for Microsoft.VisualStudio.TestPlatform.CommandLine.Internal.ConsoleLogger., took 0 ms.
TpTrace Information: 0 : 14288, 11, 2024/06/11, 16:06:38.537, 8513152907929, vstest.console.dll, TestRunRequest:SendTestRunMessage: Completed.
TpTrace Verbose: 0 : 14288, 11, 2024/06/11, 16:06:38.537, 8513152909679, vstest.console.dll, MulticastDelegateUtilities.SafeInvoke: LengthPrefixCommunicationChannel: MessageReceived: Invoking callback 1/1 for Microsoft.VisualStudio.TestPlatform.CommunicationUtilities.TestRequestSender+<>c__DisplayClass34_0., took 4 ms.
TpTrace Verbose: 0 : 14288, 11, 2024/06/11, 16:06:38.538, 8513152911067, vstest.console.dll, TcpClientExtensions.MessageLoopAsync: Polling on remoteEndPoint: 127.0.0.1:64489 localEndPoint: 127.0.0.1:64488 after 12 ms
TpTrace Verbose: 0 : 14288, 5, 2024/06/11, 16:06:38.539, 8513152929615, vstest.console.dll, TestRequestSender.StartTestRun: Sending test run with message: {"Version":7,"MessageType":"TestExecution.StartWithSources","Payload":{"AdapterSourceMap":{"_none_":["C:\\Users\\mahyo\\source\\repos\\GameService\\Game.Core.Services.Tests\\bin\\Debug\\net7.0\\fine-code-coverage\\build-output\\Game.Core.Services.Tests.dll"]},"RunSettings":"<RunSettings>\r\n  <RunConfiguration>\r\n    <ResultsDirectory>C:\\Users\\mahyo\\source\\repos\\GameService\\Game.Core.Services.Tests\\bin\\Debug\\net7.0\\fine-code-coverage\\coverage-tool-output</ResultsDirectory>\r\n    <TargetFrameworkVersion>.NETCoreApp,Version=v7.0</TargetFrameworkVersion>\r\n    <DesignMode>False</DesignMode>\r\n    <CollectSourceInformation>False</CollectSourceInformation>\r\n  </RunConfiguration>\r\n  <LoggerRunSettings>\r\n    <Loggers>\r\n      <Logger friendlyName=\"blame\" enabled=\"True\" />\r\n      <Logger friendlyName=\"Console\" uri=\"logger://microsoft/TestPlatform/ConsoleLogger/v1\" assemblyQualifiedName=\"Microsoft.VisualStudio.TestPlatform.CommandLine.Internal.ConsoleLogger, vstest.console, Version=15.0.0.0, Culture=neutral, PublicKeyToken=b03f5f7f11d50a3a\" codeBase=\"C:\\Program Files\\dotnet\\sdk\\8.0.301\\vstest.console.dll\" enabled=\"True\" />\r\n    </Loggers>\r\n  </LoggerRunSettings>\r\n  <DataCollectionRunSettings>\r\n    <DataCollectors>\r\n      <DataCollector friendlyName=\"blame\" enabled=\"True\">\r\n        <Configuration>\r\n          <ResultsDirectory>C:\\Users\\mahyo\\source\\repos\\GameService\\Game.Core.Services.Tests\\bin\\Debug\\net7.0\\fine-code-coverage\\coverage-tool-output</ResultsDirectory>\r\n        </Configuration>\r\n      </DataCollector>\r\n    </DataCollectors>\r\n  </DataCollectionRunSettings>\r\n</RunSettings>","TestExecutionContext":{"FrequencyOfRunStatsChangeEvent":10,"RunStatsChangeEventTimeout":"00:00:01.5000000","InIsolation":false,"KeepAlive":false,"AreTestCaseLevelEventsRequired":false,"IsDebug":false,"TestCaseFilter":null,"FilterOptions":null},"Package":null}}
TpTrace Verbose: 0 : 14288, 5, 2024/06/11, 16:06:38.540, 8513152932582, vstest.console.dll, ParallelProxyExecutionManager.StartTestRunOnConcurrentManager: Execution started. Started clients: 1
TpTrace Verbose: 0 : 14288, 11, 2024/06/11, 16:06:38.756, 8513155097167, vstest.console.dll, TcpClientExtensions.MessageLoopAsync: NotifyDataAvailable remoteEndPoint: 127.0.0.1:64489 localEndPoint: 127.0.0.1:64488
TpTrace Verbose: 0 : 14288, 11, 2024/06/11, 16:06:38.756, 8513155099700, vstest.console.dll, TestRequestSender.OnExecutionMessageReceived: Received message: {"Version":7,"MessageType":"TestSession.Message","Payload":{"MessageLevel":0,"Message":"NUnit Adapter 4.4.0.0: Test execution started"}}
TpTrace Verbose: 0 : 14288, 11, 2024/06/11, 16:06:38.757, 8513155102719, vstest.console.dll, TestRunRequest:SendTestRunMessage: Starting.
TpTrace Verbose: 0 : 14288, 11, 2024/06/11, 16:06:38.757, 8513155104283, vstest.console.dll, MulticastDelegateUtilities.SafeInvoke: TestRun.LogMessages: Invoking callback 1/1 for Microsoft.VisualStudio.TestPlatform.CommandLine.TestRunResultAggregator., took 0 ms.
TpTrace Verbose: 0 : 14288, 4, 2024/06/11, 16:06:38.757, 8513155104487, vstest.console.dll, MulticastDelegateUtilities.SafeInvoke: InternalTestLoggerEvents.SendTestRunMessage: Invoking callback 1/1 for Microsoft.VisualStudio.TestPlatform.CommandLine.Internal.ConsoleLogger., took 0 ms.
TpTrace Information: 0 : 14288, 11, 2024/06/11, 16:06:38.757, 8513155105626, vstest.console.dll, TestRunRequest:SendTestRunMessage: Completed.
TpTrace Verbose: 0 : 14288, 11, 2024/06/11, 16:06:38.757, 8513155106306, vstest.console.dll, MulticastDelegateUtilities.SafeInvoke: LengthPrefixCommunicationChannel: MessageReceived: Invoking callback 1/1 for Microsoft.VisualStudio.TestPlatform.CommunicationUtilities.TestRequestSender+<>c__DisplayClass34_0., took 0 ms.
TpTrace Verbose: 0 : 14288, 11, 2024/06/11, 16:06:38.757, 8513155107360, vstest.console.dll, TcpClientExtensions.MessageLoopAsync: Polling on remoteEndPoint: 127.0.0.1:64489 localEndPoint: 127.0.0.1:64488 after 219 ms
TpTrace Verbose: 0 : 14288, 11, 2024/06/11, 16:06:38.785, 8513155385276, vstest.console.dll, TcpClientExtensions.MessageLoopAsync: NotifyDataAvailable remoteEndPoint: 127.0.0.1:64489 localEndPoint: 127.0.0.1:64488
TpTrace Verbose: 0 : 14288, 11, 2024/06/11, 16:06:38.785, 8513155386888, vstest.console.dll, TestRequestSender.OnExecutionMessageReceived: Received message: {"Version":7,"MessageType":"TestSession.Message","Payload":{"MessageLevel":0,"Message":"Running all tests in C:\\Users\\mahyo\\source\\repos\\GameService\\Game.Core.Services.Tests\\bin\\Debug\\net7.0\\fine-code-coverage\\build-output\\Game.Core.Services.Tests.dll"}}
TpTrace Verbose: 0 : 14288, 11, 2024/06/11, 16:06:38.785, 8513155388484, vstest.console.dll, TestRunRequest:SendTestRunMessage: Starting.
TpTrace Verbose: 0 : 14288, 11, 2024/06/11, 16:06:38.785, 8513155389374, vstest.console.dll, MulticastDelegateUtilities.SafeInvoke: TestRun.LogMessages: Invoking callback 1/1 for Microsoft.VisualStudio.TestPlatform.CommandLine.TestRunResultAggregator., took 0 ms.
TpTrace Verbose: 0 : 14288, 4, 2024/06/11, 16:06:38.785, 8513155389742, vstest.console.dll, MulticastDelegateUtilities.SafeInvoke: InternalTestLoggerEvents.SendTestRunMessage: Invoking callback 1/1 for Microsoft.VisualStudio.TestPlatform.CommandLine.Internal.ConsoleLogger., took 0 ms.
TpTrace Information: 0 : 14288, 11, 2024/06/11, 16:06:38.786, 8513155389955, vstest.console.dll, TestRunRequest:SendTestRunMessage: Completed.
TpTrace Verbose: 0 : 14288, 11, 2024/06/11, 16:06:38.786, 8513155391299, vstest.console.dll, MulticastDelegateUtilities.SafeInvoke: LengthPrefixCommunicationChannel: MessageReceived: Invoking callback 1/1 for Microsoft.VisualStudio.TestPlatform.CommunicationUtilities.TestRequestSender+<>c__DisplayClass34_0., took 0 ms.
TpTrace Verbose: 0 : 14288, 11, 2024/06/11, 16:06:38.786, 8513155391791, vstest.console.dll, TcpClientExtensions.MessageLoopAsync: Polling on remoteEndPoint: 127.0.0.1:64489 localEndPoint: 127.0.0.1:64488 after 28 ms
TpTrace Verbose: 0 : 14288, 11, 2024/06/11, 16:06:38.936, 8513156898434, vstest.console.dll, TcpClientExtensions.MessageLoopAsync: NotifyDataAvailable remoteEndPoint: 127.0.0.1:64489 localEndPoint: 127.0.0.1:64488
TpTrace Verbose: 0 : 14288, 11, 2024/06/11, 16:06:38.937, 8513156900600, vstest.console.dll, TestRequestSender.OnExecutionMessageReceived: Received message: {"Version":7,"MessageType":"TestSession.Message","Payload":{"MessageLevel":0,"Message":"   NUnit3TestExecutor discovered 6 of 6 NUnit test cases using Current Discovery mode, Non-Explicit run"}}
TpTrace Verbose: 0 : 14288, 11, 2024/06/11, 16:06:38.937, 8513156902442, vstest.console.dll, TestRunRequest:SendTestRunMessage: Starting.
TpTrace Verbose: 0 : 14288, 11, 2024/06/11, 16:06:38.937, 8513156903524, vstest.console.dll, MulticastDelegateUtilities.SafeInvoke: TestRun.LogMessages: Invoking callback 1/1 for Microsoft.VisualStudio.TestPlatform.CommandLine.TestRunResultAggregator., took 0 ms.
TpTrace Verbose: 0 : 14288, 4, 2024/06/11, 16:06:38.937, 8513156903882, vstest.console.dll, MulticastDelegateUtilities.SafeInvoke: InternalTestLoggerEvents.SendTestRunMessage: Invoking callback 1/1 for Microsoft.VisualStudio.TestPlatform.CommandLine.Internal.ConsoleLogger., took 0 ms.
TpTrace Information: 0 : 14288, 11, 2024/06/11, 16:06:38.937, 8513156904114, vstest.console.dll, TestRunRequest:SendTestRunMessage: Completed.
TpTrace Verbose: 0 : 14288, 11, 2024/06/11, 16:06:38.937, 8513156905558, vstest.console.dll, MulticastDelegateUtilities.SafeInvoke: LengthPrefixCommunicationChannel: MessageReceived: Invoking callback 1/1 for Microsoft.VisualStudio.TestPlatform.CommunicationUtilities.TestRequestSender+<>c__DisplayClass34_0., took 0 ms.
TpTrace Verbose: 0 : 14288, 11, 2024/06/11, 16:06:38.937, 8513156906230, vstest.console.dll, TcpClientExtensions.MessageLoopAsync: Polling on remoteEndPoint: 127.0.0.1:64489 localEndPoint: 127.0.0.1:64488 after 151 ms
TpTrace Verbose: 0 : 14288, 11, 2024/06/11, 16:06:39.171, 8513159246058, vstest.console.dll, TcpClientExtensions.MessageLoopAsync: NotifyDataAvailable remoteEndPoint: 127.0.0.1:64489 localEndPoint: 127.0.0.1:64488
TpTrace Verbose: 0 : 14288, 11, 2024/06/11, 16:06:39.171, 8513159248119, vstest.console.dll, TestRequestSender.OnExecutionMessageReceived: Received message: {"Version":7,"MessageType":"TestSession.Message","Payload":{"MessageLevel":0,"Message":"NUnit Adapter 4.4.0.0: Test execution complete"}}
TpTrace Verbose: 0 : 14288, 11, 2024/06/11, 16:06:39.172, 8513159250097, vstest.console.dll, TestRunRequest:SendTestRunMessage: Starting.
TpTrace Verbose: 0 : 14288, 11, 2024/06/11, 16:06:39.172, 8513159250932, vstest.console.dll, MulticastDelegateUtilities.SafeInvoke: TestRun.LogMessages: Invoking callback 1/1 for Microsoft.VisualStudio.TestPlatform.CommandLine.TestRunResultAggregator., took 0 ms.
TpTrace Verbose: 0 : 14288, 4, 2024/06/11, 16:06:39.172, 8513159251193, vstest.console.dll, MulticastDelegateUtilities.SafeInvoke: InternalTestLoggerEvents.SendTestRunMessage: Invoking callback 1/1 for Microsoft.VisualStudio.TestPlatform.CommandLine.Internal.ConsoleLogger., took 0 ms.
TpTrace Information: 0 : 14288, 11, 2024/06/11, 16:06:39.172, 8513159251508, vstest.console.dll, TestRunRequest:SendTestRunMessage: Completed.
TpTrace Verbose: 0 : 14288, 11, 2024/06/11, 16:06:39.172, 8513159253115, vstest.console.dll, MulticastDelegateUtilities.SafeInvoke: LengthPrefixCommunicationChannel: MessageReceived: Invoking callback 1/1 for Microsoft.VisualStudio.TestPlatform.CommunicationUtilities.TestRequestSender+<>c__DisplayClass34_0., took 0 ms.
TpTrace Verbose: 0 : 14288, 11, 2024/06/11, 16:06:39.172, 8513159253756, vstest.console.dll, TcpClientExtensions.MessageLoopAsync: Polling on remoteEndPoint: 127.0.0.1:64489 localEndPoint: 127.0.0.1:64488 after 234 ms
TpTrace Verbose: 0 : 14288, 11, 2024/06/11, 16:06:39.224, 8513159770567, vstest.console.dll, TcpClientExtensions.MessageLoopAsync: NotifyDataAvailable remoteEndPoint: 127.0.0.1:64489 localEndPoint: 127.0.0.1:64488
TpTrace Verbose: 0 : 14288, 11, 2024/06/11, 16:06:39.224, 8513159774062, vstest.console.dll, TestRequestSender.OnExecutionMessageReceived: Received message: {"Version":7,"MessageType":"TestExecution.Completed","Payload":{"TestRunCompleteArgs":{"TestRunStatistics":{"ExecutedTests":6,"Stats":{"Passed":6}},"IsCanceled":false,"IsAborted":false,"Error":null,"AttachmentSets":[],"InvokedDataCollectors":[],"ElapsedTimeInRunningTests":"00:00:00.4529687","Metrics":{},"DiscoveredExtensions":{"TestDiscoverers":["NUnit.VisualStudio.TestAdapter.NUnit3TestDiscoverer, NUnit3.TestAdapter, Version=4.4.0.0, Culture=neutral, PublicKeyToken=4cb40d35494691ac"],"TestExecutors":["executor://NUnit3TestExecutor"],"TestExecutors2":[],"TestSettingsProviders":[]}},"LastRunTests":{"NewTestResults":[{"TestCase":{"Id":"bcc04c88-d39c-1597-e4a1-17aba7da1a95","FullyQualifiedName":"Game.Core.Services.Tests.GameServiceTests.GetChoices_ReturnsAllChoices","DisplayName":"GetChoices_ReturnsAllChoices","ExecutorUri":"executor://NUnit3TestExecutor","Source":"C:\\Users\\mahyo\\source\\repos\\GameService\\Game.Core.Services.Tests\\bin\\Debug\\net7.0\\fine-code-coverage\\build-output\\Game.Core.Services.Tests.dll","CodeFilePath":null,"LineNumber":0,"Properties":[{"Key":{"Id":"NUnit.Seed","Label":"Seed","Category":"","Description":"","Attributes":0,"ValueType":"System.String"},"Value":"100384158"}]},"Attachments":[],"Outcome":1,"ErrorMessage":null,"ErrorStackTrace":null,"DisplayName":"GetChoices_ReturnsAllChoices","Messages":[],"ComputerName":"D3ST1NY","Duration":"00:00:00.1137660","StartTime":"2024-06-11T13:06:38.9769867+00:00","EndTime":"2024-06-11T13:06:39.0905959+00:00","Properties":[{"Key":{"Id":"NUnit.Seed","Label":"Seed","Category":"","Description":"","Attributes":0,"ValueType":"System.String"},"Value":"100384158"}]},{"TestCase":{"Id":"aef0e212-880a-710a-1943-b3f3224e07fd","FullyQualifiedName":"Game.Core.Services.Tests.GameServiceTests.GetRandomChoice_ReturnsChoice","DisplayName":"GetRandomChoice_ReturnsChoice","ExecutorUri":"executor://NUnit3TestExecutor","Source":"C:\\Users\\mahyo\\source\\repos\\GameService\\Game.Core.Services.Tests\\bin\\Debug\\net7.0\\fine-code-coverage\\build-output\\Game.Core.Services.Tests.dll","CodeFilePath":null,"LineNumber":0,"Properties":[{"Key":{"Id":"NUnit.Seed","Label":"Seed","Category":"","Description":"","Attributes":0,"ValueType":"System.String"},"Value":"358534088"}]},"Attachments":[],"Outcome":1,"ErrorMessage":null,"ErrorStackTrace":null,"DisplayName":"GetRandomChoice_ReturnsChoice","Messages":[],"ComputerName":"D3ST1NY","Duration":"00:00:00.0079630","StartTime":"2024-06-11T13:06:39.0941649+00:00","EndTime":"2024-06-11T13:06:39.1021278+00:00","Properties":[{"Key":{"Id":"NUnit.Seed","Label":"Seed","Category":"","Description":"","Attributes":0,"ValueType":"System.String"},"Value":"358534088"}]},{"TestCase":{"Id":"23b1cb16-9ff8-98df-0dfd-baf0aeacfdf2","FullyQualifiedName":"Game.Core.Services.Tests.GameServiceTests.PlayGame_SavesGameAndReturnsResult","DisplayName":"PlayGame_SavesGameAndReturnsResult","ExecutorUri":"executor://NUnit3TestExecutor","Source":"C:\\Users\\mahyo\\source\\repos\\GameService\\Game.Core.Services.Tests\\bin\\Debug\\net7.0\\fine-code-coverage\\build-output\\Game.Core.Services.Tests.dll","CodeFilePath":null,"LineNumber":0,"Properties":[{"Key":{"Id":"NUnit.Seed","Label":"Seed","Category":"","Description":"","Attributes":0,"ValueType":"System.String"},"Value":"1848774468"}]},"Attachments":[],"Outcome":1,"ErrorMessage":null,"ErrorStackTrace":null,"DisplayName":"PlayGame_SavesGameAndReturnsResult","Messages":[],"ComputerName":"D3ST1NY","Duration":"00:00:00.0354270","StartTime":"2024-06-11T13:06:39.102196+00:00","EndTime":"2024-06-11T13:06:39.1376218+00:00","Properties":[{"Key":{"Id":"NUnit.Seed","Label":"Seed","Category":"","Description":"","Attributes":0,"ValueType":"System.String"},"Value":"1848774468"}]},{"TestCase":{"Id":"f257657b-cf91-d48d-91c5-c55259130dcf","FullyQualifiedName":"Game.Core.Services.Tests.ScoreboardServiceTests.GetRecentScores_ReturnsMaximumOfTenScores","DisplayName":"GetRecentScores_ReturnsMaximumOfTenScores","ExecutorUri":"executor://NUnit3TestExecutor","Source":"C:\\Users\\mahyo\\source\\repos\\GameService\\Game.Core.Services.Tests\\bin\\Debug\\net7.0\\fine-code-coverage\\build-output\\Game.Core.Services.Tests.dll","CodeFilePath":null,"LineNumber":0,"Properties":[{"Key":{"Id":"NUnit.Seed","Label":"Seed","Category":"","Description":"","Attributes":0,"ValueType":"System.String"},"Value":"1191894366"}]},"Attachments":[],"Outcome":1,"ErrorMessage":null,"ErrorStackTrace":null,"DisplayName":"GetRecentScores_ReturnsMaximumOfTenScores","Messages":[],"ComputerName":"D3ST1NY","Duration":"00:00:00.0074680","StartTime":"2024-06-11T13:06:39.1410582+00:00","EndTime":"2024-06-11T13:06:39.1485251+00:00","Properties":[{"Key":{"Id":"NUnit.Seed","Label":"Seed","Category":"","Description":"","Attributes":0,"ValueType":"System.String"},"Value":"1191894366"}]},{"TestCase":{"Id":"e47ccb6e-6f85-8273-fc98-efcf6075dc46","FullyQualifiedName":"Game.Core.Services.Tests.ScoreboardServiceTests.GetRecentScores_ReturnsMostRecentScores","DisplayName":"GetRecentScores_ReturnsMostRecentScores","ExecutorUri":"executor://NUnit3TestExecutor","Source":"C:\\Users\\mahyo\\source\\repos\\GameService\\Game.Core.Services.Tests\\bin\\Debug\\net7.0\\fine-code-coverage\\build-output\\Game.Core.Services.Tests.dll","CodeFilePath":null,"LineNumber":0,"Properties":[{"Key":{"Id":"NUnit.Seed","Label":"Seed","Category":"","Description":"","Attributes":0,"ValueType":"System.String"},"Value":"943281223"}]},"Attachments":[],"Outcome":1,"ErrorMessage":null,"ErrorStackTrace":null,"DisplayName":"GetRecentScores_ReturnsMostRecentScores","Messages":[],"ComputerName":"D3ST1NY","Duration":"00:00:00.0014260","StartTime":"2024-06-11T13:06:39.1485611+00:00","EndTime":"2024-06-11T13:06:39.1499864+00:00","Properties":[{"Key":{"Id":"NUnit.Seed","Label":"Seed","Category":"","Description":"","Attributes":0,"ValueType":"System.String"},"Value":"943281223"}]},{"TestCase":{"Id":"9809dc4a-04ac-8997-a4ab-7e0bd6aa721f","FullyQualifiedName":"Game.Core.Services.Tests.ScoreboardServiceTests.ResetScoreboard_ClearsAllScores","DisplayName":"ResetScoreboard_ClearsAllScores","ExecutorUri":"executor://NUnit3TestExecutor","Source":"C:\\Users\\mahyo\\source\\repos\\GameService\\Game.Core.Services.Tests\\bin\\Debug\\net7.0\\fine-code-coverage\\build-output\\Game.Core.Services.Tests.dll","CodeFilePath":null,"LineNumber":0,"Properties":[{"Key":{"Id":"NUnit.Seed","Label":"Seed","Category":"","Description":"","Attributes":0,"ValueType":"System.String"},"Value":"2120101351"}]},"Attachments":[],"Outcome":1,"ErrorMessage":null,"ErrorStackTrace":null,"DisplayName":"ResetScoreboard_ClearsAllScores","Messages":[],"ComputerName":"D3ST1NY","Duration":"00:00:00.0024730","StartTime":"2024-06-11T13:06:39.1500681+00:00","EndTime":"2024-06-11T13:06:39.1525407+00:00","Properties":[{"Key":{"Id":"NUnit.Seed","Label":"Seed","Category":"","Description":"","Attributes":0,"ValueType":"System.String"},"Value":"2120101351"}]}],"TestRunStatistics":{"ExecutedTests":6,"Stats":{"Passed":6}},"ActiveTests":[]},"RunAttachments":[],"ExecutorUris":["executor://nunit3testexecutor/"]}}
TpTrace Verbose: 0 : 14288, 11, 2024/06/11, 16:06:39.224, 8513159776174, vstest.console.dll, TestRequestSender.EndSession: Sending end session.
TpTrace Verbose: 0 : 14288, 11, 2024/06/11, 16:06:39.224, 8513159778924, vstest.console.dll, ProxyOperationManager.Close: waiting for test host to exit for 100 ms
TpTrace Verbose: 0 : 14288, 12, 2024/06/11, 16:06:39.256, 8513160094504, vstest.console.dll, TestHostManagerCallbacks.ctor: Experimental forwarding output is disabled.
TpTrace Warning: 0 : 14288, 12, 2024/06/11, 16:06:39.256, 8513160095919, vstest.console.dll, TestHostManagerCallbacks.ErrorReceivedCallback Test host standard error line: 
TpTrace Verbose: 0 : 14288, 12, 2024/06/11, 16:06:39.266, 8513160194314, vstest.console.dll, TestHostProvider.ExitCallBack: Host exited starting callback.
TpTrace Information: 0 : 14288, 12, 2024/06/11, 16:06:39.266, 8513160195925, vstest.console.dll, TestHostManagerCallbacks.ExitCallBack: Testhost processId: 21648 exited with exitcode: 0 error: ''
TpTrace Verbose: 0 : 14288, 12, 2024/06/11, 16:06:39.266, 8513160196457, vstest.console.dll, DotnetTestHostManager.OnHostExited: invoking OnHostExited callback
TpTrace Verbose: 0 : 14288, 12, 2024/06/11, 16:06:39.266, 8513160196978, vstest.console.dll, CrossPlatEngine.TestHostManagerHostExited: calling on client process exit callback.
TpTrace Information: 0 : 14288, 12, 2024/06/11, 16:06:39.266, 8513160197578, vstest.console.dll, TestRequestSender.OnClientProcessExit: Test host process exited. Standard error: 
TpTrace Information: 0 : 14288, 11, 2024/06/11, 16:06:39.266, 8513160197877, vstest.console.dll, SocketServer.Stop: Stop server endPoint: 127.0.0.1:64488
TpTrace Information: 0 : 14288, 12, 2024/06/11, 16:06:39.266, 8513160198291, vstest.console.dll, SocketServer.Stop: Stop server endPoint: 127.0.0.1:64488
TpTrace Information: 0 : 14288, 11, 2024/06/11, 16:06:39.266, 8513160198936, vstest.console.dll, SocketServer.Stop: Cancellation requested. Stopping message loop.
TpTrace Information: 0 : 14288, 12, 2024/06/11, 16:06:39.266, 8513160199427, vstest.console.dll, SocketServer.Stop: Cancellation requested. Stopping message loop.
TpTrace Verbose: 0 : 14288, 12, 2024/06/11, 16:06:39.267, 8513160200533, vstest.console.dll, MulticastDelegateUtilities.SafeInvoke: HostProviderEvents.OnHostExited: Invoking callback 1/1 for Microsoft.VisualStudio.TestPlatform.CrossPlatEngine.Client.ProxyOperationManager., took 0 ms.
TpTrace Information: 0 : 14288, 11, 2024/06/11, 16:06:39.267, 8513160201035, vstest.console.dll, Closing the connection
TpTrace Verbose: 0 : 14288, 11, 2024/06/11, 16:06:39.267, 8513160203294, vstest.console.dll, ProxyDataCollectionManager.InvokeDataCollectionServiceAction: Starting.
TpTrace Information: 0 : 14288, 11, 2024/06/11, 16:06:39.267, 8513160203991, vstest.console.dll, ProxyDataCollectionManager.AfterTestRunEnd: Get attachment set and invoked data collectors processId: 24476 port: 52114
TpTrace Verbose: 0 : 14288, 11, 2024/06/11, 16:06:39.267, 8513160204770, vstest.console.dll, DataCollectionRequestSender.SendAfterTestRunStartAndGetResult: Send AfterTestRunEnd message with isCancelled: False
TpTrace Verbose: 0 : 14288, 11, 2024/06/11, 16:06:39.274, 8513160278469, vstest.console.dll, DataCollectionRequestSender.SendAfterTestRunStartAndGetResult: Received message: (DataCollection.AfterTestRunEndResult) -> {"MessageType":"DataCollection.AfterTestRunEndResult","Payload":{"AttachmentSets":[],"InvokedDataCollectors":[{"Uri":"datacollector://Microsoft/TestPlatform/Extensions/Blame/v1","FriendlyName":"Blame","AssemblyQualifiedName":"Microsoft.TestPlatform.Extensions.BlameDataCollector.BlameCollector, Microsoft.TestPlatform.Extensions.BlameDataCollector, Version=15.0.0.0, Culture=neutral, PublicKeyToken=b03f5f7f11d50a3a","FilePath":"C:\\Program Files\\dotnet\\sdk\\8.0.301\\Extensions\\Microsoft.TestPlatform.Extensions.BlameDataCollector.dll","HasAttachmentProcessor":false}],"Metrics":{}}}
TpTrace Warning: 0 : 14288, 10, 2024/06/11, 16:06:39.280, 8513160334257, vstest.console.dll, DataCollectionLauncher.ErrorReceivedCallback datacollector standard error line: 
TpTrace Information: 0 : 14288, 11, 2024/06/11, 16:06:39.282, 8513160356072, vstest.console.dll, ProxyDataCollectionManager.InvokeDataCollectionServiceAction: Completed.
TpTrace Information: 0 : 14288, 10, 2024/06/11, 16:06:39.286, 8513160397888, vstest.console.dll, DataCollectionLauncher.ExitCallBack: Data collector exited with exitcode: 0 error: ''
TpTrace Verbose: 0 : 14288, 11, 2024/06/11, 16:06:39.365, 8513161185606, vstest.console.dll, TestRunRequest:SendTestRunStatsChange: Starting.
TpTrace Verbose: 0 : 14288, 11, 2024/06/11, 16:06:39.365, 8513161188923, vstest.console.dll, MulticastDelegateUtilities.SafeInvoke: TestRun.RunStatsChanged: Invoking callbacks was skipped because there are no subscribers.
TpTrace Information: 0 : 14288, 11, 2024/06/11, 16:06:39.365, 8513161189616, vstest.console.dll, TestRunRequest:SendTestRunStatsChange: Completed.
TpTrace Verbose: 0 : 14288, 11, 2024/06/11, 16:06:39.366, 8513161193882, vstest.console.dll, ParallelProxyExecutionManager: HandlePartialRunComplete: Total workloads = 1, Total started clients = 1 Total completed clients = 1, Run complete = True, Run canceled: False.
TpTrace Verbose: 0 : 14288, 11, 2024/06/11, 16:06:39.366, 8513161194580, vstest.console.dll, ParallelProxyExecutionManager: HandlePartialRunComplete: All runs completed stopping all managers.
TpTrace Verbose: 0 : 14288, 11, 2024/06/11, 16:06:39.366, 8513161195097, vstest.console.dll, ParallelOperationManager.StopAllManagers: Stopping all managers.
TpTrace Verbose: 0 : 14288, 11, 2024/06/11, 16:06:39.366, 8513161195574, vstest.console.dll, ParallelOperationManager.ClearSlots: Clearing all slots. Slots should accept more work: False
TpTrace Verbose: 0 : 14288, 11, 2024/06/11, 16:06:39.366, 8513161196126, vstest.console.dll, ParallelOperationManager.SetOccupiedSlotCount: Setting slot counts AvailableSlotCount = 1, OccupiedSlotCount = 0.
TpTrace Verbose: 0 : 14288, 11, 2024/06/11, 16:06:39.366, 8513161196932, vstest.console.dll, Occupied slots:

TpTrace Verbose: 0 : 14288, 4, 2024/06/11, 16:06:39.367, 8513161207995, vstest.console.dll, MulticastDelegateUtilities.SafeInvoke: InternalTestLoggerEvents.SendTestResult: Invoking callback 1/1 for Microsoft.VisualStudio.TestPlatform.CommandLine.Internal.ConsoleLogger., took 1 ms.
TpTrace Verbose: 0 : 14288, 4, 2024/06/11, 16:06:39.368, 8513161211791, vstest.console.dll, MulticastDelegateUtilities.SafeInvoke: InternalTestLoggerEvents.SendTestResult: Invoking callback 1/1 for Microsoft.VisualStudio.TestPlatform.CommandLine.Internal.ConsoleLogger., took 0 ms.
TpTrace Verbose: 0 : 14288, 4, 2024/06/11, 16:06:39.368, 8513161212905, vstest.console.dll, MulticastDelegateUtilities.SafeInvoke: InternalTestLoggerEvents.SendTestResult: Invoking callback 1/1 for Microsoft.VisualStudio.TestPlatform.CommandLine.Internal.ConsoleLogger., took 0 ms.
TpTrace Verbose: 0 : 14288, 4, 2024/06/11, 16:06:39.368, 8513161213840, vstest.console.dll, MulticastDelegateUtilities.SafeInvoke: InternalTestLoggerEvents.SendTestResult: Invoking callback 1/1 for Microsoft.VisualStudio.TestPlatform.CommandLine.Internal.ConsoleLogger., took 0 ms.
TpTrace Verbose: 0 : 14288, 4, 2024/06/11, 16:06:39.368, 8513161214693, vstest.console.dll, MulticastDelegateUtilities.SafeInvoke: InternalTestLoggerEvents.SendTestResult: Invoking callback 1/1 for Microsoft.VisualStudio.TestPlatform.CommandLine.Internal.ConsoleLogger., took 0 ms.
TpTrace Verbose: 0 : 14288, 4, 2024/06/11, 16:06:39.368, 8513161215565, vstest.console.dll, MulticastDelegateUtilities.SafeInvoke: InternalTestLoggerEvents.SendTestResult: Invoking callback 1/1 for Microsoft.VisualStudio.TestPlatform.CommandLine.Internal.ConsoleLogger., took 0 ms.
TpTrace Verbose: 0 : 14288, 4, 2024/06/11, 16:06:39.376, 8513161293496, vstest.console.dll, MulticastDelegateUtilities.SafeInvoke: InternalTestLoggerEvents.SendTestRunComplete: Invoking callback 1/2 for Microsoft.TestPlatform.Extensions.BlameDataCollector.BlameLogger., took 0 ms.
TpTrace Verbose: 0 : 14288, 4, 2024/06/11, 16:06:39.383, 8513161369210, vstest.console.dll, MulticastDelegateUtilities.SafeInvoke: InternalTestLoggerEvents.SendTestRunComplete: Invoking callback 2/2 for Microsoft.VisualStudio.TestPlatform.CommandLine.Internal.ConsoleLogger., took 7 ms.
TpTrace Verbose: 0 : 14288, 11, 2024/06/11, 16:06:39.384, 8513161372504, vstest.console.dll, TestRunRequest:TestRunComplete: Starting. IsAborted:False IsCanceled:False.
TpTrace Verbose: 0 : 14288, 11, 2024/06/11, 16:06:39.384, 8513161374202, vstest.console.dll, ParallelOperationManager.DoActionOnAllManagers: Calling an action on all managers.
TpTrace Verbose: 0 : 14288, 11, 2024/06/11, 16:06:39.385, 8513161382974, vstest.console.dll, TestLoggerManager.HandleTestRunComplete: Ignoring as the object is disposed.
TpTrace Verbose: 0 : 14288, 11, 2024/06/11, 16:06:39.385, 8513161385094, vstest.console.dll, MulticastDelegateUtilities.SafeInvoke: TestRun.TestRunComplete: Invoking callback 1/2 for Microsoft.VisualStudio.TestPlatform.CommandLine.TestRunResultAggregator., took 0 ms.
TpTrace Verbose: 0 : 14288, 11, 2024/06/11, 16:06:39.385, 8513161386293, vstest.console.dll, MulticastDelegateUtilities.SafeInvoke: TestRun.TestRunComplete: Invoking callback 2/2 for Microsoft.VisualStudio.TestPlatform.CommandLine.Processors.RunTestsArgumentExecutor+TestRunRequestEventsRegistrar., took 0 ms.
TpTrace Information: 0 : 14288, 11, 2024/06/11, 16:06:39.385, 8513161387265, vstest.console.dll, TestRunRequest:TestRunComplete: Completed.
TpTrace Verbose: 0 : 14288, 1, 2024/06/11, 16:06:39.385, 8513161387502, vstest.console.dll, TestRunRequest.Dispose: Starting.
TpTrace Verbose: 0 : 14288, 11, 2024/06/11, 16:06:39.385, 8513161387729, vstest.console.dll, TestRequestSender.SetOperationComplete: Setting operation complete.
TpTrace Information: 0 : 14288, 1, 2024/06/11, 16:06:39.385, 8513161388561, vstest.console.dll, TestRunRequest.Dispose: Completed.
TpTrace Information: 0 : 14288, 11, 2024/06/11, 16:06:39.385, 8513161389175, vstest.console.dll, SocketServer.Stop: Stop server endPoint: 127.0.0.1:64488
TpTrace Information: 0 : 14288, 1, 2024/06/11, 16:06:39.385, 8513161389223, vstest.console.dll, TestRequestManager.RunTests: run tests completed.
TpTrace Information: 0 : 14288, 11, 2024/06/11, 16:06:39.385, 8513161389774, vstest.console.dll, SocketServer.Stop: Cancellation requested. Stopping message loop.
TpTrace Information: 0 : 14288, 1, 2024/06/11, 16:06:39.386, 8513161390741, vstest.console.dll, RunTestsArgumentProcessor:Execute: Test run is completed.
TpTrace Verbose: 0 : 14288, 11, 2024/06/11, 16:06:39.386, 8513161390887, vstest.console.dll, MulticastDelegateUtilities.SafeInvoke: LengthPrefixCommunicationChannel: MessageReceived: Invoking callback 1/1 for Microsoft.VisualStudio.TestPlatform.CommunicationUtilities.TestRequestSender+<>c__DisplayClass34_0., took 161 ms.
TpTrace Information: 0 : 14288, 11, 2024/06/11, 16:06:39.386, 8513161391591, vstest.console.dll, SocketServer.PrivateStop: Stopping server endPoint: 127.0.0.1:64488 error: 
TpTrace Verbose: 0 : 14288, 1, 2024/06/11, 16:06:39.386, 8513161393615, vstest.console.dll, Executor.Execute: Exiting with exit code of 0
TpTrace Verbose: 0 : 14288, 11, 2024/06/11, 16:06:39.386, 8513161396466, vstest.console.dll, LengthPrefixCommunicationChannel.Dispose: Dispose reader and writer.
TpTrace Information: 0 : 14288, 11, 2024/06/11, 16:06:39.386, 8513161397281, vstest.console.dll, SocketServer.Stop: Raise disconnected event endPoint: 127.0.0.1:64488 error: 
