TpTrace Verbose: 0 : 14816, 1, 2024/06/11, 16:06:44.357, 8513211104868, vstest.console.dll, Version: 17.10.0-release-24203-04 Current process architecture: X64
TpTrace Verbose: 0 : 14816, 1, 2024/06/11, 16:06:44.361, 8513211140514, vstest.console.dll, Runtime location: C:\Program Files\dotnet\shared\Microsoft.NETCore.App\8.0.6
TpTrace Verbose: 0 : 14816, 1, 2024/06/11, 16:06:44.363, 8513211166348, vstest.console.dll, ArtifactProcessingPostProcessModeProcessorExecutor.Initialize: ArtifactProcessingMode.Collect
TpTrace Verbose: 0 : 14816, 1, 2024/06/11, 16:06:44.363, 8513211167762, vstest.console.dll, TestSessionCorrelationIdProcessorModeProcessorExecutor.Initialize: TestSessionCorrelationId '37356_06efc4f7-d74a-4265-9eba-19238e014e9f'
TpTrace Information: 0 : 14816, 1, 2024/06/11, 16:06:44.370, 8513211236293, vstest.console.dll, FilePatternParser: The given file C:\Users\mahyo\source\repos\GameService\Game.API.Controllers.Tests\bin\Debug\net7.0\fine-code-coverage\build-output\Game.API.Controllers.Tests.dll is a full path.
TpTrace Verbose: 0 : 14816, 1, 2024/06/11, 16:06:44.375, 8513211284631, vstest.console.dll, TestPluginCache.DiscoverTestExtensions: finding test extensions in assemblies ends with: RuntimeProvider.dll TPluginInfo: Microsoft.VisualStudio.TestPlatform.Common.ExtensionFramework.Utilities.TestRuntimePluginInformation TExtension: Microsoft.VisualStudio.TestPlatform.ObjectModel.Host.ITestRuntimeProvider
TpTrace Verbose: 0 : 14816, 1, 2024/06/11, 16:06:44.375, 8513211288415, vstest.console.dll, TestPluginCache.GetExtensionPaths: Filtered extension paths: 
TpTrace Verbose: 0 : 14816, 1, 2024/06/11, 16:06:44.375, 8513211289324, vstest.console.dll, TestPluginCache.GetExtensionPaths: Added default extension paths: C:\Program Files\dotnet\sdk\8.0.301\Extensions\Microsoft.Diagnostics.NETCore.Client.dll
C:\Program Files\dotnet\sdk\8.0.301\Extensions\Microsoft.TestPlatform.Extensions.BlameDataCollector.dll
C:\Program Files\dotnet\sdk\8.0.301\Extensions\Microsoft.TestPlatform.Extensions.EventLogCollector.dll
C:\Program Files\dotnet\sdk\8.0.301\Extensions\Microsoft.TestPlatform.TestHostRuntimeProvider.dll
C:\Program Files\dotnet\sdk\8.0.301\Extensions\Microsoft.VisualStudio.TestPlatform.Extensions.Html.TestLogger.dll
C:\Program Files\dotnet\sdk\8.0.301\Extensions\Microsoft.VisualStudio.TestPlatform.Extensions.Trx.TestLogger.dll
TpTrace Verbose: 0 : 14816, 1, 2024/06/11, 16:06:44.375, 8513211289740, vstest.console.dll, TestPluginCache.GetExtensionPaths: Added unfilterableExtensionPaths: 
TpTrace Information: 0 : 14816, 1, 2024/06/11, 16:06:44.376, 8513211295328, vstest.console.dll, AssemblyResolver.ctor: Creating AssemblyResolver with searchDirectories C:\Program Files\dotnet\sdk\8.0.301\Extensions,C:\Program Files\dotnet\sdk\8.0.301
TpTrace Verbose: 0 : 14816, 1, 2024/06/11, 16:06:44.378, 8513211310916, vstest.console.dll, TestPluginCache.DiscoverTestExtensions: Discovering the extensions using extension path.
TpTrace Verbose: 0 : 14816, 1, 2024/06/11, 16:06:44.378, 8513211312219, vstest.console.dll, TestPluginCache.GetExtensionPaths: Filtered extension paths: 
TpTrace Verbose: 0 : 14816, 1, 2024/06/11, 16:06:44.378, 8513211312633, vstest.console.dll, TestPluginCache.GetExtensionPaths: Added default extension paths: C:\Program Files\dotnet\sdk\8.0.301\Extensions\Microsoft.Diagnostics.NETCore.Client.dll
C:\Program Files\dotnet\sdk\8.0.301\Extensions\Microsoft.TestPlatform.Extensions.BlameDataCollector.dll
C:\Program Files\dotnet\sdk\8.0.301\Extensions\Microsoft.TestPlatform.Extensions.EventLogCollector.dll
C:\Program Files\dotnet\sdk\8.0.301\Extensions\Microsoft.TestPlatform.TestHostRuntimeProvider.dll
C:\Program Files\dotnet\sdk\8.0.301\Extensions\Microsoft.VisualStudio.TestPlatform.Extensions.Html.TestLogger.dll
C:\Program Files\dotnet\sdk\8.0.301\Extensions\Microsoft.VisualStudio.TestPlatform.Extensions.Trx.TestLogger.dll
TpTrace Verbose: 0 : 14816, 1, 2024/06/11, 16:06:44.378, 8513211312976, vstest.console.dll, TestPluginCache.GetExtensionPaths: Added unfilterableExtensionPaths: 
TpTrace Verbose: 0 : 14816, 1, 2024/06/11, 16:06:44.378, 8513211313577, vstest.console.dll, TestPluginCache.DiscoverTestExtensions: Discovering the extensions using allExtensionPaths: C:\Program Files\dotnet\sdk\8.0.301\Extensions\Microsoft.Diagnostics.NETCore.Client.dll
C:\Program Files\dotnet\sdk\8.0.301\Extensions\Microsoft.TestPlatform.Extensions.BlameDataCollector.dll
C:\Program Files\dotnet\sdk\8.0.301\Extensions\Microsoft.TestPlatform.Extensions.EventLogCollector.dll
C:\Program Files\dotnet\sdk\8.0.301\Extensions\Microsoft.TestPlatform.TestHostRuntimeProvider.dll
C:\Program Files\dotnet\sdk\8.0.301\Extensions\Microsoft.VisualStudio.TestPlatform.Extensions.Html.TestLogger.dll
C:\Program Files\dotnet\sdk\8.0.301\Extensions\Microsoft.VisualStudio.TestPlatform.Extensions.Trx.TestLogger.dll
TpTrace Information: 0 : 14816, 1, 2024/06/11, 16:06:44.378, 8513211314969, vstest.console.dll, AssemblyResolver.AddSearchDirectories: Adding more searchDirectories C:\Program Files\dotnet\sdk\8.0.301\Extensions,C:\Program Files\dotnet\sdk\8.0.301
TpTrace Information: 0 : 14816, 1, 2024/06/11, 16:06:44.378, 8513211315559, vstest.console.dll, AssemblyResolver.AddSearchDirectories: Adding more searchDirectories C:\Program Files\dotnet\sdk\8.0.301\Extensions,C:\Program Files\dotnet\sdk\8.0.301
TpTrace Information: 0 : 14816, 1, 2024/06/11, 16:06:44.378, 8513211315908, vstest.console.dll, AssemblyResolver.AddSearchDirectories: Adding more searchDirectories C:\Program Files\dotnet\sdk\8.0.301\Extensions,C:\Program Files\dotnet\sdk\8.0.301
TpTrace Information: 0 : 14816, 1, 2024/06/11, 16:06:44.378, 8513211316261, vstest.console.dll, AssemblyResolver.AddSearchDirectories: Adding more searchDirectories C:\Program Files\dotnet\sdk\8.0.301\Extensions,C:\Program Files\dotnet\sdk\8.0.301
TpTrace Information: 0 : 14816, 1, 2024/06/11, 16:06:44.378, 8513211316559, vstest.console.dll, AssemblyResolver.AddSearchDirectories: Adding more searchDirectories C:\Program Files\dotnet\sdk\8.0.301\Extensions,C:\Program Files\dotnet\sdk\8.0.301
TpTrace Information: 0 : 14816, 1, 2024/06/11, 16:06:44.378, 8513211316848, vstest.console.dll, AssemblyResolver.AddSearchDirectories: Adding more searchDirectories C:\Program Files\dotnet\sdk\8.0.301\Extensions,C:\Program Files\dotnet\sdk\8.0.301
TpTrace Information: 0 : 14816, 1, 2024/06/11, 16:06:44.379, 8513211321497, vstest.console.dll, AssemblyResolver.OnResolve: Microsoft.Diagnostics.NETCore.Client: Resolving assembly.
TpTrace Information: 0 : 14816, 1, 2024/06/11, 16:06:44.379, 8513211322253, vstest.console.dll, AssemblyResolver.OnResolve: Microsoft.Diagnostics.NETCore.Client: Searching in: 'C:\Program Files\dotnet\sdk\8.0.301\Extensions'.
TpTrace Information: 0 : 14816, 1, 2024/06/11, 16:06:44.386, 8513211396626, vstest.console.dll, AssemblyResolver.OnResolve: Microsoft.Diagnostics.NETCore.Client: Loading assembly 'C:\Program Files\dotnet\sdk\8.0.301\Extensions\Microsoft.Diagnostics.NETCore.Client.dll'.
TpTrace Information: 0 : 14816, 1, 2024/06/11, 16:06:44.387, 8513211403130, vstest.console.dll, AssemblyResolver.OnResolve: Resolved assembly: Microsoft.Diagnostics.NETCore.Client, from path: C:\Program Files\dotnet\sdk\8.0.301\Extensions\Microsoft.Diagnostics.NETCore.Client.dll
TpTrace Verbose: 0 : 14816, 1, 2024/06/11, 16:06:44.391, 8513211448981, vstest.console.dll, MetadataReaderExtensionsHelper: Discovering extensions inside assembly 'Microsoft.Diagnostics.NETCore.Client, Version=0.2.10.15101, Culture=neutral, PublicKeyToken=31bf3856ad364e35' file path 'C:\Program Files\dotnet\sdk\8.0.301\Extensions\Microsoft.Diagnostics.NETCore.Client.dll'
TpTrace Information: 0 : 14816, 1, 2024/06/11, 16:06:44.396, 8513211493723, vstest.console.dll, AssemblyResolver.OnResolve: Microsoft.Bcl.AsyncInterfaces: Resolving assembly.
TpTrace Information: 0 : 14816, 1, 2024/06/11, 16:06:44.396, 8513211494574, vstest.console.dll, AssemblyResolver.OnResolve: Microsoft.Bcl.AsyncInterfaces: Searching in: 'C:\Program Files\dotnet\sdk\8.0.301\Extensions'.
TpTrace Information: 0 : 14816, 1, 2024/06/11, 16:06:44.396, 8513211495280, vstest.console.dll, AssemblyResolver.OnResolve: Microsoft.Bcl.AsyncInterfaces: Assembly path does not exist: 'C:\Program Files\dotnet\sdk\8.0.301\Extensions\Microsoft.Bcl.AsyncInterfaces.dll', returning.
TpTrace Information: 0 : 14816, 1, 2024/06/11, 16:06:44.396, 8513211496280, vstest.console.dll, AssemblyResolver.OnResolve: Microsoft.Bcl.AsyncInterfaces: Assembly path does not exist: 'C:\Program Files\dotnet\sdk\8.0.301\Extensions\Microsoft.Bcl.AsyncInterfaces.exe', returning.
TpTrace Information: 0 : 14816, 1, 2024/06/11, 16:06:44.396, 8513211496645, vstest.console.dll, AssemblyResolver.OnResolve: Microsoft.Bcl.AsyncInterfaces: Searching in: 'C:\Program Files\dotnet\sdk\8.0.301'.
TpTrace Information: 0 : 14816, 1, 2024/06/11, 16:06:44.396, 8513211497190, vstest.console.dll, AssemblyResolver.OnResolve: Microsoft.Bcl.AsyncInterfaces: Assembly path does not exist: 'C:\Program Files\dotnet\sdk\8.0.301\Microsoft.Bcl.AsyncInterfaces.dll', returning.
TpTrace Information: 0 : 14816, 1, 2024/06/11, 16:06:44.396, 8513211497798, vstest.console.dll, AssemblyResolver.OnResolve: Microsoft.Bcl.AsyncInterfaces: Assembly path does not exist: 'C:\Program Files\dotnet\sdk\8.0.301\Microsoft.Bcl.AsyncInterfaces.exe', returning.
TpTrace Information: 0 : 14816, 1, 2024/06/11, 16:06:44.396, 8513211498102, vstest.console.dll, AssemblyResolver.OnResolve: Microsoft.Bcl.AsyncInterfaces: Failed to load assembly.
TpTrace Verbose: 0 : 14816, 1, 2024/06/11, 16:06:44.396, 8513211498445, vstest.console.dll, CurrentDomainAssemblyResolve: Resolving assembly 'Microsoft.Bcl.AsyncInterfaces'.
TpTrace Information: 0 : 14816, 1, 2024/06/11, 16:06:44.396, 8513211498984, vstest.console.dll, AssemblyResolver.OnResolve: Microsoft.Bcl.AsyncInterfaces: Resolving assembly.
TpTrace Information: 0 : 14816, 1, 2024/06/11, 16:06:44.396, 8513211499374, vstest.console.dll, AssemblyResolver.OnResolve: Microsoft.Bcl.AsyncInterfaces: Resolved from cache.
TpTrace Verbose: 0 : 14816, 1, 2024/06/11, 16:06:44.396, 8513211499716, vstest.console.dll, CurrentDomainAssemblyResolve: Resolving assembly 'Microsoft.Bcl.AsyncInterfaces'.
TpTrace Verbose: 0 : 14816, 1, 2024/06/11, 16:06:44.397, 8513211500046, vstest.console.dll, CurrentDomainAssemblyResolve: Failed to resolve assembly 'Microsoft.Bcl.AsyncInterfaces'.
TpTrace Verbose: 0 : 14816, 1, 2024/06/11, 16:06:44.397, 8513211508890, vstest.console.dll, CurrentDomainAssemblyResolve: Failed to resolve assembly 'Microsoft.Bcl.AsyncInterfaces'.
TpTrace Warning: 0 : 14816, 1, 2024/06/11, 16:06:44.407, 8513211607050, vstest.console.dll, TestPluginDiscoverer: Failed to get types from assembly 'Microsoft.Diagnostics.NETCore.Client, Version=0.2.10.15101, Culture=neutral, PublicKeyToken=31bf3856ad364e35'. Error: System.Reflection.ReflectionTypeLoadException: Unable to load one or more of the requested types.
Could not load file or assembly 'Microsoft.Bcl.AsyncInterfaces, Version=6.0.0.0, Culture=neutral, PublicKeyToken=cc7b13ffcd2ddd51'. The system cannot find the file specified.
   at System.Reflection.RuntimeModule.GetTypes(RuntimeModule module)
   at System.Reflection.RuntimeModule.GetTypes()
   at Microsoft.VisualStudio.TestPlatform.Common.ExtensionFramework.TestPluginDiscoverer.GetTestExtensionsFromAssembly[TPluginInfo,TExtension](Assembly assembly, Dictionary`2 pluginInfos, String filePath) in /_/src/Microsoft.TestPlatform.Common/ExtensionFramework/TestPluginDiscoverer.cs:line 158
System.IO.FileNotFoundException: Could not load file or assembly 'Microsoft.Bcl.AsyncInterfaces, Version=6.0.0.0, Culture=neutral, PublicKeyToken=cc7b13ffcd2ddd51'. The system cannot find the file specified.
File name: 'Microsoft.Bcl.AsyncInterfaces, Version=6.0.0.0, Culture=neutral, PublicKeyToken=cc7b13ffcd2ddd51'
 ---> System.IO.FileNotFoundException: Could not load file or assembly 'Microsoft.Bcl.AsyncInterfaces, Culture=neutral, PublicKeyToken=null'. The system cannot find the file specified.
File name: 'Microsoft.Bcl.AsyncInterfaces, Culture=neutral, PublicKeyToken=null'
   at System.Reflection.RuntimeAssembly.InternalLoad(AssemblyName assemblyName, StackCrawlMark& stackMark, AssemblyLoadContext assemblyLoadContext, RuntimeAssembly requestingAssembly, Boolean throwOnFileNotFound)
   at System.Reflection.Assembly.Load(AssemblyName assemblyRef)
   at Microsoft.VisualStudio.TestPlatform.Common.ExtensionFramework.TestPluginCache.CurrentDomainAssemblyResolve(Object sender, AssemblyResolveEventArgs args) in /_/src/Microsoft.TestPlatform.Common/ExtensionFramework/TestPluginCache.cs:line 513
   at System.Runtime.Loader.AssemblyLoadContext.GetFirstResolvedAssemblyFromResolvingEvent(AssemblyName assemblyName)
   at System.Runtime.Loader.AssemblyLoadContext.ResolveUsingEvent(AssemblyName assemblyName)
   at System.Runtime.Loader.AssemblyLoadContext.ResolveUsingResolvingEvent(IntPtr gchManagedAssemblyLoadContext, AssemblyName assemblyName)
TpTrace Warning: 0 : 14816, 1, 2024/06/11, 16:06:44.408, 8513211610134, vstest.console.dll, LoaderExceptions: System.IO.FileNotFoundException: Could not load file or assembly 'Microsoft.Bcl.AsyncInterfaces, Version=6.0.0.0, Culture=neutral, PublicKeyToken=cc7b13ffcd2ddd51'. The system cannot find the file specified.
File name: 'Microsoft.Bcl.AsyncInterfaces, Version=6.0.0.0, Culture=neutral, PublicKeyToken=cc7b13ffcd2ddd51'
 ---> System.IO.FileNotFoundException: Could not load file or assembly 'Microsoft.Bcl.AsyncInterfaces, Culture=neutral, PublicKeyToken=null'. The system cannot find the file specified.
File name: 'Microsoft.Bcl.AsyncInterfaces, Culture=neutral, PublicKeyToken=null'
   at System.Reflection.RuntimeAssembly.InternalLoad(AssemblyName assemblyName, StackCrawlMark& stackMark, AssemblyLoadContext assemblyLoadContext, RuntimeAssembly requestingAssembly, Boolean throwOnFileNotFound)
   at System.Reflection.Assembly.Load(AssemblyName assemblyRef)
   at Microsoft.VisualStudio.TestPlatform.Common.ExtensionFramework.TestPluginCache.CurrentDomainAssemblyResolve(Object sender, AssemblyResolveEventArgs args) in /_/src/Microsoft.TestPlatform.Common/ExtensionFramework/TestPluginCache.cs:line 513
   at System.Runtime.Loader.AssemblyLoadContext.GetFirstResolvedAssemblyFromResolvingEvent(AssemblyName assemblyName)
   at System.Runtime.Loader.AssemblyLoadContext.ResolveUsingEvent(AssemblyName assemblyName)
   at System.Runtime.Loader.AssemblyLoadContext.ResolveUsingResolvingEvent(IntPtr gchManagedAssemblyLoadContext, AssemblyName assemblyName)
TpTrace Information: 0 : 14816, 1, 2024/06/11, 16:06:44.408, 8513211611427, vstest.console.dll, AssemblyResolver.OnResolve: Microsoft.TestPlatform.Extensions.BlameDataCollector: Resolving assembly.
TpTrace Information: 0 : 14816, 1, 2024/06/11, 16:06:44.408, 8513211611838, vstest.console.dll, AssemblyResolver.OnResolve: Microsoft.TestPlatform.Extensions.BlameDataCollector: Searching in: 'C:\Program Files\dotnet\sdk\8.0.301\Extensions'.
TpTrace Information: 0 : 14816, 1, 2024/06/11, 16:06:44.408, 8513211616473, vstest.console.dll, AssemblyResolver.OnResolve: Microsoft.TestPlatform.Extensions.BlameDataCollector: Loading assembly 'C:\Program Files\dotnet\sdk\8.0.301\Extensions\Microsoft.TestPlatform.Extensions.BlameDataCollector.dll'.
TpTrace Information: 0 : 14816, 1, 2024/06/11, 16:06:44.409, 8513211621647, vstest.console.dll, AssemblyResolver.OnResolve: Resolved assembly: Microsoft.TestPlatform.Extensions.BlameDataCollector, from path: C:\Program Files\dotnet\sdk\8.0.301\Extensions\Microsoft.TestPlatform.Extensions.BlameDataCollector.dll
TpTrace Verbose: 0 : 14816, 1, 2024/06/11, 16:06:44.409, 8513211622516, vstest.console.dll, MetadataReaderExtensionsHelper: Discovering extensions inside assembly 'Microsoft.TestPlatform.Extensions.BlameDataCollector, Version=15.0.0.0, Culture=neutral, PublicKeyToken=b03f5f7f11d50a3a' file path 'C:\Program Files\dotnet\sdk\8.0.301\Extensions\Microsoft.TestPlatform.Extensions.BlameDataCollector.dll'
TpTrace Information: 0 : 14816, 1, 2024/06/11, 16:06:44.410, 8513211636605, vstest.console.dll, AssemblyResolver.OnResolve: Microsoft.TestPlatform.Extensions.EventLogCollector: Resolving assembly.
TpTrace Information: 0 : 14816, 1, 2024/06/11, 16:06:44.410, 8513211637356, vstest.console.dll, AssemblyResolver.OnResolve: Microsoft.TestPlatform.Extensions.EventLogCollector: Searching in: 'C:\Program Files\dotnet\sdk\8.0.301\Extensions'.
TpTrace Information: 0 : 14816, 1, 2024/06/11, 16:06:44.411, 8513211642619, vstest.console.dll, AssemblyResolver.OnResolve: Microsoft.TestPlatform.Extensions.EventLogCollector: Loading assembly 'C:\Program Files\dotnet\sdk\8.0.301\Extensions\Microsoft.TestPlatform.Extensions.EventLogCollector.dll'.
TpTrace Information: 0 : 14816, 1, 2024/06/11, 16:06:44.411, 8513211647682, vstest.console.dll, AssemblyResolver.OnResolve: Resolved assembly: Microsoft.TestPlatform.Extensions.EventLogCollector, from path: C:\Program Files\dotnet\sdk\8.0.301\Extensions\Microsoft.TestPlatform.Extensions.EventLogCollector.dll
TpTrace Verbose: 0 : 14816, 1, 2024/06/11, 16:06:44.411, 8513211648447, vstest.console.dll, MetadataReaderExtensionsHelper: Discovering extensions inside assembly 'Microsoft.TestPlatform.Extensions.EventLogCollector, Version=15.0.0.0, Culture=neutral, PublicKeyToken=b03f5f7f11d50a3a' file path 'C:\Program Files\dotnet\sdk\8.0.301\Extensions\Microsoft.TestPlatform.Extensions.EventLogCollector.dll'
TpTrace Information: 0 : 14816, 1, 2024/06/11, 16:06:44.414, 8513211672981, vstest.console.dll, AssemblyResolver.OnResolve: Microsoft.TestPlatform.TestHostRuntimeProvider: Resolving assembly.
TpTrace Information: 0 : 14816, 1, 2024/06/11, 16:06:44.414, 8513211673683, vstest.console.dll, AssemblyResolver.OnResolve: Microsoft.TestPlatform.TestHostRuntimeProvider: Searching in: 'C:\Program Files\dotnet\sdk\8.0.301\Extensions'.
TpTrace Information: 0 : 14816, 1, 2024/06/11, 16:06:44.414, 8513211678298, vstest.console.dll, AssemblyResolver.OnResolve: Microsoft.TestPlatform.TestHostRuntimeProvider: Loading assembly 'C:\Program Files\dotnet\sdk\8.0.301\Extensions\Microsoft.TestPlatform.TestHostRuntimeProvider.dll'.
TpTrace Information: 0 : 14816, 1, 2024/06/11, 16:06:44.415, 8513211683418, vstest.console.dll, AssemblyResolver.OnResolve: Resolved assembly: Microsoft.TestPlatform.TestHostRuntimeProvider, from path: C:\Program Files\dotnet\sdk\8.0.301\Extensions\Microsoft.TestPlatform.TestHostRuntimeProvider.dll
TpTrace Verbose: 0 : 14816, 1, 2024/06/11, 16:06:44.415, 8513211684211, vstest.console.dll, MetadataReaderExtensionsHelper: Discovering extensions inside assembly 'Microsoft.TestPlatform.TestHostRuntimeProvider, Version=15.0.0.0, Culture=neutral, PublicKeyToken=b03f5f7f11d50a3a' file path 'C:\Program Files\dotnet\sdk\8.0.301\Extensions\Microsoft.TestPlatform.TestHostRuntimeProvider.dll'
TpTrace Information: 0 : 14816, 1, 2024/06/11, 16:06:44.417, 8513211699956, vstest.console.dll, GetTestExtensionFromType: Register extension with identifier data 'HostProvider://DefaultTestHost' and type 'Microsoft.VisualStudio.TestPlatform.CrossPlatEngine.Hosting.DefaultTestHostManager, Microsoft.TestPlatform.TestHostRuntimeProvider, Version=15.0.0.0, Culture=neutral, PublicKeyToken=b03f5f7f11d50a3a' inside file 'C:\Program Files\dotnet\sdk\8.0.301\Extensions\Microsoft.TestPlatform.TestHostRuntimeProvider.dll'
TpTrace Information: 0 : 14816, 1, 2024/06/11, 16:06:44.417, 8513211702272, vstest.console.dll, GetTestExtensionFromType: Register extension with identifier data 'HostProvider://DotnetTestHost' and type 'Microsoft.VisualStudio.TestPlatform.CrossPlatEngine.Hosting.DotnetTestHostManager, Microsoft.TestPlatform.TestHostRuntimeProvider, Version=15.0.0.0, Culture=neutral, PublicKeyToken=b03f5f7f11d50a3a' inside file 'C:\Program Files\dotnet\sdk\8.0.301\Extensions\Microsoft.TestPlatform.TestHostRuntimeProvider.dll'
TpTrace Information: 0 : 14816, 1, 2024/06/11, 16:06:44.417, 8513211703069, vstest.console.dll, AssemblyResolver.OnResolve: Microsoft.VisualStudio.TestPlatform.Extensions.Html.TestLogger: Resolving assembly.
TpTrace Information: 0 : 14816, 1, 2024/06/11, 16:06:44.417, 8513211703434, vstest.console.dll, AssemblyResolver.OnResolve: Microsoft.VisualStudio.TestPlatform.Extensions.Html.TestLogger: Searching in: 'C:\Program Files\dotnet\sdk\8.0.301\Extensions'.
TpTrace Information: 0 : 14816, 1, 2024/06/11, 16:06:44.417, 8513211708359, vstest.console.dll, AssemblyResolver.OnResolve: Microsoft.VisualStudio.TestPlatform.Extensions.Html.TestLogger: Loading assembly 'C:\Program Files\dotnet\sdk\8.0.301\Extensions\Microsoft.VisualStudio.TestPlatform.Extensions.Html.TestLogger.dll'.
TpTrace Information: 0 : 14816, 1, 2024/06/11, 16:06:44.418, 8513211713293, vstest.console.dll, AssemblyResolver.OnResolve: Resolved assembly: Microsoft.VisualStudio.TestPlatform.Extensions.Html.TestLogger, from path: C:\Program Files\dotnet\sdk\8.0.301\Extensions\Microsoft.VisualStudio.TestPlatform.Extensions.Html.TestLogger.dll
TpTrace Verbose: 0 : 14816, 1, 2024/06/11, 16:06:44.418, 8513211714036, vstest.console.dll, MetadataReaderExtensionsHelper: Discovering extensions inside assembly 'Microsoft.VisualStudio.TestPlatform.Extensions.Html.TestLogger, Version=15.0.0.0, Culture=neutral, PublicKeyToken=b03f5f7f11d50a3a' file path 'C:\Program Files\dotnet\sdk\8.0.301\Extensions\Microsoft.VisualStudio.TestPlatform.Extensions.Html.TestLogger.dll'
TpTrace Information: 0 : 14816, 1, 2024/06/11, 16:06:44.419, 8513211722203, vstest.console.dll, AssemblyResolver.OnResolve: Microsoft.VisualStudio.TestPlatform.Extensions.Trx.TestLogger: Resolving assembly.
TpTrace Information: 0 : 14816, 1, 2024/06/11, 16:06:44.419, 8513211722809, vstest.console.dll, AssemblyResolver.OnResolve: Microsoft.VisualStudio.TestPlatform.Extensions.Trx.TestLogger: Searching in: 'C:\Program Files\dotnet\sdk\8.0.301\Extensions'.
TpTrace Information: 0 : 14816, 1, 2024/06/11, 16:06:44.419, 8513211726854, vstest.console.dll, AssemblyResolver.OnResolve: Microsoft.VisualStudio.TestPlatform.Extensions.Trx.TestLogger: Loading assembly 'C:\Program Files\dotnet\sdk\8.0.301\Extensions\Microsoft.VisualStudio.TestPlatform.Extensions.Trx.TestLogger.dll'.
TpTrace Information: 0 : 14816, 1, 2024/06/11, 16:06:44.420, 8513211731904, vstest.console.dll, AssemblyResolver.OnResolve: Resolved assembly: Microsoft.VisualStudio.TestPlatform.Extensions.Trx.TestLogger, from path: C:\Program Files\dotnet\sdk\8.0.301\Extensions\Microsoft.VisualStudio.TestPlatform.Extensions.Trx.TestLogger.dll
TpTrace Verbose: 0 : 14816, 1, 2024/06/11, 16:06:44.420, 8513211732562, vstest.console.dll, MetadataReaderExtensionsHelper: Discovering extensions inside assembly 'Microsoft.VisualStudio.TestPlatform.Extensions.Trx.TestLogger, Version=15.0.0.0, Culture=neutral, PublicKeyToken=b03f5f7f11d50a3a' file path 'C:\Program Files\dotnet\sdk\8.0.301\Extensions\Microsoft.VisualStudio.TestPlatform.Extensions.Trx.TestLogger.dll'
TpTrace Verbose: 0 : 14816, 1, 2024/06/11, 16:06:44.421, 8513211743156, vstest.console.dll, TestPluginCache: Discovered the extensions using extension path ''.
TpTrace Verbose: 0 : 14816, 1, 2024/06/11, 16:06:44.421, 8513211743761, vstest.console.dll, TestPluginCache: Discoverers are ''.
TpTrace Verbose: 0 : 14816, 1, 2024/06/11, 16:06:44.421, 8513211744040, vstest.console.dll, TestPluginCache: Executors are ''.
TpTrace Verbose: 0 : 14816, 1, 2024/06/11, 16:06:44.421, 8513211744274, vstest.console.dll, TestPluginCache: Executors2 are ''.
TpTrace Verbose: 0 : 14816, 1, 2024/06/11, 16:06:44.421, 8513211744629, vstest.console.dll, TestPluginCache: Setting providers are ''.
TpTrace Verbose: 0 : 14816, 1, 2024/06/11, 16:06:44.421, 8513211744856, vstest.console.dll, TestPluginCache: Loggers are ''.
TpTrace Verbose: 0 : 14816, 1, 2024/06/11, 16:06:44.421, 8513211746572, vstest.console.dll, TestPluginCache: TestHosts are 'HostProvider://DefaultTestHost,HostProvider://DotnetTestHost'.
TpTrace Verbose: 0 : 14816, 1, 2024/06/11, 16:06:44.421, 8513211746949, vstest.console.dll, TestPluginCache: DataCollectors are ''.
TpTrace Information: 0 : 14816, 1, 2024/06/11, 16:06:44.433, 8513211868396, vstest.console.dll, RunTestsArgumentProcessor:Execute: Test run is starting.
TpTrace Verbose: 0 : 14816, 1, 2024/06/11, 16:06:44.433, 8513211869232, vstest.console.dll, RunTestsArgumentProcessor:Execute: Queuing Test run.
TpTrace Information: 0 : 14816, 1, 2024/06/11, 16:06:44.434, 8513211871463, vstest.console.dll, TestRequestManager.RunTests: run tests started.
TpTrace Information: 0 : 14816, 1, 2024/06/11, 16:06:44.435, 8513211881169, vstest.console.dll, AssemblyMetadataProvider.GetFrameworkName: Determined framework:'.NETCoreApp,Version=v7.0' for source: 'C:\Users\mahyo\source\repos\GameService\Game.API.Controllers.Tests\bin\Debug\net7.0\fine-code-coverage\build-output\Game.API.Controllers.Tests.dll'
TpTrace Information: 0 : 14816, 1, 2024/06/11, 16:06:44.435, 8513211882515, vstest.console.dll, Determined framework for all sources: .NETCoreApp,Version=v7.0
TpTrace Verbose: 0 : 14816, 1, 2024/06/11, 16:06:44.435, 8513211885289, vstest.console.dll, TestRequestManager.UpdateRunSettingsIfRequired: Default architecture: X64 IsDefaultTargetArchitecture: True, Current process architecture: X64 OperatingSystem: Windows.
TpTrace Information: 0 : 14816, 1, 2024/06/11, 16:06:44.436, 8513211899286, vstest.console.dll, AssemblyMetadataProvider.GetArchitecture: Determined architecture:AnyCPU info for assembly: C:\Users\mahyo\source\repos\GameService\Game.API.Controllers.Tests\bin\Debug\net7.0\fine-code-coverage\build-output\Game.API.Controllers.Tests.dll
TpTrace Information: 0 : 14816, 1, 2024/06/11, 16:06:44.436, 8513211899831, vstest.console.dll, Determined platform for source 'C:\Users\mahyo\source\repos\GameService\Game.API.Controllers.Tests\bin\Debug\net7.0\fine-code-coverage\build-output\Game.API.Controllers.Tests.dll' was AnyCPU and it will use the default plaform X64.
TpTrace Information: 0 : 14816, 1, 2024/06/11, 16:06:44.437, 8513211900124, vstest.console.dll, None of the sources provided any runnable platform, using the default platform: X64
TpTrace Information: 0 : 14816, 1, 2024/06/11, 16:06:44.437, 8513211900923, vstest.console.dll, Platform was updated to 'X64'.
TpTrace Information: 0 : 14816, 1, 2024/06/11, 16:06:44.439, 8513211929854, vstest.console.dll, InferRunSettingsHelper.IsTestSettingsEnabled: Unable to navigate to RunSettings/MSTest. Current node: RunSettings
TpTrace Information: 0 : 14816, 1, 2024/06/11, 16:06:44.440, 8513211935548, vstest.console.dll, AssemblyResolver.OnResolve: Microsoft.VisualStudio.TestPlatform.Fakes: Resolving assembly.
TpTrace Information: 0 : 14816, 1, 2024/06/11, 16:06:44.440, 8513211936166, vstest.console.dll, AssemblyResolver.OnResolve: Microsoft.VisualStudio.TestPlatform.Fakes: Searching in: 'C:\Program Files\dotnet\sdk\8.0.301\Extensions'.
TpTrace Information: 0 : 14816, 1, 2024/06/11, 16:06:44.440, 8513211936920, vstest.console.dll, AssemblyResolver.OnResolve: Microsoft.VisualStudio.TestPlatform.Fakes: Assembly path does not exist: 'C:\Program Files\dotnet\sdk\8.0.301\Extensions\Microsoft.VisualStudio.TestPlatform.Fakes.dll', returning.
TpTrace Information: 0 : 14816, 1, 2024/06/11, 16:06:44.440, 8513211937508, vstest.console.dll, AssemblyResolver.OnResolve: Microsoft.VisualStudio.TestPlatform.Fakes: Assembly path does not exist: 'C:\Program Files\dotnet\sdk\8.0.301\Extensions\Microsoft.VisualStudio.TestPlatform.Fakes.exe', returning.
TpTrace Information: 0 : 14816, 1, 2024/06/11, 16:06:44.440, 8513211937869, vstest.console.dll, AssemblyResolver.OnResolve: Microsoft.VisualStudio.TestPlatform.Fakes: Searching in: 'C:\Program Files\dotnet\sdk\8.0.301'.
TpTrace Information: 0 : 14816, 1, 2024/06/11, 16:06:44.440, 8513211938428, vstest.console.dll, AssemblyResolver.OnResolve: Microsoft.VisualStudio.TestPlatform.Fakes: Assembly path does not exist: 'C:\Program Files\dotnet\sdk\8.0.301\Microsoft.VisualStudio.TestPlatform.Fakes.dll', returning.
TpTrace Information: 0 : 14816, 1, 2024/06/11, 16:06:44.440, 8513211938969, vstest.console.dll, AssemblyResolver.OnResolve: Microsoft.VisualStudio.TestPlatform.Fakes: Assembly path does not exist: 'C:\Program Files\dotnet\sdk\8.0.301\Microsoft.VisualStudio.TestPlatform.Fakes.exe', returning.
TpTrace Information: 0 : 14816, 1, 2024/06/11, 16:06:44.440, 8513211939278, vstest.console.dll, AssemblyResolver.OnResolve: Microsoft.VisualStudio.TestPlatform.Fakes: Failed to load assembly.
TpTrace Information: 0 : 14816, 1, 2024/06/11, 16:06:44.441, 8513211941680, vstest.console.dll, Failed to load assembly Microsoft.VisualStudio.TestPlatform.Fakes, Version=17.0.0.0, Culture=neutral. Reason:System.IO.FileNotFoundException: Could not load file or assembly 'Microsoft.VisualStudio.TestPlatform.Fakes, Version=17.0.0.0, Culture=neutral, PublicKeyToken=null'. The system cannot find the file specified.
File name: 'Microsoft.VisualStudio.TestPlatform.Fakes, Version=17.0.0.0, Culture=neutral, PublicKeyToken=null'
   at System.Reflection.RuntimeAssembly.InternalLoad(AssemblyName assemblyName, StackCrawlMark& stackMark, AssemblyLoadContext assemblyLoadContext, RuntimeAssembly requestingAssembly, Boolean throwOnFileNotFound)
   at System.Reflection.Assembly.Load(AssemblyName assemblyRef)
   at Microsoft.VisualStudio.TestPlatform.Common.Utilities.FakesUtilities.LoadTestPlatformAssembly() in /_/src/Microsoft.TestPlatform.Common/Utilities/FakesUtilities.cs:line 272
TpTrace Verbose: 0 : 14816, 1, 2024/06/11, 16:06:44.443, 8513211968097, vstest.console.dll, TestPluginCache.DiscoverTestExtensions: finding test extensions in assemblies ends with: TestLogger.dll TPluginInfo: Microsoft.VisualStudio.TestPlatform.Common.ExtensionFramework.Utilities.TestLoggerPluginInformation TExtension: Microsoft.VisualStudio.TestPlatform.ObjectModel.Client.ITestLogger
TpTrace Verbose: 0 : 14816, 1, 2024/06/11, 16:06:44.443, 8513211969096, vstest.console.dll, TestPluginCache.GetExtensionPaths: Filtered extension paths: 
TpTrace Verbose: 0 : 14816, 1, 2024/06/11, 16:06:44.443, 8513211969446, vstest.console.dll, TestPluginCache.GetExtensionPaths: Added default extension paths: C:\Program Files\dotnet\sdk\8.0.301\Extensions\Microsoft.Diagnostics.NETCore.Client.dll
C:\Program Files\dotnet\sdk\8.0.301\Extensions\Microsoft.TestPlatform.Extensions.BlameDataCollector.dll
C:\Program Files\dotnet\sdk\8.0.301\Extensions\Microsoft.TestPlatform.Extensions.EventLogCollector.dll
C:\Program Files\dotnet\sdk\8.0.301\Extensions\Microsoft.TestPlatform.TestHostRuntimeProvider.dll
C:\Program Files\dotnet\sdk\8.0.301\Extensions\Microsoft.VisualStudio.TestPlatform.Extensions.Html.TestLogger.dll
C:\Program Files\dotnet\sdk\8.0.301\Extensions\Microsoft.VisualStudio.TestPlatform.Extensions.Trx.TestLogger.dll
TpTrace Verbose: 0 : 14816, 1, 2024/06/11, 16:06:44.443, 8513211969719, vstest.console.dll, TestPluginCache.GetExtensionPaths: Added unfilterableExtensionPaths: 
TpTrace Information: 0 : 14816, 1, 2024/06/11, 16:06:44.444, 8513211970769, vstest.console.dll, AssemblyResolver.AddSearchDirectories: Adding more searchDirectories C:\Program Files\dotnet\sdk\8.0.301\Extensions,C:\Program Files\dotnet\sdk\8.0.301
TpTrace Verbose: 0 : 14816, 1, 2024/06/11, 16:06:44.444, 8513211971201, vstest.console.dll, TestPluginCache.DiscoverTestExtensions: Discovering the extensions using extension path.
TpTrace Verbose: 0 : 14816, 1, 2024/06/11, 16:06:44.444, 8513211971566, vstest.console.dll, TestPluginCache.GetExtensionPaths: Filtered extension paths: 
TpTrace Verbose: 0 : 14816, 1, 2024/06/11, 16:06:44.444, 8513211971985, vstest.console.dll, TestPluginCache.GetExtensionPaths: Added default extension paths: C:\Program Files\dotnet\sdk\8.0.301\Extensions\Microsoft.Diagnostics.NETCore.Client.dll
C:\Program Files\dotnet\sdk\8.0.301\Extensions\Microsoft.TestPlatform.Extensions.BlameDataCollector.dll
C:\Program Files\dotnet\sdk\8.0.301\Extensions\Microsoft.TestPlatform.Extensions.EventLogCollector.dll
C:\Program Files\dotnet\sdk\8.0.301\Extensions\Microsoft.TestPlatform.TestHostRuntimeProvider.dll
C:\Program Files\dotnet\sdk\8.0.301\Extensions\Microsoft.VisualStudio.TestPlatform.Extensions.Html.TestLogger.dll
C:\Program Files\dotnet\sdk\8.0.301\Extensions\Microsoft.VisualStudio.TestPlatform.Extensions.Trx.TestLogger.dll
TpTrace Verbose: 0 : 14816, 1, 2024/06/11, 16:06:44.444, 8513211972338, vstest.console.dll, TestPluginCache.GetExtensionPaths: Added unfilterableExtensionPaths: 
TpTrace Verbose: 0 : 14816, 1, 2024/06/11, 16:06:44.444, 8513211972616, vstest.console.dll, TestPluginCache.DiscoverTestExtensions: Discovering the extensions using allExtensionPaths: C:\Program Files\dotnet\sdk\8.0.301\Extensions\Microsoft.Diagnostics.NETCore.Client.dll
C:\Program Files\dotnet\sdk\8.0.301\Extensions\Microsoft.TestPlatform.Extensions.BlameDataCollector.dll
C:\Program Files\dotnet\sdk\8.0.301\Extensions\Microsoft.TestPlatform.Extensions.EventLogCollector.dll
C:\Program Files\dotnet\sdk\8.0.301\Extensions\Microsoft.TestPlatform.TestHostRuntimeProvider.dll
C:\Program Files\dotnet\sdk\8.0.301\Extensions\Microsoft.VisualStudio.TestPlatform.Extensions.Html.TestLogger.dll
C:\Program Files\dotnet\sdk\8.0.301\Extensions\Microsoft.VisualStudio.TestPlatform.Extensions.Trx.TestLogger.dll
TpTrace Information: 0 : 14816, 1, 2024/06/11, 16:06:44.444, 8513211973265, vstest.console.dll, AssemblyResolver.AddSearchDirectories: Adding more searchDirectories C:\Program Files\dotnet\sdk\8.0.301\Extensions,C:\Program Files\dotnet\sdk\8.0.301
TpTrace Information: 0 : 14816, 1, 2024/06/11, 16:06:44.444, 8513211973654, vstest.console.dll, AssemblyResolver.AddSearchDirectories: Adding more searchDirectories C:\Program Files\dotnet\sdk\8.0.301\Extensions,C:\Program Files\dotnet\sdk\8.0.301
TpTrace Information: 0 : 14816, 1, 2024/06/11, 16:06:44.444, 8513211974104, vstest.console.dll, AssemblyResolver.AddSearchDirectories: Adding more searchDirectories C:\Program Files\dotnet\sdk\8.0.301\Extensions,C:\Program Files\dotnet\sdk\8.0.301
TpTrace Information: 0 : 14816, 1, 2024/06/11, 16:06:44.444, 8513211974455, vstest.console.dll, AssemblyResolver.AddSearchDirectories: Adding more searchDirectories C:\Program Files\dotnet\sdk\8.0.301\Extensions,C:\Program Files\dotnet\sdk\8.0.301
TpTrace Information: 0 : 14816, 1, 2024/06/11, 16:06:44.444, 8513211974811, vstest.console.dll, AssemblyResolver.AddSearchDirectories: Adding more searchDirectories C:\Program Files\dotnet\sdk\8.0.301\Extensions,C:\Program Files\dotnet\sdk\8.0.301
TpTrace Information: 0 : 14816, 1, 2024/06/11, 16:06:44.444, 8513211975262, vstest.console.dll, AssemblyResolver.AddSearchDirectories: Adding more searchDirectories C:\Program Files\dotnet\sdk\8.0.301\Extensions,C:\Program Files\dotnet\sdk\8.0.301
TpTrace Verbose: 0 : 14816, 1, 2024/06/11, 16:06:44.444, 8513211976520, vstest.console.dll, MetadataReaderExtensionsHelper: Discovering extensions inside assembly 'Microsoft.Diagnostics.NETCore.Client, Version=0.2.10.15101, Culture=neutral, PublicKeyToken=31bf3856ad364e35' file path 'C:\Program Files\dotnet\sdk\8.0.301\Extensions\Microsoft.Diagnostics.NETCore.Client.dll'
TpTrace Information: 0 : 14816, 1, 2024/06/11, 16:06:44.445, 8513211985198, vstest.console.dll, AssemblyResolver.OnResolve: Microsoft.Bcl.AsyncInterfaces: Resolving assembly.
TpTrace Information: 0 : 14816, 1, 2024/06/11, 16:06:44.445, 8513211985783, vstest.console.dll, AssemblyResolver.OnResolve: Microsoft.Bcl.AsyncInterfaces: Resolved from cache.
TpTrace Verbose: 0 : 14816, 1, 2024/06/11, 16:06:44.445, 8513211986087, vstest.console.dll, CurrentDomainAssemblyResolve: Resolving assembly 'Microsoft.Bcl.AsyncInterfaces'.
TpTrace Information: 0 : 14816, 1, 2024/06/11, 16:06:44.445, 8513211986833, vstest.console.dll, AssemblyResolver.OnResolve: Microsoft.Bcl.AsyncInterfaces: Resolving assembly.
TpTrace Information: 0 : 14816, 1, 2024/06/11, 16:06:44.445, 8513211987618, vstest.console.dll, AssemblyResolver.OnResolve: Microsoft.Bcl.AsyncInterfaces: Resolved from cache.
TpTrace Verbose: 0 : 14816, 1, 2024/06/11, 16:06:44.445, 8513211987938, vstest.console.dll, CurrentDomainAssemblyResolve: Resolving assembly 'Microsoft.Bcl.AsyncInterfaces'.
TpTrace Verbose: 0 : 14816, 1, 2024/06/11, 16:06:44.445, 8513211988199, vstest.console.dll, CurrentDomainAssemblyResolve: Failed to resolve assembly 'Microsoft.Bcl.AsyncInterfaces'.
TpTrace Verbose: 0 : 14816, 1, 2024/06/11, 16:06:44.445, 8513211989513, vstest.console.dll, CurrentDomainAssemblyResolve: Failed to resolve assembly 'Microsoft.Bcl.AsyncInterfaces'.
TpTrace Warning: 0 : 14816, 1, 2024/06/11, 16:06:44.446, 8513211992940, vstest.console.dll, TestPluginDiscoverer: Failed to get types from assembly 'Microsoft.Diagnostics.NETCore.Client, Version=0.2.10.15101, Culture=neutral, PublicKeyToken=31bf3856ad364e35'. Error: System.Reflection.ReflectionTypeLoadException: Unable to load one or more of the requested types.
Could not load file or assembly 'Microsoft.Bcl.AsyncInterfaces, Version=6.0.0.0, Culture=neutral, PublicKeyToken=cc7b13ffcd2ddd51'. The system cannot find the file specified.
   at System.Reflection.RuntimeModule.GetTypes(RuntimeModule module)
   at System.Reflection.RuntimeModule.GetTypes()
   at Microsoft.VisualStudio.TestPlatform.Common.ExtensionFramework.TestPluginDiscoverer.GetTestExtensionsFromAssembly[TPluginInfo,TExtension](Assembly assembly, Dictionary`2 pluginInfos, String filePath) in /_/src/Microsoft.TestPlatform.Common/ExtensionFramework/TestPluginDiscoverer.cs:line 158
System.IO.FileNotFoundException: Could not load file or assembly 'Microsoft.Bcl.AsyncInterfaces, Version=6.0.0.0, Culture=neutral, PublicKeyToken=cc7b13ffcd2ddd51'. The system cannot find the file specified.
File name: 'Microsoft.Bcl.AsyncInterfaces, Version=6.0.0.0, Culture=neutral, PublicKeyToken=cc7b13ffcd2ddd51'
 ---> System.IO.FileNotFoundException: Could not load file or assembly 'Microsoft.Bcl.AsyncInterfaces, Culture=neutral, PublicKeyToken=null'. The system cannot find the file specified.
File name: 'Microsoft.Bcl.AsyncInterfaces, Culture=neutral, PublicKeyToken=null'
   at System.Reflection.RuntimeAssembly.InternalLoad(AssemblyName assemblyName, StackCrawlMark& stackMark, AssemblyLoadContext assemblyLoadContext, RuntimeAssembly requestingAssembly, Boolean throwOnFileNotFound)
   at System.Reflection.Assembly.Load(AssemblyName assemblyRef)
   at Microsoft.VisualStudio.TestPlatform.Common.ExtensionFramework.TestPluginCache.CurrentDomainAssemblyResolve(Object sender, AssemblyResolveEventArgs args) in /_/src/Microsoft.TestPlatform.Common/ExtensionFramework/TestPluginCache.cs:line 513
   at System.Runtime.Loader.AssemblyLoadContext.GetFirstResolvedAssemblyFromResolvingEvent(AssemblyName assemblyName)
   at System.Runtime.Loader.AssemblyLoadContext.ResolveUsingEvent(AssemblyName assemblyName)
   at System.Runtime.Loader.AssemblyLoadContext.ResolveUsingResolvingEvent(IntPtr gchManagedAssemblyLoadContext, AssemblyName assemblyName)
TpTrace Warning: 0 : 14816, 1, 2024/06/11, 16:06:44.446, 8513211994895, vstest.console.dll, LoaderExceptions: System.IO.FileNotFoundException: Could not load file or assembly 'Microsoft.Bcl.AsyncInterfaces, Version=6.0.0.0, Culture=neutral, PublicKeyToken=cc7b13ffcd2ddd51'. The system cannot find the file specified.
File name: 'Microsoft.Bcl.AsyncInterfaces, Version=6.0.0.0, Culture=neutral, PublicKeyToken=cc7b13ffcd2ddd51'
 ---> System.IO.FileNotFoundException: Could not load file or assembly 'Microsoft.Bcl.AsyncInterfaces, Culture=neutral, PublicKeyToken=null'. The system cannot find the file specified.
File name: 'Microsoft.Bcl.AsyncInterfaces, Culture=neutral, PublicKeyToken=null'
   at System.Reflection.RuntimeAssembly.InternalLoad(AssemblyName assemblyName, StackCrawlMark& stackMark, AssemblyLoadContext assemblyLoadContext, RuntimeAssembly requestingAssembly, Boolean throwOnFileNotFound)
   at System.Reflection.Assembly.Load(AssemblyName assemblyRef)
   at Microsoft.VisualStudio.TestPlatform.Common.ExtensionFramework.TestPluginCache.CurrentDomainAssemblyResolve(Object sender, AssemblyResolveEventArgs args) in /_/src/Microsoft.TestPlatform.Common/ExtensionFramework/TestPluginCache.cs:line 513
   at System.Runtime.Loader.AssemblyLoadContext.GetFirstResolvedAssemblyFromResolvingEvent(AssemblyName assemblyName)
   at System.Runtime.Loader.AssemblyLoadContext.ResolveUsingEvent(AssemblyName assemblyName)
   at System.Runtime.Loader.AssemblyLoadContext.ResolveUsingResolvingEvent(IntPtr gchManagedAssemblyLoadContext, AssemblyName assemblyName)
TpTrace Verbose: 0 : 14816, 1, 2024/06/11, 16:06:44.446, 8513211995866, vstest.console.dll, MetadataReaderExtensionsHelper: Discovering extensions inside assembly 'Microsoft.TestPlatform.Extensions.BlameDataCollector, Version=15.0.0.0, Culture=neutral, PublicKeyToken=b03f5f7f11d50a3a' file path 'C:\Program Files\dotnet\sdk\8.0.301\Extensions\Microsoft.TestPlatform.Extensions.BlameDataCollector.dll'
TpTrace Information: 0 : 14816, 1, 2024/06/11, 16:06:44.447, 8513212003655, vstest.console.dll, GetTestExtensionFromType: Register extension with identifier data 'logger://Microsoft/TestPlatform/Extensions/Blame/v1' and type 'Microsoft.TestPlatform.Extensions.BlameDataCollector.BlameLogger, Microsoft.TestPlatform.Extensions.BlameDataCollector, Version=15.0.0.0, Culture=neutral, PublicKeyToken=b03f5f7f11d50a3a' inside file 'C:\Program Files\dotnet\sdk\8.0.301\Extensions\Microsoft.TestPlatform.Extensions.BlameDataCollector.dll'
TpTrace Verbose: 0 : 14816, 1, 2024/06/11, 16:06:44.447, 8513212004388, vstest.console.dll, MetadataReaderExtensionsHelper: Discovering extensions inside assembly 'Microsoft.TestPlatform.Extensions.EventLogCollector, Version=15.0.0.0, Culture=neutral, PublicKeyToken=b03f5f7f11d50a3a' file path 'C:\Program Files\dotnet\sdk\8.0.301\Extensions\Microsoft.TestPlatform.Extensions.EventLogCollector.dll'
TpTrace Verbose: 0 : 14816, 1, 2024/06/11, 16:06:44.447, 8513212009633, vstest.console.dll, MetadataReaderExtensionsHelper: Discovering extensions inside assembly 'Microsoft.TestPlatform.TestHostRuntimeProvider, Version=15.0.0.0, Culture=neutral, PublicKeyToken=b03f5f7f11d50a3a' file path 'C:\Program Files\dotnet\sdk\8.0.301\Extensions\Microsoft.TestPlatform.TestHostRuntimeProvider.dll'
TpTrace Verbose: 0 : 14816, 1, 2024/06/11, 16:06:44.448, 8513212014470, vstest.console.dll, MetadataReaderExtensionsHelper: Discovering extensions inside assembly 'Microsoft.VisualStudio.TestPlatform.Extensions.Html.TestLogger, Version=15.0.0.0, Culture=neutral, PublicKeyToken=b03f5f7f11d50a3a' file path 'C:\Program Files\dotnet\sdk\8.0.301\Extensions\Microsoft.VisualStudio.TestPlatform.Extensions.Html.TestLogger.dll'
TpTrace Information: 0 : 14816, 1, 2024/06/11, 16:06:44.449, 8513212022296, vstest.console.dll, GetTestExtensionFromType: Register extension with identifier data 'logger://Microsoft/TestPlatform/HtmlLogger/v1' and type 'Microsoft.VisualStudio.TestPlatform.Extensions.HtmlLogger.HtmlLogger, Microsoft.VisualStudio.TestPlatform.Extensions.Html.TestLogger, Version=15.0.0.0, Culture=neutral, PublicKeyToken=b03f5f7f11d50a3a' inside file 'C:\Program Files\dotnet\sdk\8.0.301\Extensions\Microsoft.VisualStudio.TestPlatform.Extensions.Html.TestLogger.dll'
TpTrace Verbose: 0 : 14816, 1, 2024/06/11, 16:06:44.449, 8513212023059, vstest.console.dll, MetadataReaderExtensionsHelper: Discovering extensions inside assembly 'Microsoft.VisualStudio.TestPlatform.Extensions.Trx.TestLogger, Version=15.0.0.0, Culture=neutral, PublicKeyToken=b03f5f7f11d50a3a' file path 'C:\Program Files\dotnet\sdk\8.0.301\Extensions\Microsoft.VisualStudio.TestPlatform.Extensions.Trx.TestLogger.dll'
TpTrace Information: 0 : 14816, 1, 2024/06/11, 16:06:44.449, 8513212028546, vstest.console.dll, GetTestExtensionFromType: Register extension with identifier data 'logger://Microsoft/TestPlatform/TrxLogger/v1' and type 'Microsoft.VisualStudio.TestPlatform.Extensions.TrxLogger.TrxLogger, Microsoft.VisualStudio.TestPlatform.Extensions.Trx.TestLogger, Version=15.0.0.0, Culture=neutral, PublicKeyToken=b03f5f7f11d50a3a' inside file 'C:\Program Files\dotnet\sdk\8.0.301\Extensions\Microsoft.VisualStudio.TestPlatform.Extensions.Trx.TestLogger.dll'
TpTrace Verbose: 0 : 14816, 1, 2024/06/11, 16:06:44.449, 8513212029459, vstest.console.dll, TestPluginCache: Discovered the extensions using extension path ''.
TpTrace Verbose: 0 : 14816, 1, 2024/06/11, 16:06:44.450, 8513212029917, vstest.console.dll, TestPluginCache: Discoverers are ''.
TpTrace Verbose: 0 : 14816, 1, 2024/06/11, 16:06:44.450, 8513212030297, vstest.console.dll, TestPluginCache: Executors are ''.
TpTrace Verbose: 0 : 14816, 1, 2024/06/11, 16:06:44.450, 8513212030542, vstest.console.dll, TestPluginCache: Executors2 are ''.
TpTrace Verbose: 0 : 14816, 1, 2024/06/11, 16:06:44.450, 8513212030768, vstest.console.dll, TestPluginCache: Setting providers are ''.
TpTrace Verbose: 0 : 14816, 1, 2024/06/11, 16:06:44.450, 8513212031593, vstest.console.dll, TestPluginCache: Loggers are 'logger://Microsoft/TestPlatform/Extensions/Blame/v1,logger://Microsoft/TestPlatform/HtmlLogger/v1,logger://Microsoft/TestPlatform/TrxLogger/v1'.
TpTrace Verbose: 0 : 14816, 1, 2024/06/11, 16:06:44.450, 8513212032289, vstest.console.dll, TestPluginCache: TestHosts are 'HostProvider://DefaultTestHost,HostProvider://DotnetTestHost'.
TpTrace Verbose: 0 : 14816, 1, 2024/06/11, 16:06:44.450, 8513212032704, vstest.console.dll, TestPluginCache: DataCollectors are ''.
TpTrace Information: 0 : 14816, 1, 2024/06/11, 16:06:44.451, 8513212041508, vstest.console.dll, TestPluginManager.CreateTestExtension: Attempting to load test extension: Microsoft.TestPlatform.Extensions.BlameDataCollector.BlameLogger
TpTrace Verbose: 0 : 14816, 1, 2024/06/11, 16:06:44.459, 8513212123748, vstest.console.dll, TestEngine: Initializing Parallel Execution as MaxCpuCount is set to: 1
TpTrace Information: 0 : 14816, 1, 2024/06/11, 16:06:44.461, 8513212149804, vstest.console.dll, TestPluginManager.CreateTestExtension: Attempting to load test extension: Microsoft.VisualStudio.TestPlatform.CrossPlatEngine.Hosting.DefaultTestHostManager
TpTrace Information: 0 : 14816, 1, 2024/06/11, 16:06:44.463, 8513212161281, vstest.console.dll, TestPluginManager.CreateTestExtension: Attempting to load test extension: Microsoft.VisualStudio.TestPlatform.CrossPlatEngine.Hosting.DotnetTestHostManager
TpTrace Information: 0 : 14816, 1, 2024/06/11, 16:06:44.463, 8513212167065, vstest.console.dll, InferRunSettingsHelper.IsTestSettingsEnabled: Unable to navigate to RunSettings/MSTest. Current node: RunSettings
TpTrace Verbose: 0 : 14816, 1, 2024/06/11, 16:06:44.464, 8513212171869, vstest.console.dll, ParallelOperationManager.ClearSlots: Clearing all slots. Slots should accept more work: True
TpTrace Verbose: 0 : 14816, 1, 2024/06/11, 16:06:44.464, 8513212177686, vstest.console.dll, ParallelOperationManager.SetOccupiedSlotCount: Setting slot counts AvailableSlotCount = 1, OccupiedSlotCount = 0.
TpTrace Verbose: 0 : 14816, 1, 2024/06/11, 16:06:44.465, 8513212180703, vstest.console.dll, Occupied slots:

TpTrace Verbose: 0 : 14816, 1, 2024/06/11, 16:06:44.468, 8513212212281, vstest.console.dll, TestEngine.GetExecutionManager: Chosen execution manager 'Microsoft.VisualStudio.TestPlatform.CrossPlatEngine.Client.Parallel.ParallelProxyExecutionManager, Microsoft.TestPlatform.CrossPlatEngine, Version=15.0.0.0, Culture=neutral, PublicKeyToken=b03f5f7f11d50a3a' ParallelLevel '1'.
TpTrace Verbose: 0 : 14816, 1, 2024/06/11, 16:06:44.468, 8513212213700, vstest.console.dll, TestRunRequest.ExecuteAsync: Creating test run request.
TpTrace Verbose: 0 : 14816, 1, 2024/06/11, 16:06:44.468, 8513212215744, vstest.console.dll, TestRunRequest.ExecuteAsync: Starting.
TpTrace Information: 0 : 14816, 1, 2024/06/11, 16:06:44.469, 8513212226370, vstest.console.dll, TestRunRequest.ExecuteAsync: Starting run with settings:TestRunCriteria:
   KeepAlive=False,FrequencyOfRunStatsChangeEvent=10,RunStatsChangeEventTimeout=00:00:01.5000000,TestCaseFilter=,TestExecutorLauncher=
   Settingsxml=<RunSettings>
  <RunConfiguration>
    <ResultsDirectory>C:\Users\mahyo\source\repos\GameService\Game.API.Controllers.Tests\bin\Debug\net7.0\fine-code-coverage\coverage-tool-output</ResultsDirectory>
    <TargetPlatform>X64</TargetPlatform>
    <TargetFrameworkVersion>.NETCoreApp,Version=v7.0</TargetFrameworkVersion>
    <DesignMode>False</DesignMode>
    <CollectSourceInformation>False</CollectSourceInformation>
  </RunConfiguration>
  <LoggerRunSettings>
    <Loggers>
      <Logger friendlyName="blame" enabled="True" />
      <Logger friendlyName="Console" uri="logger://microsoft/TestPlatform/ConsoleLogger/v1" assemblyQualifiedName="Microsoft.VisualStudio.TestPlatform.CommandLine.Internal.ConsoleLogger, vstest.console, Version=15.0.0.0, Culture=neutral, PublicKeyToken=b03f5f7f11d50a3a" codeBase="C:\Program Files\dotnet\sdk\8.0.301\vstest.console.dll" enabled="True" />
    </Loggers>
  </LoggerRunSettings>
  <DataCollectionRunSettings>
    <DataCollectors>
      <DataCollector friendlyName="blame" enabled="True">
        <Configuration>
          <ResultsDirectory>C:\Users\mahyo\source\repos\GameService\Game.API.Controllers.Tests\bin\Debug\net7.0\fine-code-coverage\coverage-tool-output</ResultsDirectory>
        </Configuration>
      </DataCollector>
    </DataCollectors>
  </DataCollectionRunSettings>
</RunSettings>

TpTrace Verbose: 0 : 14816, 1, 2024/06/11, 16:06:44.469, 8513212227024, vstest.console.dll, TestRunRequest.ExecuteAsync: Wait for the first run request is over.
TpTrace Verbose: 0 : 14816, 1, 2024/06/11, 16:06:44.470, 8513212231248, vstest.console.dll, MulticastDelegateUtilities.SafeInvoke: TestRun.TestRunStart: Invoking callbacks was skipped because there are no subscribers.
TpTrace Verbose: 0 : 14816, 4, 2024/06/11, 16:06:44.470, 8513212232897, vstest.console.dll, MulticastDelegateUtilities.SafeInvoke: InternalTestLoggerEvents.SendTestRunStart: Invoking callback 1/1 for Microsoft.VisualStudio.TestPlatform.CommandLine.Internal.ConsoleLogger., took 0 ms.
TpTrace Verbose: 0 : 14816, 1, 2024/06/11, 16:06:44.471, 8513212241962, vstest.console.dll, ParallelProxyExecutionManager: Start execution. Total sources: 1
TpTrace Verbose: 0 : 14816, 1, 2024/06/11, 16:06:44.471, 8513212246531, vstest.console.dll, ParallelOperationManager.StartWork: Starting adding 1 workloads.
TpTrace Verbose: 0 : 14816, 1, 2024/06/11, 16:06:44.471, 8513212247558, vstest.console.dll, ParallelOperationManager.ClearSlots: Clearing all slots. Slots should accept more work: True
TpTrace Verbose: 0 : 14816, 1, 2024/06/11, 16:06:44.471, 8513212248521, vstest.console.dll, ParallelOperationManager.SetOccupiedSlotCount: Setting slot counts AvailableSlotCount = 1, OccupiedSlotCount = 0.
TpTrace Verbose: 0 : 14816, 1, 2024/06/11, 16:06:44.471, 8513212249083, vstest.console.dll, Occupied slots:

TpTrace Verbose: 0 : 14816, 1, 2024/06/11, 16:06:44.473, 8513212263048, vstest.console.dll, TestRequestSender is acting as server.
TpTrace Verbose: 0 : 14816, 1, 2024/06/11, 16:06:44.474, 8513212272768, vstest.console.dll, ParallelOperationManager.RunWorkInParallel: Adding 1 workload to slot, remaining workloads 0.
TpTrace Verbose: 0 : 14816, 1, 2024/06/11, 16:06:44.474, 8513212273432, vstest.console.dll, ParallelOperationManager.SetOccupiedSlotCount: Setting slot counts AvailableSlotCount = 0, OccupiedSlotCount = 1.
TpTrace Verbose: 0 : 14816, 1, 2024/06/11, 16:06:44.474, 8513212274548, vstest.console.dll, Occupied slots:
0: C:\Users\mahyo\source\repos\GameService\Game.API.Controllers.Tests\bin\Debug\net7.0\fine-code-coverage\build-output\Game.API.Controllers.Tests.dll
TpTrace Verbose: 0 : 14816, 1, 2024/06/11, 16:06:44.475, 8513212284661, vstest.console.dll, ParallelOperationManager.RunWorkInParallel: Started host in slot number 0 for work (source): C:\Users\mahyo\source\repos\GameService\Game.API.Controllers.Tests\bin\Debug\net7.0\fine-code-coverage\build-output\Game.API.Controllers.Tests.dll.
TpTrace Verbose: 0 : 14816, 1, 2024/06/11, 16:06:44.476, 8513212292206, vstest.console.dll, ParallelOperationManager.RunWorkInParallel: We started 1 work items, which is the max parallel level. Won't start more work.
TpTrace Verbose: 0 : 14816, 1, 2024/06/11, 16:06:44.476, 8513212292907, vstest.console.dll, ParallelOperationManager.RunWorkInParallel: We started 1 work items in here, returning True.
TpTrace Information: 0 : 14816, 1, 2024/06/11, 16:06:44.476, 8513212293523, vstest.console.dll, TestRunRequest.ExecuteAsync: Started.
TpTrace Verbose: 0 : 14816, 5, 2024/06/11, 16:06:44.476, 8513212293592, vstest.console.dll, ParallelProxyExecutionManager.StartTestRunOnConcurrentManager: Initializing uninitialized client. Started clients: 0
TpTrace Verbose: 0 : 14816, 5, 2024/06/11, 16:06:44.476, 8513212295526, vstest.console.dll, DataCollectionRequestSender.InitializeCommunication : Initialize communication. 
TpTrace Verbose: 0 : 14816, 1, 2024/06/11, 16:06:44.477, 8513212300391, vstest.console.dll, TestRunRequest.WaitForCompletion: Waiting with timeout -1.
TpTrace Information: 0 : 14816, 5, 2024/06/11, 16:06:44.483, 8513212367156, vstest.console.dll, Listening on Endpoint : 127.0.0.1:64508
TpTrace Verbose: 0 : 14816, 5, 2024/06/11, 16:06:44.489, 8513212427161, vstest.console.dll, DotnetDataCollectionLauncher: Adding  --runtimeconfig "C:\Program Files\dotnet\sdk\8.0.301\datacollector.runtimeconfig.json" in args
TpTrace Verbose: 0 : 14816, 5, 2024/06/11, 16:06:44.489, 8513212428327, vstest.console.dll, DotnetDataCollectionLauncher: Adding  --depsfile "C:\Program Files\dotnet\sdk\8.0.301\datacollector.deps.json" in args
TpTrace Verbose: 0 : 14816, 5, 2024/06/11, 16:06:44.489, 8513212429704, vstest.console.dll, DotnetDataCollectionLauncher: Full path of dotnet.exe is C:\Program Files\dotnet\dotnet.exe
TpTrace Information: 0 : 14816, 5, 2024/06/11, 16:06:44.496, 8513212496619, vstest.console.dll, ProxyDataCollectionManager.Initialize: Launched datacollector processId: 4960 port: 64508
TpTrace Information: 0 : 14816, 5, 2024/06/11, 16:06:44.496, 8513212498513, vstest.console.dll, ProxyDataCollectionManager.Initialize: waiting for connection with timeout: 90 seconds
TpTrace Verbose: 0 : 14816, 5, 2024/06/11, 16:06:44.496, 8513212499207, vstest.console.dll, DataCollectionRequestSender.WaitForRequestHandlerConnection : Waiting for connection with timeout: 90000
TpTrace Information: 0 : 14816, 7, 2024/06/11, 16:06:44.651, 8513214042969, vstest.console.dll, Using the buffer size of 16384 bytes
TpTrace Verbose: 0 : 14816, 5, 2024/06/11, 16:06:44.651, 8513214043122, vstest.console.dll, SocketCommunicationManager.WaitForClientConnection took: 154 ms, with 90000 ms timeout, and finished with True.
TpTrace Information: 0 : 14816, 7, 2024/06/11, 16:06:44.651, 8513214043906, vstest.console.dll, Accepted Client request and set the flag
TpTrace Verbose: 0 : 14816, 5, 2024/06/11, 16:06:44.651, 8513214045096, vstest.console.dll, ProxyDataCollectionManager.InvokeDataCollectionServiceAction: Starting.
TpTrace Information: 0 : 14816, 5, 2024/06/11, 16:06:44.651, 8513214045851, vstest.console.dll, ProxyDataCollectionManager.BeforeTestRunStart: Get environment variable and port for datacollector processId: 4960 port: 64508
TpTrace Verbose: 0 : 14816, 5, 2024/06/11, 16:06:44.651, 8513214046740, vstest.console.dll, DataCollectionRequestSender.SendBeforeTestRunStartAndGetResult: Send BeforeTestRunStart message with settingsXml <RunSettings><RunConfiguration><ResultsDirectory>C:\Users\mahyo\source\repos\GameService\Game.API.Controllers.Tests\bin\Debug\net7.0\fine-code-coverage\coverage-tool-output</ResultsDirectory><TargetPlatform>X64</TargetPlatform><TargetFrameworkVersion>.NETCoreApp,Version=v7.0</TargetFrameworkVersion><DesignMode>False</DesignMode><CollectSourceInformation>False</CollectSourceInformation><TestAdaptersPaths>C:\Program Files\dotnet\sdk\8.0.301\Extensions</TestAdaptersPaths></RunConfiguration><LoggerRunSettings><Loggers><Logger friendlyName="blame" enabled="True" /><Logger friendlyName="Console" uri="logger://microsoft/TestPlatform/ConsoleLogger/v1" assemblyQualifiedName="Microsoft.VisualStudio.TestPlatform.CommandLine.Internal.ConsoleLogger, vstest.console, Version=15.0.0.0, Culture=neutral, PublicKeyToken=b03f5f7f11d50a3a" codeBase="C:\Program Files\dotnet\sdk\8.0.301\vstest.console.dll" enabled="True" /></Loggers></LoggerRunSettings><DataCollectionRunSettings><DataCollectors><DataCollector friendlyName="blame" enabled="True"><Configuration><ResultsDirectory>C:\Users\mahyo\source\repos\GameService\Game.API.Controllers.Tests\bin\Debug\net7.0\fine-code-coverage\coverage-tool-output</ResultsDirectory></Configuration></DataCollector></DataCollectors></DataCollectionRunSettings></RunSettings> and sources System.Collections.Generic.List`1[System.String]: 
TpTrace Verbose: 0 : 14816, 5, 2024/06/11, 16:06:44.704, 8513214570521, vstest.console.dll, DataCollectionRequestSender.SendBeforeTestRunStartAndGetResult: Received message: (DataCollection.SendMessage) -> {"MessageType":"DataCollection.SendMessage","Payload":{"FriendlyName":null,"Uri":null,"TestCaseId":"00000000-0000-0000-0000-000000000000","Message":"Logging DataCollector Diagnostics in file: C:\\Users\\mahyo\\source\\repos\\GameService\\Game.API.Controllers.Tests\\bin\\Debug\\net7.0\\fine-code-coverage\\coverage-tool-output\\diagnostics.datacollector.24-06-11_16-06-44_48952_5.log","Level":0}}
TpTrace Verbose: 0 : 14816, 5, 2024/06/11, 16:06:44.783, 8513215361866, vstest.console.dll, DataCollectionRequestSender.SendBeforeTestRunStartAndGetResult: Received message: (DataCollection.BeforeTestRunStartResult) -> {"MessageType":"DataCollection.BeforeTestRunStartResult","Payload":{"EnvironmentVariables":{},"DataCollectionEventsPort":63636}}
TpTrace Information: 0 : 14816, 5, 2024/06/11, 16:06:44.787, 8513215402739, vstest.console.dll, ProxyDataCollectionManager.BeforeTestRunStart: SendBeforeTestRunStartAndGetResult successful, env variable from datacollector:   and testhost port: 63636
TpTrace Information: 0 : 14816, 5, 2024/06/11, 16:06:44.787, 8513215403555, vstest.console.dll, ProxyDataCollectionManager.InvokeDataCollectionServiceAction: Completed.
TpTrace Verbose: 0 : 14816, 5, 2024/06/11, 16:06:44.787, 8513215403921, vstest.console.dll, ParallelProxyExecutionManager.StartTestRunOnConcurrentManager: Initializing test run. Started clients: 0
TpTrace Verbose: 0 : 14816, 5, 2024/06/11, 16:06:44.787, 8513215404648, vstest.console.dll, ProxyExecutionManager: Test host is always Lazy initialize.
TpTrace Verbose: 0 : 14816, 5, 2024/06/11, 16:06:44.787, 8513215406357, vstest.console.dll, TestRequestSender.InitializeCommunication: initialize communication. 
TpTrace Information: 0 : 14816, 5, 2024/06/11, 16:06:44.788, 8513215411652, vstest.console.dll, SocketServer.Start: Listening on endpoint : 127.0.0.1:63637
TpTrace Verbose: 0 : 14816, 5, 2024/06/11, 16:06:44.788, 8513215417872, vstest.console.dll, DotnetTestHostmanager.GetTestHostProcessStartInfo: Platform environment 'X64' target architecture 'X64' framework '.NETCoreApp,Version=v7.0' OS 'Windows'
TpTrace Verbose: 0 : 14816, 5, 2024/06/11, 16:06:44.788, 8513215419454, vstest.console.dll, DotnetTestHostmanager: Adding  --runtimeconfig "C:\Users\mahyo\source\repos\GameService\Game.API.Controllers.Tests\bin\Debug\net7.0\fine-code-coverage\build-output\Game.API.Controllers.Tests.runtimeconfig.json" in args
TpTrace Verbose: 0 : 14816, 5, 2024/06/11, 16:06:44.789, 8513215420325, vstest.console.dll, DotnetTestHostmanager: Adding  --depsfile "C:\Users\mahyo\source\repos\GameService\Game.API.Controllers.Tests\bin\Debug\net7.0\fine-code-coverage\build-output\Game.API.Controllers.Tests.deps.json" in args
TpTrace Verbose: 0 : 14816, 5, 2024/06/11, 16:06:44.789, 8513215421699, vstest.console.dll, DotnetTestHostmanager.IsWinOnArm: Current PROCESSOR_ARCHITECTURE from environment variable 'AMD64'
TpTrace Verbose: 0 : 14816, 5, 2024/06/11, 16:06:44.789, 8513215422225, vstest.console.dll, DotnetTestHostmanager.IsWinOnArm: Is Windows on ARM 'False'
TpTrace Verbose: 0 : 14816, 5, 2024/06/11, 16:06:44.789, 8513215423012, vstest.console.dll, DotnetTestHostManager: testhost.exe found at path: C:\Users\mahyo\source\repos\GameService\Game.API.Controllers.Tests\bin\Debug\net7.0\fine-code-coverage\build-output\testhost.exe
TpTrace Verbose: 0 : 14816, 5, 2024/06/11, 16:06:44.789, 8513215423405, vstest.console.dll, DotnetTestHostmanager: Full path of host exe is C:\Users\mahyo\source\repos\GameService\Game.API.Controllers.Tests\bin\Debug\net7.0\fine-code-coverage\build-output\testhost.exe
TpTrace Verbose: 0 : 14816, 5, 2024/06/11, 16:06:44.789, 8513215424404, vstest.console.dll, DotnetTestHostmanager.LaunchTestHostAsync: Found 'VSTEST_WINAPPHOST_DOTNET_ROOT' in env variables, value 'C:\Program Files\dotnet', forwarding to 'DOTNET_ROOT'
TpTrace Verbose: 0 : 14816, 5, 2024/06/11, 16:06:44.789, 8513215425589, vstest.console.dll, DotnetTestHostManager: Starting process 'C:\Users\mahyo\source\repos\GameService\Game.API.Controllers.Tests\bin\Debug\net7.0\fine-code-coverage\build-output\testhost.exe' with command line ' --runtimeconfig "C:\Users\mahyo\source\repos\GameService\Game.API.Controllers.Tests\bin\Debug\net7.0\fine-code-coverage\build-output\Game.API.Controllers.Tests.runtimeconfig.json" --depsfile "C:\Users\mahyo\source\repos\GameService\Game.API.Controllers.Tests\bin\Debug\net7.0\fine-code-coverage\build-output\Game.API.Controllers.Tests.deps.json" --port 63637 --endpoint 127.0.0.1:063637 --role client --parentprocessid 14816 --diag "C:\Users\mahyo\source\repos\GameService\Game.API.Controllers.Tests\bin\Debug\net7.0\fine-code-coverage\coverage-tool-output\diagnostics.host.24-06-11_16-06-44_78850_5.log" --tracelevel 4 --datacollectionport 63636 --telemetryoptedin false'
TpTrace Verbose: 0 : 14816, 5, 2024/06/11, 16:06:44.795, 8513215485357, vstest.console.dll, MulticastDelegateUtilities.SafeInvoke: HostProviderEvents.OnHostLaunched: Invoking callback 1/2 for Microsoft.VisualStudio.TestPlatform.CrossPlatEngine.Client.ProxyExecutionManagerWithDataCollection., took 0 ms.
TpTrace Verbose: 0 : 14816, 5, 2024/06/11, 16:06:44.795, 8513215488354, vstest.console.dll, Test Runtime launched
TpTrace Verbose: 0 : 14816, 5, 2024/06/11, 16:06:44.795, 8513215489108, vstest.console.dll, MulticastDelegateUtilities.SafeInvoke: HostProviderEvents.OnHostLaunched: Invoking callback 2/2 for Microsoft.VisualStudio.TestPlatform.CrossPlatEngine.Client.ProxyOperationManager., took 0 ms.
TpTrace Verbose: 0 : 14816, 5, 2024/06/11, 16:06:44.796, 8513215490329, vstest.console.dll, TestRequestSender.WaitForRequestHandlerConnection: waiting for connection with timeout: 90000.
TpTrace Verbose: 0 : 14816, 7, 2024/06/11, 16:06:44.973, 8513217261643, vstest.console.dll, MulticastDelegateUtilities.SafeInvoke: SocketServer: ClientConnected: Invoking callback 1/1 for Microsoft.VisualStudio.TestPlatform.CommunicationUtilities.TestRequestSender., took 0 ms.
TpTrace Verbose: 0 : 14816, 5, 2024/06/11, 16:06:44.973, 8513217261642, vstest.console.dll, TestRequestSender.WaitForRequestHandlerConnection: waiting took 177 ms, with timeout 90000 ms, and result 0, which is success.
TpTrace Verbose: 0 : 14816, 7, 2024/06/11, 16:06:44.973, 8513217262874, vstest.console.dll, SocketServer.OnClientConnected: Client connected for endPoint: 127.0.0.1:63637, starting MessageLoopAsync:
TpTrace Verbose: 0 : 14816, 13, 2024/06/11, 16:06:44.973, 8513217269437, vstest.console.dll, TcpClientExtensions.MessageLoopAsync: Polling on remoteEndPoint: 127.0.0.1:63638 localEndPoint: 127.0.0.1:63637 after 0 ms
TpTrace Verbose: 0 : 14816, 5, 2024/06/11, 16:06:44.974, 8513217273683, vstest.console.dll, TestRequestSender.CheckVersionWithTestHost: Sending check version message: {"MessageType":"ProtocolVersion","Payload":7}
TpTrace Verbose: 0 : 14816, 13, 2024/06/11, 16:06:45.119, 8513218720638, vstest.console.dll, TcpClientExtensions.MessageLoopAsync: NotifyDataAvailable remoteEndPoint: 127.0.0.1:63638 localEndPoint: 127.0.0.1:63637
TpTrace Verbose: 0 : 14816, 13, 2024/06/11, 16:06:45.121, 8513218747011, vstest.console.dll, TestRequestSender.CheckVersionWithTestHost: onMessageReceived received message: (ProtocolVersion) -> {"MessageType":"ProtocolVersion","Payload":7}
TpTrace Verbose: 0 : 14816, 13, 2024/06/11, 16:06:45.122, 8513218754766, vstest.console.dll, MulticastDelegateUtilities.SafeInvoke: LengthPrefixCommunicationChannel: MessageReceived: Invoking callback 1/1 for Microsoft.VisualStudio.TestPlatform.CommunicationUtilities.TestRequestSender+<>c__DisplayClass29_0., took 0 ms.
TpTrace Verbose: 0 : 14816, 5, 2024/06/11, 16:06:45.122, 8513218755908, vstest.console.dll, TestPluginCache.GetExtensionPaths: Filtered extension paths: 
TpTrace Verbose: 0 : 14816, 13, 2024/06/11, 16:06:45.122, 8513218755906, vstest.console.dll, TcpClientExtensions.MessageLoopAsync: Polling on remoteEndPoint: 127.0.0.1:63638 localEndPoint: 127.0.0.1:63637 after 148 ms
TpTrace Verbose: 0 : 14816, 5, 2024/06/11, 16:06:45.122, 8513218756719, vstest.console.dll, TestPluginCache.GetExtensionPaths: Added default extension paths: C:\Program Files\dotnet\sdk\8.0.301\Extensions\Microsoft.Diagnostics.NETCore.Client.dll
C:\Program Files\dotnet\sdk\8.0.301\Extensions\Microsoft.TestPlatform.Extensions.BlameDataCollector.dll
C:\Program Files\dotnet\sdk\8.0.301\Extensions\Microsoft.TestPlatform.Extensions.EventLogCollector.dll
C:\Program Files\dotnet\sdk\8.0.301\Extensions\Microsoft.TestPlatform.TestHostRuntimeProvider.dll
C:\Program Files\dotnet\sdk\8.0.301\Extensions\Microsoft.VisualStudio.TestPlatform.Extensions.Html.TestLogger.dll
C:\Program Files\dotnet\sdk\8.0.301\Extensions\Microsoft.VisualStudio.TestPlatform.Extensions.Trx.TestLogger.dll
TpTrace Verbose: 0 : 14816, 5, 2024/06/11, 16:06:45.122, 8513218758350, vstest.console.dll, TestPluginCache.GetExtensionPaths: Added unfilterableExtensionPaths: 
TpTrace Verbose: 0 : 14816, 5, 2024/06/11, 16:06:45.125, 8513218788561, vstest.console.dll, TestRequestSender.InitializeExecution: Sending initialize execution with message: {"Version":7,"MessageType":"TestExecution.Initialize","Payload":["C:\\Users\\mahyo\\source\\repos\\GameService\\Game.API.Controllers.Tests\\bin\\Debug\\net7.0\\fine-code-coverage\\build-output\\NUnit3.TestAdapter.dll"]}
TpTrace Verbose: 0 : 14816, 5, 2024/06/11, 16:06:45.126, 8513218791331, vstest.console.dll, ParallelProxyExecutionManager.StartTestRunOnConcurrentManager: Execution starting. Started clients: 1
TpTrace Verbose: 0 : 14816, 5, 2024/06/11, 16:06:45.126, 8513218794592, vstest.console.dll, TestRunRequest:SendTestRunMessage: Starting.
TpTrace Verbose: 0 : 14816, 5, 2024/06/11, 16:06:45.126, 8513218796475, vstest.console.dll, MulticastDelegateUtilities.SafeInvoke: TestRun.LogMessages: Invoking callback 1/1 for Microsoft.VisualStudio.TestPlatform.CommandLine.TestRunResultAggregator., took 0 ms.
TpTrace Information: 0 : 14816, 5, 2024/06/11, 16:06:45.126, 8513218797133, vstest.console.dll, TestRunRequest:SendTestRunMessage: Completed.
TpTrace Verbose: 0 : 14816, 4, 2024/06/11, 16:06:45.126, 8513218798618, vstest.console.dll, MulticastDelegateUtilities.SafeInvoke: InternalTestLoggerEvents.SendTestRunMessage: Invoking callback 1/1 for Microsoft.VisualStudio.TestPlatform.CommandLine.Internal.ConsoleLogger., took 0 ms.
TpTrace Verbose: 0 : 14816, 13, 2024/06/11, 16:06:45.127, 8513218800623, vstest.console.dll, TcpClientExtensions.MessageLoopAsync: NotifyDataAvailable remoteEndPoint: 127.0.0.1:63638 localEndPoint: 127.0.0.1:63637
TpTrace Warning: 0 : 14816, 5, 2024/06/11, 16:06:45.127, 8513218801641, vstest.console.dll, InferRunSettingsHelper.MakeRunsettingsCompatible: Removing the following settings: TargetPlatform from RunSettings file. To use those settings please move to latest version of Microsoft.NET.Test.Sdk
TpTrace Verbose: 0 : 14816, 13, 2024/06/11, 16:06:45.127, 8513218809252, vstest.console.dll, TestRequestSender.OnExecutionMessageReceived: Received message: {"Version":7,"MessageType":"TestSession.Message","Payload":{"MessageLevel":0,"Message":"Logging TestHost Diagnostics in file: C:\\Users\\mahyo\\source\\repos\\GameService\\Game.API.Controllers.Tests\\bin\\Debug\\net7.0\\fine-code-coverage\\coverage-tool-output\\diagnostics.host.24-06-11_16-06-44_78850_5.log"}}
TpTrace Verbose: 0 : 14816, 13, 2024/06/11, 16:06:45.130, 8513218837507, vstest.console.dll, TestRunRequest:SendTestRunMessage: Starting.
TpTrace Verbose: 0 : 14816, 13, 2024/06/11, 16:06:45.130, 8513218839034, vstest.console.dll, MulticastDelegateUtilities.SafeInvoke: TestRun.LogMessages: Invoking callback 1/1 for Microsoft.VisualStudio.TestPlatform.CommandLine.TestRunResultAggregator., took 0 ms.
TpTrace Verbose: 0 : 14816, 4, 2024/06/11, 16:06:45.130, 8513218839148, vstest.console.dll, MulticastDelegateUtilities.SafeInvoke: InternalTestLoggerEvents.SendTestRunMessage: Invoking callback 1/1 for Microsoft.VisualStudio.TestPlatform.CommandLine.Internal.ConsoleLogger., took 0 ms.
TpTrace Information: 0 : 14816, 13, 2024/06/11, 16:06:45.130, 8513218839685, vstest.console.dll, TestRunRequest:SendTestRunMessage: Completed.
TpTrace Verbose: 0 : 14816, 13, 2024/06/11, 16:06:45.131, 8513218841040, vstest.console.dll, MulticastDelegateUtilities.SafeInvoke: LengthPrefixCommunicationChannel: MessageReceived: Invoking callback 1/1 for Microsoft.VisualStudio.TestPlatform.CommunicationUtilities.TestRequestSender+<>c__DisplayClass34_0., took 3 ms.
TpTrace Verbose: 0 : 14816, 13, 2024/06/11, 16:06:45.131, 8513218841569, vstest.console.dll, TcpClientExtensions.MessageLoopAsync: Polling on remoteEndPoint: 127.0.0.1:63638 localEndPoint: 127.0.0.1:63637 after 8 ms
TpTrace Verbose: 0 : 14816, 5, 2024/06/11, 16:06:45.134, 8513218873098, vstest.console.dll, TestRequestSender.StartTestRun: Sending test run with message: {"Version":7,"MessageType":"TestExecution.StartWithSources","Payload":{"AdapterSourceMap":{"_none_":["C:\\Users\\mahyo\\source\\repos\\GameService\\Game.API.Controllers.Tests\\bin\\Debug\\net7.0\\fine-code-coverage\\build-output\\Game.API.Controllers.Tests.dll"]},"RunSettings":"<RunSettings>\r\n  <RunConfiguration>\r\n    <ResultsDirectory>C:\\Users\\mahyo\\source\\repos\\GameService\\Game.API.Controllers.Tests\\bin\\Debug\\net7.0\\fine-code-coverage\\coverage-tool-output</ResultsDirectory>\r\n    <TargetFrameworkVersion>.NETCoreApp,Version=v7.0</TargetFrameworkVersion>\r\n    <DesignMode>False</DesignMode>\r\n    <CollectSourceInformation>False</CollectSourceInformation>\r\n  </RunConfiguration>\r\n  <LoggerRunSettings>\r\n    <Loggers>\r\n      <Logger friendlyName=\"blame\" enabled=\"True\" />\r\n      <Logger friendlyName=\"Console\" uri=\"logger://microsoft/TestPlatform/ConsoleLogger/v1\" assemblyQualifiedName=\"Microsoft.VisualStudio.TestPlatform.CommandLine.Internal.ConsoleLogger, vstest.console, Version=15.0.0.0, Culture=neutral, PublicKeyToken=b03f5f7f11d50a3a\" codeBase=\"C:\\Program Files\\dotnet\\sdk\\8.0.301\\vstest.console.dll\" enabled=\"True\" />\r\n    </Loggers>\r\n  </LoggerRunSettings>\r\n  <DataCollectionRunSettings>\r\n    <DataCollectors>\r\n      <DataCollector friendlyName=\"blame\" enabled=\"True\">\r\n        <Configuration>\r\n          <ResultsDirectory>C:\\Users\\mahyo\\source\\repos\\GameService\\Game.API.Controllers.Tests\\bin\\Debug\\net7.0\\fine-code-coverage\\coverage-tool-output</ResultsDirectory>\r\n        </Configuration>\r\n      </DataCollector>\r\n    </DataCollectors>\r\n  </DataCollectionRunSettings>\r\n</RunSettings>","TestExecutionContext":{"FrequencyOfRunStatsChangeEvent":10,"RunStatsChangeEventTimeout":"00:00:01.5000000","InIsolation":false,"KeepAlive":false,"AreTestCaseLevelEventsRequired":false,"IsDebug":false,"TestCaseFilter":null,"FilterOptions":null},"Package":null}}
TpTrace Verbose: 0 : 14816, 5, 2024/06/11, 16:06:45.134, 8513218875202, vstest.console.dll, ParallelProxyExecutionManager.StartTestRunOnConcurrentManager: Execution started. Started clients: 1
TpTrace Verbose: 0 : 14816, 13, 2024/06/11, 16:06:45.298, 8513220510101, vstest.console.dll, TcpClientExtensions.MessageLoopAsync: NotifyDataAvailable remoteEndPoint: 127.0.0.1:63638 localEndPoint: 127.0.0.1:63637
TpTrace Verbose: 0 : 14816, 13, 2024/06/11, 16:06:45.298, 8513220512170, vstest.console.dll, TestRequestSender.OnExecutionMessageReceived: Received message: {"Version":7,"MessageType":"TestSession.Message","Payload":{"MessageLevel":0,"Message":"NUnit Adapter 4.4.0.0: Test execution started"}}
TpTrace Verbose: 0 : 14816, 13, 2024/06/11, 16:06:45.298, 8513220515129, vstest.console.dll, TestRunRequest:SendTestRunMessage: Starting.
TpTrace Verbose: 0 : 14816, 13, 2024/06/11, 16:06:45.298, 8513220516250, vstest.console.dll, MulticastDelegateUtilities.SafeInvoke: TestRun.LogMessages: Invoking callback 1/1 for Microsoft.VisualStudio.TestPlatform.CommandLine.TestRunResultAggregator., took 0 ms.
TpTrace Verbose: 0 : 14816, 4, 2024/06/11, 16:06:45.298, 8513220516541, vstest.console.dll, MulticastDelegateUtilities.SafeInvoke: InternalTestLoggerEvents.SendTestRunMessage: Invoking callback 1/1 for Microsoft.VisualStudio.TestPlatform.CommandLine.Internal.ConsoleLogger., took 0 ms.
TpTrace Information: 0 : 14816, 13, 2024/06/11, 16:06:45.298, 8513220517767, vstest.console.dll, TestRunRequest:SendTestRunMessage: Completed.
TpTrace Verbose: 0 : 14816, 13, 2024/06/11, 16:06:45.298, 8513220518841, vstest.console.dll, MulticastDelegateUtilities.SafeInvoke: LengthPrefixCommunicationChannel: MessageReceived: Invoking callback 1/1 for Microsoft.VisualStudio.TestPlatform.CommunicationUtilities.TestRequestSender+<>c__DisplayClass34_0., took 0 ms.
TpTrace Verbose: 0 : 14816, 13, 2024/06/11, 16:06:45.298, 8513220519548, vstest.console.dll, TcpClientExtensions.MessageLoopAsync: Polling on remoteEndPoint: 127.0.0.1:63638 localEndPoint: 127.0.0.1:63637 after 167 ms
TpTrace Verbose: 0 : 14816, 13, 2024/06/11, 16:06:45.322, 8513220755980, vstest.console.dll, TcpClientExtensions.MessageLoopAsync: NotifyDataAvailable remoteEndPoint: 127.0.0.1:63638 localEndPoint: 127.0.0.1:63637
TpTrace Verbose: 0 : 14816, 13, 2024/06/11, 16:06:45.322, 8513220757634, vstest.console.dll, TestRequestSender.OnExecutionMessageReceived: Received message: {"Version":7,"MessageType":"TestSession.Message","Payload":{"MessageLevel":0,"Message":"Running all tests in C:\\Users\\mahyo\\source\\repos\\GameService\\Game.API.Controllers.Tests\\bin\\Debug\\net7.0\\fine-code-coverage\\build-output\\Game.API.Controllers.Tests.dll"}}
TpTrace Verbose: 0 : 14816, 13, 2024/06/11, 16:06:45.322, 8513220758990, vstest.console.dll, TestRunRequest:SendTestRunMessage: Starting.
TpTrace Verbose: 0 : 14816, 13, 2024/06/11, 16:06:45.322, 8513220759672, vstest.console.dll, MulticastDelegateUtilities.SafeInvoke: TestRun.LogMessages: Invoking callback 1/1 for Microsoft.VisualStudio.TestPlatform.CommandLine.TestRunResultAggregator., took 0 ms.
TpTrace Information: 0 : 14816, 13, 2024/06/11, 16:06:45.323, 8513220760021, vstest.console.dll, TestRunRequest:SendTestRunMessage: Completed.
TpTrace Verbose: 0 : 14816, 4, 2024/06/11, 16:06:45.323, 8513220760009, vstest.console.dll, MulticastDelegateUtilities.SafeInvoke: InternalTestLoggerEvents.SendTestRunMessage: Invoking callback 1/1 for Microsoft.VisualStudio.TestPlatform.CommandLine.Internal.ConsoleLogger., took 0 ms.
TpTrace Verbose: 0 : 14816, 13, 2024/06/11, 16:06:45.323, 8513220760408, vstest.console.dll, MulticastDelegateUtilities.SafeInvoke: LengthPrefixCommunicationChannel: MessageReceived: Invoking callback 1/1 for Microsoft.VisualStudio.TestPlatform.CommunicationUtilities.TestRequestSender+<>c__DisplayClass34_0., took 0 ms.
TpTrace Verbose: 0 : 14816, 13, 2024/06/11, 16:06:45.323, 8513220761802, vstest.console.dll, TcpClientExtensions.MessageLoopAsync: Polling on remoteEndPoint: 127.0.0.1:63638 localEndPoint: 127.0.0.1:63637 after 24 ms
TpTrace Verbose: 0 : 14816, 13, 2024/06/11, 16:06:45.427, 8513221808915, vstest.console.dll, TcpClientExtensions.MessageLoopAsync: NotifyDataAvailable remoteEndPoint: 127.0.0.1:63638 localEndPoint: 127.0.0.1:63637
TpTrace Verbose: 0 : 14816, 13, 2024/06/11, 16:06:45.428, 8513221810480, vstest.console.dll, TestRequestSender.OnExecutionMessageReceived: Received message: {"Version":7,"MessageType":"TestSession.Message","Payload":{"MessageLevel":0,"Message":"   NUnit3TestExecutor discovered 5 of 5 NUnit test cases using Current Discovery mode, Non-Explicit run"}}
TpTrace Verbose: 0 : 14816, 13, 2024/06/11, 16:06:45.428, 8513221811831, vstest.console.dll, TestRunRequest:SendTestRunMessage: Starting.
TpTrace Verbose: 0 : 14816, 13, 2024/06/11, 16:06:45.428, 8513221812498, vstest.console.dll, MulticastDelegateUtilities.SafeInvoke: TestRun.LogMessages: Invoking callback 1/1 for Microsoft.VisualStudio.TestPlatform.CommandLine.TestRunResultAggregator., took 0 ms.
TpTrace Information: 0 : 14816, 13, 2024/06/11, 16:06:45.428, 8513221812842, vstest.console.dll, TestRunRequest:SendTestRunMessage: Completed.
TpTrace Verbose: 0 : 14816, 4, 2024/06/11, 16:06:45.428, 8513221812882, vstest.console.dll, MulticastDelegateUtilities.SafeInvoke: InternalTestLoggerEvents.SendTestRunMessage: Invoking callback 1/1 for Microsoft.VisualStudio.TestPlatform.CommandLine.Internal.ConsoleLogger., took 0 ms.
TpTrace Verbose: 0 : 14816, 13, 2024/06/11, 16:06:45.428, 8513221813882, vstest.console.dll, MulticastDelegateUtilities.SafeInvoke: LengthPrefixCommunicationChannel: MessageReceived: Invoking callback 1/1 for Microsoft.VisualStudio.TestPlatform.CommunicationUtilities.TestRequestSender+<>c__DisplayClass34_0., took 0 ms.
TpTrace Verbose: 0 : 14816, 13, 2024/06/11, 16:06:45.428, 8513221814526, vstest.console.dll, TcpClientExtensions.MessageLoopAsync: Polling on remoteEndPoint: 127.0.0.1:63638 localEndPoint: 127.0.0.1:63637 after 105 ms
TpTrace Verbose: 0 : 14816, 13, 2024/06/11, 16:06:45.597, 8513223507639, vstest.console.dll, TcpClientExtensions.MessageLoopAsync: NotifyDataAvailable remoteEndPoint: 127.0.0.1:63638 localEndPoint: 127.0.0.1:63637
TpTrace Verbose: 0 : 14816, 13, 2024/06/11, 16:06:45.597, 8513223509327, vstest.console.dll, TestRequestSender.OnExecutionMessageReceived: Received message: {"Version":7,"MessageType":"TestSession.Message","Payload":{"MessageLevel":0,"Message":"NUnit Adapter 4.4.0.0: Test execution complete"}}
TpTrace Verbose: 0 : 14816, 13, 2024/06/11, 16:06:45.598, 8513223510677, vstest.console.dll, TestRunRequest:SendTestRunMessage: Starting.
TpTrace Verbose: 0 : 14816, 13, 2024/06/11, 16:06:45.598, 8513223511510, vstest.console.dll, MulticastDelegateUtilities.SafeInvoke: TestRun.LogMessages: Invoking callback 1/1 for Microsoft.VisualStudio.TestPlatform.CommandLine.TestRunResultAggregator., took 0 ms.
TpTrace Verbose: 0 : 14816, 4, 2024/06/11, 16:06:45.598, 8513223511831, vstest.console.dll, MulticastDelegateUtilities.SafeInvoke: InternalTestLoggerEvents.SendTestRunMessage: Invoking callback 1/1 for Microsoft.VisualStudio.TestPlatform.CommandLine.Internal.ConsoleLogger., took 0 ms.
TpTrace Information: 0 : 14816, 13, 2024/06/11, 16:06:45.598, 8513223512014, vstest.console.dll, TestRunRequest:SendTestRunMessage: Completed.
TpTrace Verbose: 0 : 14816, 13, 2024/06/11, 16:06:45.598, 8513223513205, vstest.console.dll, MulticastDelegateUtilities.SafeInvoke: LengthPrefixCommunicationChannel: MessageReceived: Invoking callback 1/1 for Microsoft.VisualStudio.TestPlatform.CommunicationUtilities.TestRequestSender+<>c__DisplayClass34_0., took 0 ms.
TpTrace Verbose: 0 : 14816, 13, 2024/06/11, 16:06:45.598, 8513223513646, vstest.console.dll, TcpClientExtensions.MessageLoopAsync: Polling on remoteEndPoint: 127.0.0.1:63638 localEndPoint: 127.0.0.1:63637 after 169 ms
TpTrace Verbose: 0 : 14816, 13, 2024/06/11, 16:06:45.644, 8513223976210, vstest.console.dll, TcpClientExtensions.MessageLoopAsync: NotifyDataAvailable remoteEndPoint: 127.0.0.1:63638 localEndPoint: 127.0.0.1:63637
TpTrace Verbose: 0 : 14816, 13, 2024/06/11, 16:06:45.644, 8513223978672, vstest.console.dll, TestRequestSender.OnExecutionMessageReceived: Received message: {"Version":7,"MessageType":"TestExecution.Completed","Payload":{"TestRunCompleteArgs":{"TestRunStatistics":{"ExecutedTests":5,"Stats":{"Passed":5}},"IsCanceled":false,"IsAborted":false,"Error":null,"AttachmentSets":[],"InvokedDataCollectors":[],"ElapsedTimeInRunningTests":"00:00:00.3304927","Metrics":{},"DiscoveredExtensions":{"TestDiscoverers":["NUnit.VisualStudio.TestAdapter.NUnit3TestDiscoverer, NUnit3.TestAdapter, Version=4.4.0.0, Culture=neutral, PublicKeyToken=4cb40d35494691ac"],"TestExecutors":["executor://NUnit3TestExecutor"],"TestExecutors2":[],"TestSettingsProviders":[]}},"LastRunTests":{"NewTestResults":[{"TestCase":{"Id":"befe2b2f-765e-a1f0-e448-855582c258c1","FullyQualifiedName":"Game.API.Controllers.Tests.ChoicesControllerTests.GetChoices_ReturnsAllChoices","DisplayName":"GetChoices_ReturnsAllChoices","ExecutorUri":"executor://NUnit3TestExecutor","Source":"C:\\Users\\mahyo\\source\\repos\\GameService\\Game.API.Controllers.Tests\\bin\\Debug\\net7.0\\fine-code-coverage\\build-output\\Game.API.Controllers.Tests.dll","CodeFilePath":null,"LineNumber":0,"Properties":[{"Key":{"Id":"NUnit.Seed","Label":"Seed","Category":"","Description":"","Attributes":0,"ValueType":"System.String"},"Value":"1980901436"}]},"Attachments":[],"Outcome":1,"ErrorMessage":null,"ErrorStackTrace":null,"DisplayName":"GetChoices_ReturnsAllChoices","Messages":[],"ComputerName":"D3ST1NY","Duration":"00:00:00.0918990","StartTime":"2024-06-11T13:06:45.4558983+00:00","EndTime":"2024-06-11T13:06:45.5476882+00:00","Properties":[{"Key":{"Id":"NUnit.Seed","Label":"Seed","Category":"","Description":"","Attributes":0,"ValueType":"System.String"},"Value":"1980901436"}]},{"TestCase":{"Id":"4fc17aa9-3c6a-41ab-8401-03bf4c4248fb","FullyQualifiedName":"Game.API.Controllers.Tests.ChoicesControllerTests.GetRandomChoice_ReturnsChoice","DisplayName":"GetRandomChoice_ReturnsChoice","ExecutorUri":"executor://NUnit3TestExecutor","Source":"C:\\Users\\mahyo\\source\\repos\\GameService\\Game.API.Controllers.Tests\\bin\\Debug\\net7.0\\fine-code-coverage\\build-output\\Game.API.Controllers.Tests.dll","CodeFilePath":null,"LineNumber":0,"Properties":[{"Key":{"Id":"NUnit.Seed","Label":"Seed","Category":"","Description":"","Attributes":0,"ValueType":"System.String"},"Value":"1587651437"}]},"Attachments":[],"Outcome":1,"ErrorMessage":null,"ErrorStackTrace":null,"DisplayName":"GetRandomChoice_ReturnsChoice","Messages":[],"ComputerName":"D3ST1NY","Duration":"00:00:00.0032060","StartTime":"2024-06-11T13:06:45.5504703+00:00","EndTime":"2024-06-11T13:06:45.5536758+00:00","Properties":[{"Key":{"Id":"NUnit.Seed","Label":"Seed","Category":"","Description":"","Attributes":0,"ValueType":"System.String"},"Value":"1587651437"}]},{"TestCase":{"Id":"5ebec439-78f6-5b19-e2bd-ac5ed445a0e6","FullyQualifiedName":"Game.API.Controllers.Tests.GameControllerTests.GetRecentScores_ReturnsScores","DisplayName":"GetRecentScores_ReturnsScores","ExecutorUri":"executor://NUnit3TestExecutor","Source":"C:\\Users\\mahyo\\source\\repos\\GameService\\Game.API.Controllers.Tests\\bin\\Debug\\net7.0\\fine-code-coverage\\build-output\\Game.API.Controllers.Tests.dll","CodeFilePath":null,"LineNumber":0,"Properties":[{"Key":{"Id":"NUnit.Seed","Label":"Seed","Category":"","Description":"","Attributes":0,"ValueType":"System.String"},"Value":"1877460016"}]},"Attachments":[],"Outcome":1,"ErrorMessage":null,"ErrorStackTrace":null,"DisplayName":"GetRecentScores_ReturnsScores","Messages":[],"ComputerName":"D3ST1NY","Duration":"00:00:00.0075240","StartTime":"2024-06-11T13:06:45.5575501+00:00","EndTime":"2024-06-11T13:06:45.5650732+00:00","Properties":[{"Key":{"Id":"NUnit.Seed","Label":"Seed","Category":"","Description":"","Attributes":0,"ValueType":"System.String"},"Value":"1877460016"}]},{"TestCase":{"Id":"ae8e481d-1e5e-98f2-fa2f-1411efe7d971","FullyQualifiedName":"Game.API.Controllers.Tests.GameControllerTests.Play_ReturnsGameResult","DisplayName":"Play_ReturnsGameResult","ExecutorUri":"executor://NUnit3TestExecutor","Source":"C:\\Users\\mahyo\\source\\repos\\GameService\\Game.API.Controllers.Tests\\bin\\Debug\\net7.0\\fine-code-coverage\\build-output\\Game.API.Controllers.Tests.dll","CodeFilePath":null,"LineNumber":0,"Properties":[{"Key":{"Id":"NUnit.Seed","Label":"Seed","Category":"","Description":"","Attributes":0,"ValueType":"System.String"},"Value":"688121292"}]},"Attachments":[],"Outcome":1,"ErrorMessage":null,"ErrorStackTrace":null,"DisplayName":"Play_ReturnsGameResult","Messages":[],"ComputerName":"D3ST1NY","Duration":"00:00:00.0167150","StartTime":"2024-06-11T13:06:45.565103+00:00","EndTime":"2024-06-11T13:06:45.5818176+00:00","Properties":[{"Key":{"Id":"NUnit.Seed","Label":"Seed","Category":"","Description":"","Attributes":0,"ValueType":"System.String"},"Value":"688121292"}]},{"TestCase":{"Id":"1e10fe15-9d90-6bbb-de1d-e7f8d9d864c3","FullyQualifiedName":"Game.API.Controllers.Tests.GameControllerTests.ResetScoreboard_ResetsScores","DisplayName":"ResetScoreboard_ResetsScores","ExecutorUri":"executor://NUnit3TestExecutor","Source":"C:\\Users\\mahyo\\source\\repos\\GameService\\Game.API.Controllers.Tests\\bin\\Debug\\net7.0\\fine-code-coverage\\build-output\\Game.API.Controllers.Tests.dll","CodeFilePath":null,"LineNumber":0,"Properties":[{"Key":{"Id":"NUnit.Seed","Label":"Seed","Category":"","Description":"","Attributes":0,"ValueType":"System.String"},"Value":"576898008"}]},"Attachments":[],"Outcome":1,"ErrorMessage":null,"ErrorStackTrace":null,"DisplayName":"ResetScoreboard_ResetsScores","Messages":[],"ComputerName":"D3ST1NY","Duration":"00:00:00.0023050","StartTime":"2024-06-11T13:06:45.5818378+00:00","EndTime":"2024-06-11T13:06:45.5841421+00:00","Properties":[{"Key":{"Id":"NUnit.Seed","Label":"Seed","Category":"","Description":"","Attributes":0,"ValueType":"System.String"},"Value":"576898008"}]}],"TestRunStatistics":{"ExecutedTests":5,"Stats":{"Passed":5}},"ActiveTests":[]},"RunAttachments":[],"ExecutorUris":["executor://nunit3testexecutor/"]}}
TpTrace Verbose: 0 : 14816, 13, 2024/06/11, 16:06:45.645, 8513223980155, vstest.console.dll, TestRequestSender.EndSession: Sending end session.
TpTrace Verbose: 0 : 14816, 13, 2024/06/11, 16:06:45.645, 8513223981962, vstest.console.dll, ProxyOperationManager.Close: waiting for test host to exit for 100 ms
TpTrace Verbose: 0 : 14816, 12, 2024/06/11, 16:06:45.672, 8513224257851, vstest.console.dll, TestHostManagerCallbacks.ctor: Experimental forwarding output is disabled.
TpTrace Warning: 0 : 14816, 12, 2024/06/11, 16:06:45.672, 8513224258996, vstest.console.dll, TestHostManagerCallbacks.ErrorReceivedCallback Test host standard error line: 
TpTrace Verbose: 0 : 14816, 12, 2024/06/11, 16:06:45.681, 8513224347039, vstest.console.dll, TestHostProvider.ExitCallBack: Host exited starting callback.
TpTrace Information: 0 : 14816, 12, 2024/06/11, 16:06:45.681, 8513224348432, vstest.console.dll, TestHostManagerCallbacks.ExitCallBack: Testhost processId: 27860 exited with exitcode: 0 error: ''
TpTrace Verbose: 0 : 14816, 12, 2024/06/11, 16:06:45.681, 8513224348990, vstest.console.dll, DotnetTestHostManager.OnHostExited: invoking OnHostExited callback
TpTrace Verbose: 0 : 14816, 12, 2024/06/11, 16:06:45.681, 8513224349513, vstest.console.dll, CrossPlatEngine.TestHostManagerHostExited: calling on client process exit callback.
TpTrace Information: 0 : 14816, 12, 2024/06/11, 16:06:45.682, 8513224350029, vstest.console.dll, TestRequestSender.OnClientProcessExit: Test host process exited. Standard error: 
TpTrace Information: 0 : 14816, 13, 2024/06/11, 16:06:45.682, 8513224350353, vstest.console.dll, SocketServer.Stop: Stop server endPoint: 127.0.0.1:63637
TpTrace Information: 0 : 14816, 12, 2024/06/11, 16:06:45.682, 8513224350453, vstest.console.dll, SocketServer.Stop: Stop server endPoint: 127.0.0.1:63637
TpTrace Information: 0 : 14816, 13, 2024/06/11, 16:06:45.682, 8513224351041, vstest.console.dll, SocketServer.Stop: Cancellation requested. Stopping message loop.
TpTrace Information: 0 : 14816, 12, 2024/06/11, 16:06:45.682, 8513224351666, vstest.console.dll, SocketServer.Stop: Cancellation requested. Stopping message loop.
TpTrace Verbose: 0 : 14816, 12, 2024/06/11, 16:06:45.682, 8513224352731, vstest.console.dll, MulticastDelegateUtilities.SafeInvoke: HostProviderEvents.OnHostExited: Invoking callback 1/1 for Microsoft.VisualStudio.TestPlatform.CrossPlatEngine.Client.ProxyOperationManager., took 0 ms.
TpTrace Information: 0 : 14816, 13, 2024/06/11, 16:06:45.682, 8513224352899, vstest.console.dll, Closing the connection
TpTrace Verbose: 0 : 14816, 13, 2024/06/11, 16:06:45.682, 8513224355168, vstest.console.dll, ProxyDataCollectionManager.InvokeDataCollectionServiceAction: Starting.
TpTrace Information: 0 : 14816, 13, 2024/06/11, 16:06:45.682, 8513224355674, vstest.console.dll, ProxyDataCollectionManager.AfterTestRunEnd: Get attachment set and invoked data collectors processId: 4960 port: 64508
TpTrace Verbose: 0 : 14816, 13, 2024/06/11, 16:06:45.682, 8513224356203, vstest.console.dll, DataCollectionRequestSender.SendAfterTestRunStartAndGetResult: Send AfterTestRunEnd message with isCancelled: False
TpTrace Verbose: 0 : 14816, 13, 2024/06/11, 16:06:45.689, 8513224421414, vstest.console.dll, DataCollectionRequestSender.SendAfterTestRunStartAndGetResult: Received message: (DataCollection.AfterTestRunEndResult) -> {"MessageType":"DataCollection.AfterTestRunEndResult","Payload":{"AttachmentSets":[],"InvokedDataCollectors":[{"Uri":"datacollector://Microsoft/TestPlatform/Extensions/Blame/v1","FriendlyName":"Blame","AssemblyQualifiedName":"Microsoft.TestPlatform.Extensions.BlameDataCollector.BlameCollector, Microsoft.TestPlatform.Extensions.BlameDataCollector, Version=15.0.0.0, Culture=neutral, PublicKeyToken=b03f5f7f11d50a3a","FilePath":"C:\\Program Files\\dotnet\\sdk\\8.0.301\\Extensions\\Microsoft.TestPlatform.Extensions.BlameDataCollector.dll","HasAttachmentProcessor":false}],"Metrics":{}}}
TpTrace Warning: 0 : 14816, 10, 2024/06/11, 16:06:45.694, 8513224478209, vstest.console.dll, DataCollectionLauncher.ErrorReceivedCallback datacollector standard error line: 
TpTrace Information: 0 : 14816, 13, 2024/06/11, 16:06:45.696, 8513224494926, vstest.console.dll, ProxyDataCollectionManager.InvokeDataCollectionServiceAction: Completed.
TpTrace Information: 0 : 14816, 10, 2024/06/11, 16:06:45.700, 8513224536716, vstest.console.dll, DataCollectionLauncher.ExitCallBack: Data collector exited with exitcode: 0 error: ''
TpTrace Verbose: 0 : 14816, 13, 2024/06/11, 16:06:45.758, 8513225113988, vstest.console.dll, TestRunRequest:SendTestRunStatsChange: Starting.
TpTrace Verbose: 0 : 14816, 13, 2024/06/11, 16:06:45.758, 8513225116139, vstest.console.dll, MulticastDelegateUtilities.SafeInvoke: TestRun.RunStatsChanged: Invoking callbacks was skipped because there are no subscribers.
TpTrace Information: 0 : 14816, 13, 2024/06/11, 16:06:45.758, 8513225116760, vstest.console.dll, TestRunRequest:SendTestRunStatsChange: Completed.
TpTrace Verbose: 0 : 14816, 13, 2024/06/11, 16:06:45.759, 8513225120178, vstest.console.dll, ParallelProxyExecutionManager: HandlePartialRunComplete: Total workloads = 1, Total started clients = 1 Total completed clients = 1, Run complete = True, Run canceled: False.
TpTrace Verbose: 0 : 14816, 13, 2024/06/11, 16:06:45.759, 8513225120805, vstest.console.dll, ParallelProxyExecutionManager: HandlePartialRunComplete: All runs completed stopping all managers.
TpTrace Verbose: 0 : 14816, 13, 2024/06/11, 16:06:45.759, 8513225121361, vstest.console.dll, ParallelOperationManager.StopAllManagers: Stopping all managers.
TpTrace Verbose: 0 : 14816, 13, 2024/06/11, 16:06:45.759, 8513225121896, vstest.console.dll, ParallelOperationManager.ClearSlots: Clearing all slots. Slots should accept more work: False
TpTrace Verbose: 0 : 14816, 13, 2024/06/11, 16:06:45.759, 8513225122467, vstest.console.dll, ParallelOperationManager.SetOccupiedSlotCount: Setting slot counts AvailableSlotCount = 1, OccupiedSlotCount = 0.
TpTrace Verbose: 0 : 14816, 13, 2024/06/11, 16:06:45.759, 8513225123032, vstest.console.dll, Occupied slots:

TpTrace Verbose: 0 : 14816, 4, 2024/06/11, 16:06:45.760, 8513225132732, vstest.console.dll, MulticastDelegateUtilities.SafeInvoke: InternalTestLoggerEvents.SendTestResult: Invoking callback 1/1 for Microsoft.VisualStudio.TestPlatform.CommandLine.Internal.ConsoleLogger., took 1 ms.
TpTrace Verbose: 0 : 14816, 4, 2024/06/11, 16:06:45.760, 8513225136244, vstest.console.dll, MulticastDelegateUtilities.SafeInvoke: InternalTestLoggerEvents.SendTestResult: Invoking callback 1/1 for Microsoft.VisualStudio.TestPlatform.CommandLine.Internal.ConsoleLogger., took 0 ms.
TpTrace Verbose: 0 : 14816, 4, 2024/06/11, 16:06:45.760, 8513225137296, vstest.console.dll, MulticastDelegateUtilities.SafeInvoke: InternalTestLoggerEvents.SendTestResult: Invoking callback 1/1 for Microsoft.VisualStudio.TestPlatform.CommandLine.Internal.ConsoleLogger., took 0 ms.
TpTrace Verbose: 0 : 14816, 4, 2024/06/11, 16:06:45.760, 8513225138152, vstest.console.dll, MulticastDelegateUtilities.SafeInvoke: InternalTestLoggerEvents.SendTestResult: Invoking callback 1/1 for Microsoft.VisualStudio.TestPlatform.CommandLine.Internal.ConsoleLogger., took 0 ms.
TpTrace Verbose: 0 : 14816, 4, 2024/06/11, 16:06:45.760, 8513225138953, vstest.console.dll, MulticastDelegateUtilities.SafeInvoke: InternalTestLoggerEvents.SendTestResult: Invoking callback 1/1 for Microsoft.VisualStudio.TestPlatform.CommandLine.Internal.ConsoleLogger., took 0 ms.
TpTrace Verbose: 0 : 14816, 4, 2024/06/11, 16:06:45.766, 8513225199886, vstest.console.dll, MulticastDelegateUtilities.SafeInvoke: InternalTestLoggerEvents.SendTestRunComplete: Invoking callback 1/2 for Microsoft.TestPlatform.Extensions.BlameDataCollector.BlameLogger., took 0 ms.
TpTrace Verbose: 0 : 14816, 4, 2024/06/11, 16:06:45.771, 8513225249719, vstest.console.dll, MulticastDelegateUtilities.SafeInvoke: InternalTestLoggerEvents.SendTestRunComplete: Invoking callback 2/2 for Microsoft.VisualStudio.TestPlatform.CommandLine.Internal.ConsoleLogger., took 4 ms.
TpTrace Verbose: 0 : 14816, 13, 2024/06/11, 16:06:45.772, 8513225252860, vstest.console.dll, TestRunRequest:TestRunComplete: Starting. IsAborted:False IsCanceled:False.
TpTrace Verbose: 0 : 14816, 13, 2024/06/11, 16:06:45.772, 8513225254926, vstest.console.dll, ParallelOperationManager.DoActionOnAllManagers: Calling an action on all managers.
TpTrace Verbose: 0 : 14816, 13, 2024/06/11, 16:06:45.773, 8513225264777, vstest.console.dll, TestLoggerManager.HandleTestRunComplete: Ignoring as the object is disposed.
TpTrace Verbose: 0 : 14816, 13, 2024/06/11, 16:06:45.773, 8513225266721, vstest.console.dll, MulticastDelegateUtilities.SafeInvoke: TestRun.TestRunComplete: Invoking callback 1/2 for Microsoft.VisualStudio.TestPlatform.CommandLine.TestRunResultAggregator., took 0 ms.
TpTrace Verbose: 0 : 14816, 13, 2024/06/11, 16:06:45.773, 8513225268044, vstest.console.dll, MulticastDelegateUtilities.SafeInvoke: TestRun.TestRunComplete: Invoking callback 2/2 for Microsoft.VisualStudio.TestPlatform.CommandLine.Processors.RunTestsArgumentExecutor+TestRunRequestEventsRegistrar., took 0 ms.
TpTrace Information: 0 : 14816, 13, 2024/06/11, 16:06:45.773, 8513225269015, vstest.console.dll, TestRunRequest:TestRunComplete: Completed.
TpTrace Verbose: 0 : 14816, 1, 2024/06/11, 16:06:45.773, 8513225269362, vstest.console.dll, TestRunRequest.Dispose: Starting.
TpTrace Verbose: 0 : 14816, 13, 2024/06/11, 16:06:45.773, 8513225269625, vstest.console.dll, TestRequestSender.SetOperationComplete: Setting operation complete.
TpTrace Information: 0 : 14816, 1, 2024/06/11, 16:06:45.774, 8513225270264, vstest.console.dll, TestRunRequest.Dispose: Completed.
TpTrace Information: 0 : 14816, 13, 2024/06/11, 16:06:45.774, 8513225270733, vstest.console.dll, SocketServer.Stop: Stop server endPoint: 127.0.0.1:63637
TpTrace Information: 0 : 14816, 1, 2024/06/11, 16:06:45.774, 8513225271406, vstest.console.dll, TestRequestManager.RunTests: run tests completed.
TpTrace Information: 0 : 14816, 13, 2024/06/11, 16:06:45.774, 8513225272017, vstest.console.dll, SocketServer.Stop: Cancellation requested. Stopping message loop.
TpTrace Information: 0 : 14816, 1, 2024/06/11, 16:06:45.774, 8513225272466, vstest.console.dll, RunTestsArgumentProcessor:Execute: Test run is completed.
TpTrace Verbose: 0 : 14816, 13, 2024/06/11, 16:06:45.774, 8513225272739, vstest.console.dll, MulticastDelegateUtilities.SafeInvoke: LengthPrefixCommunicationChannel: MessageReceived: Invoking callback 1/1 for Microsoft.VisualStudio.TestPlatform.CommunicationUtilities.TestRequestSender+<>c__DisplayClass34_0., took 129 ms.
TpTrace Information: 0 : 14816, 13, 2024/06/11, 16:06:45.774, 8513225273428, vstest.console.dll, SocketServer.PrivateStop: Stopping server endPoint: 127.0.0.1:63637 error: 
TpTrace Verbose: 0 : 14816, 1, 2024/06/11, 16:06:45.774, 8513225274988, vstest.console.dll, Executor.Execute: Exiting with exit code of 0
TpTrace Verbose: 0 : 14816, 13, 2024/06/11, 16:06:45.774, 8513225278461, vstest.console.dll, LengthPrefixCommunicationChannel.Dispose: Dispose reader and writer.
