TpTrace Verbose: 0 : 20892, 1, 2024/06/11, 16:07:33.254, 8513700076072, vstest.console.dll, Version: 17.10.0-release-24203-04 Current process architecture: X64
TpTrace Verbose: 0 : 20892, 1, 2024/06/11, 16:07:33.257, 8513700109175, vstest.console.dll, Runtime location: C:\Program Files\dotnet\shared\Microsoft.NETCore.App\8.0.6
TpTrace Verbose: 0 : 20892, 1, 2024/06/11, 16:07:33.261, 8513700140234, vstest.console.dll, ArtifactProcessingPostProcessModeProcessorExecutor.Initialize: ArtifactProcessingMode.Collect
TpTrace Verbose: 0 : 20892, 1, 2024/06/11, 16:07:33.261, 8513700142321, vstest.console.dll, TestSessionCorrelationIdProcessorModeProcessorExecutor.Initialize: TestSessionCorrelationId '11268_e9ab719b-67cc-4ddf-8e8e-c046b07c6e55'
TpTrace Information: 0 : 20892, 1, 2024/06/11, 16:07:33.269, 8513700225673, vstest.console.dll, FilePatternParser: The given file C:\Users\mahyo\source\repos\GameService\Game.Infrastructure.Repositories.Test\bin\Debug\net7.0\fine-code-coverage\build-output\Game.Infrastructure.Repositories.Test.dll is a full path.
TpTrace Verbose: 0 : 20892, 1, 2024/06/11, 16:07:33.274, 8513700278478, vstest.console.dll, TestPluginCache.DiscoverTestExtensions: finding test extensions in assemblies ends with: RuntimeProvider.dll TPluginInfo: Microsoft.VisualStudio.TestPlatform.Common.ExtensionFramework.Utilities.TestRuntimePluginInformation TExtension: Microsoft.VisualStudio.TestPlatform.ObjectModel.Host.ITestRuntimeProvider
TpTrace Verbose: 0 : 20892, 1, 2024/06/11, 16:07:33.275, 8513700281797, vstest.console.dll, TestPluginCache.GetExtensionPaths: Filtered extension paths: 
TpTrace Verbose: 0 : 20892, 1, 2024/06/11, 16:07:33.275, 8513700282757, vstest.console.dll, TestPluginCache.GetExtensionPaths: Added default extension paths: C:\Program Files\dotnet\sdk\8.0.301\Extensions\Microsoft.Diagnostics.NETCore.Client.dll
C:\Program Files\dotnet\sdk\8.0.301\Extensions\Microsoft.TestPlatform.Extensions.BlameDataCollector.dll
C:\Program Files\dotnet\sdk\8.0.301\Extensions\Microsoft.TestPlatform.Extensions.EventLogCollector.dll
C:\Program Files\dotnet\sdk\8.0.301\Extensions\Microsoft.TestPlatform.TestHostRuntimeProvider.dll
C:\Program Files\dotnet\sdk\8.0.301\Extensions\Microsoft.VisualStudio.TestPlatform.Extensions.Html.TestLogger.dll
C:\Program Files\dotnet\sdk\8.0.301\Extensions\Microsoft.VisualStudio.TestPlatform.Extensions.Trx.TestLogger.dll
TpTrace Verbose: 0 : 20892, 1, 2024/06/11, 16:07:33.275, 8513700283221, vstest.console.dll, TestPluginCache.GetExtensionPaths: Added unfilterableExtensionPaths: 
TpTrace Information: 0 : 20892, 1, 2024/06/11, 16:07:33.275, 8513700289012, vstest.console.dll, AssemblyResolver.ctor: Creating AssemblyResolver with searchDirectories C:\Program Files\dotnet\sdk\8.0.301\Extensions,C:\Program Files\dotnet\sdk\8.0.301
TpTrace Verbose: 0 : 20892, 1, 2024/06/11, 16:07:33.277, 8513700305546, vstest.console.dll, TestPluginCache.DiscoverTestExtensions: Discovering the extensions using extension path.
TpTrace Verbose: 0 : 20892, 1, 2024/06/11, 16:07:33.277, 8513700307187, vstest.console.dll, TestPluginCache.GetExtensionPaths: Filtered extension paths: 
TpTrace Verbose: 0 : 20892, 1, 2024/06/11, 16:07:33.277, 8513700307658, vstest.console.dll, TestPluginCache.GetExtensionPaths: Added default extension paths: C:\Program Files\dotnet\sdk\8.0.301\Extensions\Microsoft.Diagnostics.NETCore.Client.dll
C:\Program Files\dotnet\sdk\8.0.301\Extensions\Microsoft.TestPlatform.Extensions.BlameDataCollector.dll
C:\Program Files\dotnet\sdk\8.0.301\Extensions\Microsoft.TestPlatform.Extensions.EventLogCollector.dll
C:\Program Files\dotnet\sdk\8.0.301\Extensions\Microsoft.TestPlatform.TestHostRuntimeProvider.dll
C:\Program Files\dotnet\sdk\8.0.301\Extensions\Microsoft.VisualStudio.TestPlatform.Extensions.Html.TestLogger.dll
C:\Program Files\dotnet\sdk\8.0.301\Extensions\Microsoft.VisualStudio.TestPlatform.Extensions.Trx.TestLogger.dll
TpTrace Verbose: 0 : 20892, 1, 2024/06/11, 16:07:33.277, 8513700308018, vstest.console.dll, TestPluginCache.GetExtensionPaths: Added unfilterableExtensionPaths: 
TpTrace Verbose: 0 : 20892, 1, 2024/06/11, 16:07:33.277, 8513700309325, vstest.console.dll, TestPluginCache.DiscoverTestExtensions: Discovering the extensions using allExtensionPaths: C:\Program Files\dotnet\sdk\8.0.301\Extensions\Microsoft.Diagnostics.NETCore.Client.dll
C:\Program Files\dotnet\sdk\8.0.301\Extensions\Microsoft.TestPlatform.Extensions.BlameDataCollector.dll
C:\Program Files\dotnet\sdk\8.0.301\Extensions\Microsoft.TestPlatform.Extensions.EventLogCollector.dll
C:\Program Files\dotnet\sdk\8.0.301\Extensions\Microsoft.TestPlatform.TestHostRuntimeProvider.dll
C:\Program Files\dotnet\sdk\8.0.301\Extensions\Microsoft.VisualStudio.TestPlatform.Extensions.Html.TestLogger.dll
C:\Program Files\dotnet\sdk\8.0.301\Extensions\Microsoft.VisualStudio.TestPlatform.Extensions.Trx.TestLogger.dll
TpTrace Information: 0 : 20892, 1, 2024/06/11, 16:07:33.278, 8513700310492, vstest.console.dll, AssemblyResolver.AddSearchDirectories: Adding more searchDirectories C:\Program Files\dotnet\sdk\8.0.301\Extensions,C:\Program Files\dotnet\sdk\8.0.301
TpTrace Information: 0 : 20892, 1, 2024/06/11, 16:07:33.278, 8513700311052, vstest.console.dll, AssemblyResolver.AddSearchDirectories: Adding more searchDirectories C:\Program Files\dotnet\sdk\8.0.301\Extensions,C:\Program Files\dotnet\sdk\8.0.301
TpTrace Information: 0 : 20892, 1, 2024/06/11, 16:07:33.278, 8513700311448, vstest.console.dll, AssemblyResolver.AddSearchDirectories: Adding more searchDirectories C:\Program Files\dotnet\sdk\8.0.301\Extensions,C:\Program Files\dotnet\sdk\8.0.301
TpTrace Information: 0 : 20892, 1, 2024/06/11, 16:07:33.278, 8513700311773, vstest.console.dll, AssemblyResolver.AddSearchDirectories: Adding more searchDirectories C:\Program Files\dotnet\sdk\8.0.301\Extensions,C:\Program Files\dotnet\sdk\8.0.301
TpTrace Information: 0 : 20892, 1, 2024/06/11, 16:07:33.278, 8513700312074, vstest.console.dll, AssemblyResolver.AddSearchDirectories: Adding more searchDirectories C:\Program Files\dotnet\sdk\8.0.301\Extensions,C:\Program Files\dotnet\sdk\8.0.301
TpTrace Information: 0 : 20892, 1, 2024/06/11, 16:07:33.278, 8513700312369, vstest.console.dll, AssemblyResolver.AddSearchDirectories: Adding more searchDirectories C:\Program Files\dotnet\sdk\8.0.301\Extensions,C:\Program Files\dotnet\sdk\8.0.301
TpTrace Information: 0 : 20892, 1, 2024/06/11, 16:07:33.278, 8513700317406, vstest.console.dll, AssemblyResolver.OnResolve: Microsoft.Diagnostics.NETCore.Client: Resolving assembly.
TpTrace Information: 0 : 20892, 1, 2024/06/11, 16:07:33.278, 8513700318219, vstest.console.dll, AssemblyResolver.OnResolve: Microsoft.Diagnostics.NETCore.Client: Searching in: 'C:\Program Files\dotnet\sdk\8.0.301\Extensions'.
TpTrace Information: 0 : 20892, 1, 2024/06/11, 16:07:33.288, 8513700413442, vstest.console.dll, AssemblyResolver.OnResolve: Microsoft.Diagnostics.NETCore.Client: Loading assembly 'C:\Program Files\dotnet\sdk\8.0.301\Extensions\Microsoft.Diagnostics.NETCore.Client.dll'.
TpTrace Information: 0 : 20892, 1, 2024/06/11, 16:07:33.289, 8513700421131, vstest.console.dll, AssemblyResolver.OnResolve: Resolved assembly: Microsoft.Diagnostics.NETCore.Client, from path: C:\Program Files\dotnet\sdk\8.0.301\Extensions\Microsoft.Diagnostics.NETCore.Client.dll
TpTrace Verbose: 0 : 20892, 1, 2024/06/11, 16:07:33.294, 8513700473373, vstest.console.dll, MetadataReaderExtensionsHelper: Discovering extensions inside assembly 'Microsoft.Diagnostics.NETCore.Client, Version=0.2.10.15101, Culture=neutral, PublicKeyToken=31bf3856ad364e35' file path 'C:\Program Files\dotnet\sdk\8.0.301\Extensions\Microsoft.Diagnostics.NETCore.Client.dll'
TpTrace Information: 0 : 20892, 1, 2024/06/11, 16:07:33.299, 8513700522980, vstest.console.dll, AssemblyResolver.OnResolve: Microsoft.Bcl.AsyncInterfaces: Resolving assembly.
TpTrace Information: 0 : 20892, 1, 2024/06/11, 16:07:33.299, 8513700523854, vstest.console.dll, AssemblyResolver.OnResolve: Microsoft.Bcl.AsyncInterfaces: Searching in: 'C:\Program Files\dotnet\sdk\8.0.301\Extensions'.
TpTrace Information: 0 : 20892, 1, 2024/06/11, 16:07:33.299, 8513700524570, vstest.console.dll, AssemblyResolver.OnResolve: Microsoft.Bcl.AsyncInterfaces: Assembly path does not exist: 'C:\Program Files\dotnet\sdk\8.0.301\Extensions\Microsoft.Bcl.AsyncInterfaces.dll', returning.
TpTrace Information: 0 : 20892, 1, 2024/06/11, 16:07:33.299, 8513700525687, vstest.console.dll, AssemblyResolver.OnResolve: Microsoft.Bcl.AsyncInterfaces: Assembly path does not exist: 'C:\Program Files\dotnet\sdk\8.0.301\Extensions\Microsoft.Bcl.AsyncInterfaces.exe', returning.
TpTrace Information: 0 : 20892, 1, 2024/06/11, 16:07:33.299, 8513700526203, vstest.console.dll, AssemblyResolver.OnResolve: Microsoft.Bcl.AsyncInterfaces: Searching in: 'C:\Program Files\dotnet\sdk\8.0.301'.
TpTrace Information: 0 : 20892, 1, 2024/06/11, 16:07:33.299, 8513700526900, vstest.console.dll, AssemblyResolver.OnResolve: Microsoft.Bcl.AsyncInterfaces: Assembly path does not exist: 'C:\Program Files\dotnet\sdk\8.0.301\Microsoft.Bcl.AsyncInterfaces.dll', returning.
TpTrace Information: 0 : 20892, 1, 2024/06/11, 16:07:33.299, 8513700527438, vstest.console.dll, AssemblyResolver.OnResolve: Microsoft.Bcl.AsyncInterfaces: Assembly path does not exist: 'C:\Program Files\dotnet\sdk\8.0.301\Microsoft.Bcl.AsyncInterfaces.exe', returning.
TpTrace Information: 0 : 20892, 1, 2024/06/11, 16:07:33.299, 8513700527731, vstest.console.dll, AssemblyResolver.OnResolve: Microsoft.Bcl.AsyncInterfaces: Failed to load assembly.
TpTrace Verbose: 0 : 20892, 1, 2024/06/11, 16:07:33.299, 8513700528082, vstest.console.dll, CurrentDomainAssemblyResolve: Resolving assembly 'Microsoft.Bcl.AsyncInterfaces'.
TpTrace Information: 0 : 20892, 1, 2024/06/11, 16:07:33.299, 8513700528658, vstest.console.dll, AssemblyResolver.OnResolve: Microsoft.Bcl.AsyncInterfaces: Resolving assembly.
TpTrace Information: 0 : 20892, 1, 2024/06/11, 16:07:33.299, 8513700529097, vstest.console.dll, AssemblyResolver.OnResolve: Microsoft.Bcl.AsyncInterfaces: Resolved from cache.
TpTrace Verbose: 0 : 20892, 1, 2024/06/11, 16:07:33.299, 8513700529372, vstest.console.dll, CurrentDomainAssemblyResolve: Resolving assembly 'Microsoft.Bcl.AsyncInterfaces'.
TpTrace Verbose: 0 : 20892, 1, 2024/06/11, 16:07:33.299, 8513700529694, vstest.console.dll, CurrentDomainAssemblyResolve: Failed to resolve assembly 'Microsoft.Bcl.AsyncInterfaces'.
TpTrace Verbose: 0 : 20892, 1, 2024/06/11, 16:07:33.300, 8513700538884, vstest.console.dll, CurrentDomainAssemblyResolve: Failed to resolve assembly 'Microsoft.Bcl.AsyncInterfaces'.
TpTrace Warning: 0 : 20892, 1, 2024/06/11, 16:07:33.312, 8513700654902, vstest.console.dll, TestPluginDiscoverer: Failed to get types from assembly 'Microsoft.Diagnostics.NETCore.Client, Version=0.2.10.15101, Culture=neutral, PublicKeyToken=31bf3856ad364e35'. Error: System.Reflection.ReflectionTypeLoadException: Unable to load one or more of the requested types.
Could not load file or assembly 'Microsoft.Bcl.AsyncInterfaces, Version=6.0.0.0, Culture=neutral, PublicKeyToken=cc7b13ffcd2ddd51'. The system cannot find the file specified.
   at System.Reflection.RuntimeModule.GetTypes(RuntimeModule module)
   at System.Reflection.RuntimeModule.GetTypes()
   at Microsoft.VisualStudio.TestPlatform.Common.ExtensionFramework.TestPluginDiscoverer.GetTestExtensionsFromAssembly[TPluginInfo,TExtension](Assembly assembly, Dictionary`2 pluginInfos, String filePath) in /_/src/Microsoft.TestPlatform.Common/ExtensionFramework/TestPluginDiscoverer.cs:line 158
System.IO.FileNotFoundException: Could not load file or assembly 'Microsoft.Bcl.AsyncInterfaces, Version=6.0.0.0, Culture=neutral, PublicKeyToken=cc7b13ffcd2ddd51'. The system cannot find the file specified.
File name: 'Microsoft.Bcl.AsyncInterfaces, Version=6.0.0.0, Culture=neutral, PublicKeyToken=cc7b13ffcd2ddd51'
 ---> System.IO.FileNotFoundException: Could not load file or assembly 'Microsoft.Bcl.AsyncInterfaces, Culture=neutral, PublicKeyToken=null'. The system cannot find the file specified.
File name: 'Microsoft.Bcl.AsyncInterfaces, Culture=neutral, PublicKeyToken=null'
   at System.Reflection.RuntimeAssembly.InternalLoad(AssemblyName assemblyName, StackCrawlMark& stackMark, AssemblyLoadContext assemblyLoadContext, RuntimeAssembly requestingAssembly, Boolean throwOnFileNotFound)
   at System.Reflection.Assembly.Load(AssemblyName assemblyRef)
   at Microsoft.VisualStudio.TestPlatform.Common.ExtensionFramework.TestPluginCache.CurrentDomainAssemblyResolve(Object sender, AssemblyResolveEventArgs args) in /_/src/Microsoft.TestPlatform.Common/ExtensionFramework/TestPluginCache.cs:line 513
   at System.Runtime.Loader.AssemblyLoadContext.GetFirstResolvedAssemblyFromResolvingEvent(AssemblyName assemblyName)
   at System.Runtime.Loader.AssemblyLoadContext.ResolveUsingEvent(AssemblyName assemblyName)
   at System.Runtime.Loader.AssemblyLoadContext.ResolveUsingResolvingEvent(IntPtr gchManagedAssemblyLoadContext, AssemblyName assemblyName)
TpTrace Warning: 0 : 20892, 1, 2024/06/11, 16:07:33.312, 8513700658380, vstest.console.dll, LoaderExceptions: System.IO.FileNotFoundException: Could not load file or assembly 'Microsoft.Bcl.AsyncInterfaces, Version=6.0.0.0, Culture=neutral, PublicKeyToken=cc7b13ffcd2ddd51'. The system cannot find the file specified.
File name: 'Microsoft.Bcl.AsyncInterfaces, Version=6.0.0.0, Culture=neutral, PublicKeyToken=cc7b13ffcd2ddd51'
 ---> System.IO.FileNotFoundException: Could not load file or assembly 'Microsoft.Bcl.AsyncInterfaces, Culture=neutral, PublicKeyToken=null'. The system cannot find the file specified.
File name: 'Microsoft.Bcl.AsyncInterfaces, Culture=neutral, PublicKeyToken=null'
   at System.Reflection.RuntimeAssembly.InternalLoad(AssemblyName assemblyName, StackCrawlMark& stackMark, AssemblyLoadContext assemblyLoadContext, RuntimeAssembly requestingAssembly, Boolean throwOnFileNotFound)
   at System.Reflection.Assembly.Load(AssemblyName assemblyRef)
   at Microsoft.VisualStudio.TestPlatform.Common.ExtensionFramework.TestPluginCache.CurrentDomainAssemblyResolve(Object sender, AssemblyResolveEventArgs args) in /_/src/Microsoft.TestPlatform.Common/ExtensionFramework/TestPluginCache.cs:line 513
   at System.Runtime.Loader.AssemblyLoadContext.GetFirstResolvedAssemblyFromResolvingEvent(AssemblyName assemblyName)
   at System.Runtime.Loader.AssemblyLoadContext.ResolveUsingEvent(AssemblyName assemblyName)
   at System.Runtime.Loader.AssemblyLoadContext.ResolveUsingResolvingEvent(IntPtr gchManagedAssemblyLoadContext, AssemblyName assemblyName)
TpTrace Information: 0 : 20892, 1, 2024/06/11, 16:07:33.312, 8513700659887, vstest.console.dll, AssemblyResolver.OnResolve: Microsoft.TestPlatform.Extensions.BlameDataCollector: Resolving assembly.
TpTrace Information: 0 : 20892, 1, 2024/06/11, 16:07:33.313, 8513700660388, vstest.console.dll, AssemblyResolver.OnResolve: Microsoft.TestPlatform.Extensions.BlameDataCollector: Searching in: 'C:\Program Files\dotnet\sdk\8.0.301\Extensions'.
TpTrace Information: 0 : 20892, 1, 2024/06/11, 16:07:33.313, 8513700666351, vstest.console.dll, AssemblyResolver.OnResolve: Microsoft.TestPlatform.Extensions.BlameDataCollector: Loading assembly 'C:\Program Files\dotnet\sdk\8.0.301\Extensions\Microsoft.TestPlatform.Extensions.BlameDataCollector.dll'.
TpTrace Information: 0 : 20892, 1, 2024/06/11, 16:07:33.314, 8513700672892, vstest.console.dll, AssemblyResolver.OnResolve: Resolved assembly: Microsoft.TestPlatform.Extensions.BlameDataCollector, from path: C:\Program Files\dotnet\sdk\8.0.301\Extensions\Microsoft.TestPlatform.Extensions.BlameDataCollector.dll
TpTrace Verbose: 0 : 20892, 1, 2024/06/11, 16:07:33.314, 8513700673964, vstest.console.dll, MetadataReaderExtensionsHelper: Discovering extensions inside assembly 'Microsoft.TestPlatform.Extensions.BlameDataCollector, Version=15.0.0.0, Culture=neutral, PublicKeyToken=b03f5f7f11d50a3a' file path 'C:\Program Files\dotnet\sdk\8.0.301\Extensions\Microsoft.TestPlatform.Extensions.BlameDataCollector.dll'
TpTrace Information: 0 : 20892, 1, 2024/06/11, 16:07:33.315, 8513700689218, vstest.console.dll, AssemblyResolver.OnResolve: Microsoft.TestPlatform.Extensions.EventLogCollector: Resolving assembly.
TpTrace Information: 0 : 20892, 1, 2024/06/11, 16:07:33.316, 8513700689957, vstest.console.dll, AssemblyResolver.OnResolve: Microsoft.TestPlatform.Extensions.EventLogCollector: Searching in: 'C:\Program Files\dotnet\sdk\8.0.301\Extensions'.
TpTrace Information: 0 : 20892, 1, 2024/06/11, 16:07:33.316, 8513700694984, vstest.console.dll, AssemblyResolver.OnResolve: Microsoft.TestPlatform.Extensions.EventLogCollector: Loading assembly 'C:\Program Files\dotnet\sdk\8.0.301\Extensions\Microsoft.TestPlatform.Extensions.EventLogCollector.dll'.
TpTrace Information: 0 : 20892, 1, 2024/06/11, 16:07:33.317, 8513700700632, vstest.console.dll, AssemblyResolver.OnResolve: Resolved assembly: Microsoft.TestPlatform.Extensions.EventLogCollector, from path: C:\Program Files\dotnet\sdk\8.0.301\Extensions\Microsoft.TestPlatform.Extensions.EventLogCollector.dll
TpTrace Verbose: 0 : 20892, 1, 2024/06/11, 16:07:33.317, 8513700701371, vstest.console.dll, MetadataReaderExtensionsHelper: Discovering extensions inside assembly 'Microsoft.TestPlatform.Extensions.EventLogCollector, Version=15.0.0.0, Culture=neutral, PublicKeyToken=b03f5f7f11d50a3a' file path 'C:\Program Files\dotnet\sdk\8.0.301\Extensions\Microsoft.TestPlatform.Extensions.EventLogCollector.dll'
TpTrace Information: 0 : 20892, 1, 2024/06/11, 16:07:33.320, 8513700730045, vstest.console.dll, AssemblyResolver.OnResolve: Microsoft.TestPlatform.TestHostRuntimeProvider: Resolving assembly.
TpTrace Information: 0 : 20892, 1, 2024/06/11, 16:07:33.320, 8513700730938, vstest.console.dll, AssemblyResolver.OnResolve: Microsoft.TestPlatform.TestHostRuntimeProvider: Searching in: 'C:\Program Files\dotnet\sdk\8.0.301\Extensions'.
TpTrace Information: 0 : 20892, 1, 2024/06/11, 16:07:33.320, 8513700735394, vstest.console.dll, AssemblyResolver.OnResolve: Microsoft.TestPlatform.TestHostRuntimeProvider: Loading assembly 'C:\Program Files\dotnet\sdk\8.0.301\Extensions\Microsoft.TestPlatform.TestHostRuntimeProvider.dll'.
TpTrace Information: 0 : 20892, 1, 2024/06/11, 16:07:33.321, 8513700740698, vstest.console.dll, AssemblyResolver.OnResolve: Resolved assembly: Microsoft.TestPlatform.TestHostRuntimeProvider, from path: C:\Program Files\dotnet\sdk\8.0.301\Extensions\Microsoft.TestPlatform.TestHostRuntimeProvider.dll
TpTrace Verbose: 0 : 20892, 1, 2024/06/11, 16:07:33.321, 8513700741520, vstest.console.dll, MetadataReaderExtensionsHelper: Discovering extensions inside assembly 'Microsoft.TestPlatform.TestHostRuntimeProvider, Version=15.0.0.0, Culture=neutral, PublicKeyToken=b03f5f7f11d50a3a' file path 'C:\Program Files\dotnet\sdk\8.0.301\Extensions\Microsoft.TestPlatform.TestHostRuntimeProvider.dll'
TpTrace Information: 0 : 20892, 1, 2024/06/11, 16:07:33.322, 8513700757434, vstest.console.dll, GetTestExtensionFromType: Register extension with identifier data 'HostProvider://DefaultTestHost' and type 'Microsoft.VisualStudio.TestPlatform.CrossPlatEngine.Hosting.DefaultTestHostManager, Microsoft.TestPlatform.TestHostRuntimeProvider, Version=15.0.0.0, Culture=neutral, PublicKeyToken=b03f5f7f11d50a3a' inside file 'C:\Program Files\dotnet\sdk\8.0.301\Extensions\Microsoft.TestPlatform.TestHostRuntimeProvider.dll'
TpTrace Information: 0 : 20892, 1, 2024/06/11, 16:07:33.322, 8513700759850, vstest.console.dll, GetTestExtensionFromType: Register extension with identifier data 'HostProvider://DotnetTestHost' and type 'Microsoft.VisualStudio.TestPlatform.CrossPlatEngine.Hosting.DotnetTestHostManager, Microsoft.TestPlatform.TestHostRuntimeProvider, Version=15.0.0.0, Culture=neutral, PublicKeyToken=b03f5f7f11d50a3a' inside file 'C:\Program Files\dotnet\sdk\8.0.301\Extensions\Microsoft.TestPlatform.TestHostRuntimeProvider.dll'
TpTrace Information: 0 : 20892, 1, 2024/06/11, 16:07:33.323, 8513700760698, vstest.console.dll, AssemblyResolver.OnResolve: Microsoft.VisualStudio.TestPlatform.Extensions.Html.TestLogger: Resolving assembly.
TpTrace Information: 0 : 20892, 1, 2024/06/11, 16:07:33.323, 8513700761068, vstest.console.dll, AssemblyResolver.OnResolve: Microsoft.VisualStudio.TestPlatform.Extensions.Html.TestLogger: Searching in: 'C:\Program Files\dotnet\sdk\8.0.301\Extensions'.
TpTrace Information: 0 : 20892, 1, 2024/06/11, 16:07:33.323, 8513700765517, vstest.console.dll, AssemblyResolver.OnResolve: Microsoft.VisualStudio.TestPlatform.Extensions.Html.TestLogger: Loading assembly 'C:\Program Files\dotnet\sdk\8.0.301\Extensions\Microsoft.VisualStudio.TestPlatform.Extensions.Html.TestLogger.dll'.
TpTrace Information: 0 : 20892, 1, 2024/06/11, 16:07:33.324, 8513700770557, vstest.console.dll, AssemblyResolver.OnResolve: Resolved assembly: Microsoft.VisualStudio.TestPlatform.Extensions.Html.TestLogger, from path: C:\Program Files\dotnet\sdk\8.0.301\Extensions\Microsoft.VisualStudio.TestPlatform.Extensions.Html.TestLogger.dll
TpTrace Verbose: 0 : 20892, 1, 2024/06/11, 16:07:33.324, 8513700771228, vstest.console.dll, MetadataReaderExtensionsHelper: Discovering extensions inside assembly 'Microsoft.VisualStudio.TestPlatform.Extensions.Html.TestLogger, Version=15.0.0.0, Culture=neutral, PublicKeyToken=b03f5f7f11d50a3a' file path 'C:\Program Files\dotnet\sdk\8.0.301\Extensions\Microsoft.VisualStudio.TestPlatform.Extensions.Html.TestLogger.dll'
TpTrace Information: 0 : 20892, 1, 2024/06/11, 16:07:33.325, 8513700780697, vstest.console.dll, AssemblyResolver.OnResolve: Microsoft.VisualStudio.TestPlatform.Extensions.Trx.TestLogger: Resolving assembly.
TpTrace Information: 0 : 20892, 1, 2024/06/11, 16:07:33.325, 8513700781357, vstest.console.dll, AssemblyResolver.OnResolve: Microsoft.VisualStudio.TestPlatform.Extensions.Trx.TestLogger: Searching in: 'C:\Program Files\dotnet\sdk\8.0.301\Extensions'.
TpTrace Information: 0 : 20892, 1, 2024/06/11, 16:07:33.325, 8513700785623, vstest.console.dll, AssemblyResolver.OnResolve: Microsoft.VisualStudio.TestPlatform.Extensions.Trx.TestLogger: Loading assembly 'C:\Program Files\dotnet\sdk\8.0.301\Extensions\Microsoft.VisualStudio.TestPlatform.Extensions.Trx.TestLogger.dll'.
TpTrace Information: 0 : 20892, 1, 2024/06/11, 16:07:33.326, 8513700791666, vstest.console.dll, AssemblyResolver.OnResolve: Resolved assembly: Microsoft.VisualStudio.TestPlatform.Extensions.Trx.TestLogger, from path: C:\Program Files\dotnet\sdk\8.0.301\Extensions\Microsoft.VisualStudio.TestPlatform.Extensions.Trx.TestLogger.dll
TpTrace Verbose: 0 : 20892, 1, 2024/06/11, 16:07:33.326, 8513700792631, vstest.console.dll, MetadataReaderExtensionsHelper: Discovering extensions inside assembly 'Microsoft.VisualStudio.TestPlatform.Extensions.Trx.TestLogger, Version=15.0.0.0, Culture=neutral, PublicKeyToken=b03f5f7f11d50a3a' file path 'C:\Program Files\dotnet\sdk\8.0.301\Extensions\Microsoft.VisualStudio.TestPlatform.Extensions.Trx.TestLogger.dll'
TpTrace Verbose: 0 : 20892, 1, 2024/06/11, 16:07:33.327, 8513700804593, vstest.console.dll, TestPluginCache: Discovered the extensions using extension path ''.
TpTrace Verbose: 0 : 20892, 1, 2024/06/11, 16:07:33.327, 8513700805253, vstest.console.dll, TestPluginCache: Discoverers are ''.
TpTrace Verbose: 0 : 20892, 1, 2024/06/11, 16:07:33.327, 8513700805546, vstest.console.dll, TestPluginCache: Executors are ''.
TpTrace Verbose: 0 : 20892, 1, 2024/06/11, 16:07:33.327, 8513700805883, vstest.console.dll, TestPluginCache: Executors2 are ''.
TpTrace Verbose: 0 : 20892, 1, 2024/06/11, 16:07:33.327, 8513700806127, vstest.console.dll, TestPluginCache: Setting providers are ''.
TpTrace Verbose: 0 : 20892, 1, 2024/06/11, 16:07:33.327, 8513700806363, vstest.console.dll, TestPluginCache: Loggers are ''.
TpTrace Verbose: 0 : 20892, 1, 2024/06/11, 16:07:33.327, 8513700808149, vstest.console.dll, TestPluginCache: TestHosts are 'HostProvider://DefaultTestHost,HostProvider://DotnetTestHost'.
TpTrace Verbose: 0 : 20892, 1, 2024/06/11, 16:07:33.327, 8513700808542, vstest.console.dll, TestPluginCache: DataCollectors are ''.
TpTrace Information: 0 : 20892, 1, 2024/06/11, 16:07:33.340, 8513700935563, vstest.console.dll, RunTestsArgumentProcessor:Execute: Test run is starting.
TpTrace Verbose: 0 : 20892, 1, 2024/06/11, 16:07:33.340, 8513700936453, vstest.console.dll, RunTestsArgumentProcessor:Execute: Queuing Test run.
TpTrace Information: 0 : 20892, 1, 2024/06/11, 16:07:33.340, 8513700938866, vstest.console.dll, TestRequestManager.RunTests: run tests started.
TpTrace Information: 0 : 20892, 1, 2024/06/11, 16:07:33.341, 8513700949682, vstest.console.dll, AssemblyMetadataProvider.GetFrameworkName: Determined framework:'.NETCoreApp,Version=v7.0' for source: 'C:\Users\mahyo\source\repos\GameService\Game.Infrastructure.Repositories.Test\bin\Debug\net7.0\fine-code-coverage\build-output\Game.Infrastructure.Repositories.Test.dll'
TpTrace Information: 0 : 20892, 1, 2024/06/11, 16:07:33.342, 8513700951274, vstest.console.dll, Determined framework for all sources: .NETCoreApp,Version=v7.0
TpTrace Verbose: 0 : 20892, 1, 2024/06/11, 16:07:33.342, 8513700954355, vstest.console.dll, TestRequestManager.UpdateRunSettingsIfRequired: Default architecture: X64 IsDefaultTargetArchitecture: True, Current process architecture: X64 OperatingSystem: Windows.
TpTrace Information: 0 : 20892, 1, 2024/06/11, 16:07:33.344, 8513700970619, vstest.console.dll, AssemblyMetadataProvider.GetArchitecture: Determined architecture:AnyCPU info for assembly: C:\Users\mahyo\source\repos\GameService\Game.Infrastructure.Repositories.Test\bin\Debug\net7.0\fine-code-coverage\build-output\Game.Infrastructure.Repositories.Test.dll
TpTrace Information: 0 : 20892, 1, 2024/06/11, 16:07:33.344, 8513700971381, vstest.console.dll, Determined platform for source 'C:\Users\mahyo\source\repos\GameService\Game.Infrastructure.Repositories.Test\bin\Debug\net7.0\fine-code-coverage\build-output\Game.Infrastructure.Repositories.Test.dll' was AnyCPU and it will use the default plaform X64.
TpTrace Information: 0 : 20892, 1, 2024/06/11, 16:07:33.344, 8513700971775, vstest.console.dll, None of the sources provided any runnable platform, using the default platform: X64
TpTrace Information: 0 : 20892, 1, 2024/06/11, 16:07:33.344, 8513700972888, vstest.console.dll, Platform was updated to 'X64'.
TpTrace Information: 0 : 20892, 1, 2024/06/11, 16:07:33.347, 8513701002762, vstest.console.dll, InferRunSettingsHelper.IsTestSettingsEnabled: Unable to navigate to RunSettings/MSTest. Current node: RunSettings
TpTrace Information: 0 : 20892, 1, 2024/06/11, 16:07:33.347, 8513701008362, vstest.console.dll, AssemblyResolver.OnResolve: Microsoft.VisualStudio.TestPlatform.Fakes: Resolving assembly.
TpTrace Information: 0 : 20892, 1, 2024/06/11, 16:07:33.347, 8513701009042, vstest.console.dll, AssemblyResolver.OnResolve: Microsoft.VisualStudio.TestPlatform.Fakes: Searching in: 'C:\Program Files\dotnet\sdk\8.0.301\Extensions'.
TpTrace Information: 0 : 20892, 1, 2024/06/11, 16:07:33.347, 8513701009806, vstest.console.dll, AssemblyResolver.OnResolve: Microsoft.VisualStudio.TestPlatform.Fakes: Assembly path does not exist: 'C:\Program Files\dotnet\sdk\8.0.301\Extensions\Microsoft.VisualStudio.TestPlatform.Fakes.dll', returning.
TpTrace Information: 0 : 20892, 1, 2024/06/11, 16:07:33.348, 8513701010415, vstest.console.dll, AssemblyResolver.OnResolve: Microsoft.VisualStudio.TestPlatform.Fakes: Assembly path does not exist: 'C:\Program Files\dotnet\sdk\8.0.301\Extensions\Microsoft.VisualStudio.TestPlatform.Fakes.exe', returning.
TpTrace Information: 0 : 20892, 1, 2024/06/11, 16:07:33.348, 8513701010733, vstest.console.dll, AssemblyResolver.OnResolve: Microsoft.VisualStudio.TestPlatform.Fakes: Searching in: 'C:\Program Files\dotnet\sdk\8.0.301'.
TpTrace Information: 0 : 20892, 1, 2024/06/11, 16:07:33.348, 8513701011351, vstest.console.dll, AssemblyResolver.OnResolve: Microsoft.VisualStudio.TestPlatform.Fakes: Assembly path does not exist: 'C:\Program Files\dotnet\sdk\8.0.301\Microsoft.VisualStudio.TestPlatform.Fakes.dll', returning.
TpTrace Information: 0 : 20892, 1, 2024/06/11, 16:07:33.348, 8513701011915, vstest.console.dll, AssemblyResolver.OnResolve: Microsoft.VisualStudio.TestPlatform.Fakes: Assembly path does not exist: 'C:\Program Files\dotnet\sdk\8.0.301\Microsoft.VisualStudio.TestPlatform.Fakes.exe', returning.
TpTrace Information: 0 : 20892, 1, 2024/06/11, 16:07:33.348, 8513701012221, vstest.console.dll, AssemblyResolver.OnResolve: Microsoft.VisualStudio.TestPlatform.Fakes: Failed to load assembly.
TpTrace Information: 0 : 20892, 1, 2024/06/11, 16:07:33.348, 8513701014600, vstest.console.dll, Failed to load assembly Microsoft.VisualStudio.TestPlatform.Fakes, Version=17.0.0.0, Culture=neutral. Reason:System.IO.FileNotFoundException: Could not load file or assembly 'Microsoft.VisualStudio.TestPlatform.Fakes, Version=17.0.0.0, Culture=neutral, PublicKeyToken=null'. The system cannot find the file specified.
File name: 'Microsoft.VisualStudio.TestPlatform.Fakes, Version=17.0.0.0, Culture=neutral, PublicKeyToken=null'
   at System.Reflection.RuntimeAssembly.InternalLoad(AssemblyName assemblyName, StackCrawlMark& stackMark, AssemblyLoadContext assemblyLoadContext, RuntimeAssembly requestingAssembly, Boolean throwOnFileNotFound)
   at System.Reflection.Assembly.Load(AssemblyName assemblyRef)
   at Microsoft.VisualStudio.TestPlatform.Common.Utilities.FakesUtilities.LoadTestPlatformAssembly() in /_/src/Microsoft.TestPlatform.Common/Utilities/FakesUtilities.cs:line 272
TpTrace Verbose: 0 : 20892, 1, 2024/06/11, 16:07:33.351, 8513701045371, vstest.console.dll, TestPluginCache.DiscoverTestExtensions: finding test extensions in assemblies ends with: TestLogger.dll TPluginInfo: Microsoft.VisualStudio.TestPlatform.Common.ExtensionFramework.Utilities.TestLoggerPluginInformation TExtension: Microsoft.VisualStudio.TestPlatform.ObjectModel.Client.ITestLogger
TpTrace Verbose: 0 : 20892, 1, 2024/06/11, 16:07:33.351, 8513701046522, vstest.console.dll, TestPluginCache.GetExtensionPaths: Filtered extension paths: 
TpTrace Verbose: 0 : 20892, 1, 2024/06/11, 16:07:33.351, 8513701047028, vstest.console.dll, TestPluginCache.GetExtensionPaths: Added default extension paths: C:\Program Files\dotnet\sdk\8.0.301\Extensions\Microsoft.Diagnostics.NETCore.Client.dll
C:\Program Files\dotnet\sdk\8.0.301\Extensions\Microsoft.TestPlatform.Extensions.BlameDataCollector.dll
C:\Program Files\dotnet\sdk\8.0.301\Extensions\Microsoft.TestPlatform.Extensions.EventLogCollector.dll
C:\Program Files\dotnet\sdk\8.0.301\Extensions\Microsoft.TestPlatform.TestHostRuntimeProvider.dll
C:\Program Files\dotnet\sdk\8.0.301\Extensions\Microsoft.VisualStudio.TestPlatform.Extensions.Html.TestLogger.dll
C:\Program Files\dotnet\sdk\8.0.301\Extensions\Microsoft.VisualStudio.TestPlatform.Extensions.Trx.TestLogger.dll
TpTrace Verbose: 0 : 20892, 1, 2024/06/11, 16:07:33.351, 8513701047329, vstest.console.dll, TestPluginCache.GetExtensionPaths: Added unfilterableExtensionPaths: 
TpTrace Information: 0 : 20892, 1, 2024/06/11, 16:07:33.351, 8513701048542, vstest.console.dll, AssemblyResolver.AddSearchDirectories: Adding more searchDirectories C:\Program Files\dotnet\sdk\8.0.301\Extensions,C:\Program Files\dotnet\sdk\8.0.301
TpTrace Verbose: 0 : 20892, 1, 2024/06/11, 16:07:33.351, 8513701049140, vstest.console.dll, TestPluginCache.DiscoverTestExtensions: Discovering the extensions using extension path.
TpTrace Verbose: 0 : 20892, 1, 2024/06/11, 16:07:33.351, 8513701049689, vstest.console.dll, TestPluginCache.GetExtensionPaths: Filtered extension paths: 
TpTrace Verbose: 0 : 20892, 1, 2024/06/11, 16:07:33.352, 8513701050223, vstest.console.dll, TestPluginCache.GetExtensionPaths: Added default extension paths: C:\Program Files\dotnet\sdk\8.0.301\Extensions\Microsoft.Diagnostics.NETCore.Client.dll
C:\Program Files\dotnet\sdk\8.0.301\Extensions\Microsoft.TestPlatform.Extensions.BlameDataCollector.dll
C:\Program Files\dotnet\sdk\8.0.301\Extensions\Microsoft.TestPlatform.Extensions.EventLogCollector.dll
C:\Program Files\dotnet\sdk\8.0.301\Extensions\Microsoft.TestPlatform.TestHostRuntimeProvider.dll
C:\Program Files\dotnet\sdk\8.0.301\Extensions\Microsoft.VisualStudio.TestPlatform.Extensions.Html.TestLogger.dll
C:\Program Files\dotnet\sdk\8.0.301\Extensions\Microsoft.VisualStudio.TestPlatform.Extensions.Trx.TestLogger.dll
TpTrace Verbose: 0 : 20892, 1, 2024/06/11, 16:07:33.352, 8513701050677, vstest.console.dll, TestPluginCache.GetExtensionPaths: Added unfilterableExtensionPaths: 
TpTrace Verbose: 0 : 20892, 1, 2024/06/11, 16:07:33.352, 8513701051814, vstest.console.dll, TestPluginCache.DiscoverTestExtensions: Discovering the extensions using allExtensionPaths: C:\Program Files\dotnet\sdk\8.0.301\Extensions\Microsoft.Diagnostics.NETCore.Client.dll
C:\Program Files\dotnet\sdk\8.0.301\Extensions\Microsoft.TestPlatform.Extensions.BlameDataCollector.dll
C:\Program Files\dotnet\sdk\8.0.301\Extensions\Microsoft.TestPlatform.Extensions.EventLogCollector.dll
C:\Program Files\dotnet\sdk\8.0.301\Extensions\Microsoft.TestPlatform.TestHostRuntimeProvider.dll
C:\Program Files\dotnet\sdk\8.0.301\Extensions\Microsoft.VisualStudio.TestPlatform.Extensions.Html.TestLogger.dll
C:\Program Files\dotnet\sdk\8.0.301\Extensions\Microsoft.VisualStudio.TestPlatform.Extensions.Trx.TestLogger.dll
TpTrace Information: 0 : 20892, 1, 2024/06/11, 16:07:33.352, 8513701052631, vstest.console.dll, AssemblyResolver.AddSearchDirectories: Adding more searchDirectories C:\Program Files\dotnet\sdk\8.0.301\Extensions,C:\Program Files\dotnet\sdk\8.0.301
TpTrace Information: 0 : 20892, 1, 2024/06/11, 16:07:33.352, 8513701053250, vstest.console.dll, AssemblyResolver.AddSearchDirectories: Adding more searchDirectories C:\Program Files\dotnet\sdk\8.0.301\Extensions,C:\Program Files\dotnet\sdk\8.0.301
TpTrace Information: 0 : 20892, 1, 2024/06/11, 16:07:33.352, 8513701053742, vstest.console.dll, AssemblyResolver.AddSearchDirectories: Adding more searchDirectories C:\Program Files\dotnet\sdk\8.0.301\Extensions,C:\Program Files\dotnet\sdk\8.0.301
TpTrace Information: 0 : 20892, 1, 2024/06/11, 16:07:33.352, 8513701054248, vstest.console.dll, AssemblyResolver.AddSearchDirectories: Adding more searchDirectories C:\Program Files\dotnet\sdk\8.0.301\Extensions,C:\Program Files\dotnet\sdk\8.0.301
TpTrace Information: 0 : 20892, 1, 2024/06/11, 16:07:33.352, 8513701054738, vstest.console.dll, AssemblyResolver.AddSearchDirectories: Adding more searchDirectories C:\Program Files\dotnet\sdk\8.0.301\Extensions,C:\Program Files\dotnet\sdk\8.0.301
TpTrace Information: 0 : 20892, 1, 2024/06/11, 16:07:33.352, 8513701055294, vstest.console.dll, AssemblyResolver.AddSearchDirectories: Adding more searchDirectories C:\Program Files\dotnet\sdk\8.0.301\Extensions,C:\Program Files\dotnet\sdk\8.0.301
TpTrace Verbose: 0 : 20892, 1, 2024/06/11, 16:07:33.352, 8513701056913, vstest.console.dll, MetadataReaderExtensionsHelper: Discovering extensions inside assembly 'Microsoft.Diagnostics.NETCore.Client, Version=0.2.10.15101, Culture=neutral, PublicKeyToken=31bf3856ad364e35' file path 'C:\Program Files\dotnet\sdk\8.0.301\Extensions\Microsoft.Diagnostics.NETCore.Client.dll'
TpTrace Information: 0 : 20892, 1, 2024/06/11, 16:07:33.353, 8513701067537, vstest.console.dll, AssemblyResolver.OnResolve: Microsoft.Bcl.AsyncInterfaces: Resolving assembly.
TpTrace Information: 0 : 20892, 1, 2024/06/11, 16:07:33.353, 8513701068233, vstest.console.dll, AssemblyResolver.OnResolve: Microsoft.Bcl.AsyncInterfaces: Resolved from cache.
TpTrace Verbose: 0 : 20892, 1, 2024/06/11, 16:07:33.353, 8513701068552, vstest.console.dll, CurrentDomainAssemblyResolve: Resolving assembly 'Microsoft.Bcl.AsyncInterfaces'.
TpTrace Information: 0 : 20892, 1, 2024/06/11, 16:07:33.353, 8513701069033, vstest.console.dll, AssemblyResolver.OnResolve: Microsoft.Bcl.AsyncInterfaces: Resolving assembly.
TpTrace Information: 0 : 20892, 1, 2024/06/11, 16:07:33.353, 8513701069369, vstest.console.dll, AssemblyResolver.OnResolve: Microsoft.Bcl.AsyncInterfaces: Resolved from cache.
TpTrace Verbose: 0 : 20892, 1, 2024/06/11, 16:07:33.353, 8513701069636, vstest.console.dll, CurrentDomainAssemblyResolve: Resolving assembly 'Microsoft.Bcl.AsyncInterfaces'.
TpTrace Verbose: 0 : 20892, 1, 2024/06/11, 16:07:33.354, 8513701069888, vstest.console.dll, CurrentDomainAssemblyResolve: Failed to resolve assembly 'Microsoft.Bcl.AsyncInterfaces'.
TpTrace Verbose: 0 : 20892, 1, 2024/06/11, 16:07:33.354, 8513701071199, vstest.console.dll, CurrentDomainAssemblyResolve: Failed to resolve assembly 'Microsoft.Bcl.AsyncInterfaces'.
TpTrace Warning: 0 : 20892, 1, 2024/06/11, 16:07:33.354, 8513701074431, vstest.console.dll, TestPluginDiscoverer: Failed to get types from assembly 'Microsoft.Diagnostics.NETCore.Client, Version=0.2.10.15101, Culture=neutral, PublicKeyToken=31bf3856ad364e35'. Error: System.Reflection.ReflectionTypeLoadException: Unable to load one or more of the requested types.
Could not load file or assembly 'Microsoft.Bcl.AsyncInterfaces, Version=6.0.0.0, Culture=neutral, PublicKeyToken=cc7b13ffcd2ddd51'. The system cannot find the file specified.
   at System.Reflection.RuntimeModule.GetTypes(RuntimeModule module)
   at System.Reflection.RuntimeModule.GetTypes()
   at Microsoft.VisualStudio.TestPlatform.Common.ExtensionFramework.TestPluginDiscoverer.GetTestExtensionsFromAssembly[TPluginInfo,TExtension](Assembly assembly, Dictionary`2 pluginInfos, String filePath) in /_/src/Microsoft.TestPlatform.Common/ExtensionFramework/TestPluginDiscoverer.cs:line 158
System.IO.FileNotFoundException: Could not load file or assembly 'Microsoft.Bcl.AsyncInterfaces, Version=6.0.0.0, Culture=neutral, PublicKeyToken=cc7b13ffcd2ddd51'. The system cannot find the file specified.
File name: 'Microsoft.Bcl.AsyncInterfaces, Version=6.0.0.0, Culture=neutral, PublicKeyToken=cc7b13ffcd2ddd51'
 ---> System.IO.FileNotFoundException: Could not load file or assembly 'Microsoft.Bcl.AsyncInterfaces, Culture=neutral, PublicKeyToken=null'. The system cannot find the file specified.
File name: 'Microsoft.Bcl.AsyncInterfaces, Culture=neutral, PublicKeyToken=null'
   at System.Reflection.RuntimeAssembly.InternalLoad(AssemblyName assemblyName, StackCrawlMark& stackMark, AssemblyLoadContext assemblyLoadContext, RuntimeAssembly requestingAssembly, Boolean throwOnFileNotFound)
   at System.Reflection.Assembly.Load(AssemblyName assemblyRef)
   at Microsoft.VisualStudio.TestPlatform.Common.ExtensionFramework.TestPluginCache.CurrentDomainAssemblyResolve(Object sender, AssemblyResolveEventArgs args) in /_/src/Microsoft.TestPlatform.Common/ExtensionFramework/TestPluginCache.cs:line 513
   at System.Runtime.Loader.AssemblyLoadContext.GetFirstResolvedAssemblyFromResolvingEvent(AssemblyName assemblyName)
   at System.Runtime.Loader.AssemblyLoadContext.ResolveUsingEvent(AssemblyName assemblyName)
   at System.Runtime.Loader.AssemblyLoadContext.ResolveUsingResolvingEvent(IntPtr gchManagedAssemblyLoadContext, AssemblyName assemblyName)
TpTrace Warning: 0 : 20892, 1, 2024/06/11, 16:07:33.354, 8513701075945, vstest.console.dll, LoaderExceptions: System.IO.FileNotFoundException: Could not load file or assembly 'Microsoft.Bcl.AsyncInterfaces, Version=6.0.0.0, Culture=neutral, PublicKeyToken=cc7b13ffcd2ddd51'. The system cannot find the file specified.
File name: 'Microsoft.Bcl.AsyncInterfaces, Version=6.0.0.0, Culture=neutral, PublicKeyToken=cc7b13ffcd2ddd51'
 ---> System.IO.FileNotFoundException: Could not load file or assembly 'Microsoft.Bcl.AsyncInterfaces, Culture=neutral, PublicKeyToken=null'. The system cannot find the file specified.
File name: 'Microsoft.Bcl.AsyncInterfaces, Culture=neutral, PublicKeyToken=null'
   at System.Reflection.RuntimeAssembly.InternalLoad(AssemblyName assemblyName, StackCrawlMark& stackMark, AssemblyLoadContext assemblyLoadContext, RuntimeAssembly requestingAssembly, Boolean throwOnFileNotFound)
   at System.Reflection.Assembly.Load(AssemblyName assemblyRef)
   at Microsoft.VisualStudio.TestPlatform.Common.ExtensionFramework.TestPluginCache.CurrentDomainAssemblyResolve(Object sender, AssemblyResolveEventArgs args) in /_/src/Microsoft.TestPlatform.Common/ExtensionFramework/TestPluginCache.cs:line 513
   at System.Runtime.Loader.AssemblyLoadContext.GetFirstResolvedAssemblyFromResolvingEvent(AssemblyName assemblyName)
   at System.Runtime.Loader.AssemblyLoadContext.ResolveUsingEvent(AssemblyName assemblyName)
   at System.Runtime.Loader.AssemblyLoadContext.ResolveUsingResolvingEvent(IntPtr gchManagedAssemblyLoadContext, AssemblyName assemblyName)
TpTrace Verbose: 0 : 20892, 1, 2024/06/11, 16:07:33.354, 8513701076806, vstest.console.dll, MetadataReaderExtensionsHelper: Discovering extensions inside assembly 'Microsoft.TestPlatform.Extensions.BlameDataCollector, Version=15.0.0.0, Culture=neutral, PublicKeyToken=b03f5f7f11d50a3a' file path 'C:\Program Files\dotnet\sdk\8.0.301\Extensions\Microsoft.TestPlatform.Extensions.BlameDataCollector.dll'
TpTrace Information: 0 : 20892, 1, 2024/06/11, 16:07:33.355, 8513701083122, vstest.console.dll, GetTestExtensionFromType: Register extension with identifier data 'logger://Microsoft/TestPlatform/Extensions/Blame/v1' and type 'Microsoft.TestPlatform.Extensions.BlameDataCollector.BlameLogger, Microsoft.TestPlatform.Extensions.BlameDataCollector, Version=15.0.0.0, Culture=neutral, PublicKeyToken=b03f5f7f11d50a3a' inside file 'C:\Program Files\dotnet\sdk\8.0.301\Extensions\Microsoft.TestPlatform.Extensions.BlameDataCollector.dll'
TpTrace Verbose: 0 : 20892, 1, 2024/06/11, 16:07:33.355, 8513701083794, vstest.console.dll, MetadataReaderExtensionsHelper: Discovering extensions inside assembly 'Microsoft.TestPlatform.Extensions.EventLogCollector, Version=15.0.0.0, Culture=neutral, PublicKeyToken=b03f5f7f11d50a3a' file path 'C:\Program Files\dotnet\sdk\8.0.301\Extensions\Microsoft.TestPlatform.Extensions.EventLogCollector.dll'
TpTrace Verbose: 0 : 20892, 1, 2024/06/11, 16:07:33.355, 8513701088408, vstest.console.dll, MetadataReaderExtensionsHelper: Discovering extensions inside assembly 'Microsoft.TestPlatform.TestHostRuntimeProvider, Version=15.0.0.0, Culture=neutral, PublicKeyToken=b03f5f7f11d50a3a' file path 'C:\Program Files\dotnet\sdk\8.0.301\Extensions\Microsoft.TestPlatform.TestHostRuntimeProvider.dll'
TpTrace Verbose: 0 : 20892, 1, 2024/06/11, 16:07:33.356, 8513701093344, vstest.console.dll, MetadataReaderExtensionsHelper: Discovering extensions inside assembly 'Microsoft.VisualStudio.TestPlatform.Extensions.Html.TestLogger, Version=15.0.0.0, Culture=neutral, PublicKeyToken=b03f5f7f11d50a3a' file path 'C:\Program Files\dotnet\sdk\8.0.301\Extensions\Microsoft.VisualStudio.TestPlatform.Extensions.Html.TestLogger.dll'
TpTrace Information: 0 : 20892, 1, 2024/06/11, 16:07:33.357, 8513701100791, vstest.console.dll, GetTestExtensionFromType: Register extension with identifier data 'logger://Microsoft/TestPlatform/HtmlLogger/v1' and type 'Microsoft.VisualStudio.TestPlatform.Extensions.HtmlLogger.HtmlLogger, Microsoft.VisualStudio.TestPlatform.Extensions.Html.TestLogger, Version=15.0.0.0, Culture=neutral, PublicKeyToken=b03f5f7f11d50a3a' inside file 'C:\Program Files\dotnet\sdk\8.0.301\Extensions\Microsoft.VisualStudio.TestPlatform.Extensions.Html.TestLogger.dll'
TpTrace Verbose: 0 : 20892, 1, 2024/06/11, 16:07:33.357, 8513701101468, vstest.console.dll, MetadataReaderExtensionsHelper: Discovering extensions inside assembly 'Microsoft.VisualStudio.TestPlatform.Extensions.Trx.TestLogger, Version=15.0.0.0, Culture=neutral, PublicKeyToken=b03f5f7f11d50a3a' file path 'C:\Program Files\dotnet\sdk\8.0.301\Extensions\Microsoft.VisualStudio.TestPlatform.Extensions.Trx.TestLogger.dll'
TpTrace Information: 0 : 20892, 1, 2024/06/11, 16:07:33.357, 8513701106461, vstest.console.dll, GetTestExtensionFromType: Register extension with identifier data 'logger://Microsoft/TestPlatform/TrxLogger/v1' and type 'Microsoft.VisualStudio.TestPlatform.Extensions.TrxLogger.TrxLogger, Microsoft.VisualStudio.TestPlatform.Extensions.Trx.TestLogger, Version=15.0.0.0, Culture=neutral, PublicKeyToken=b03f5f7f11d50a3a' inside file 'C:\Program Files\dotnet\sdk\8.0.301\Extensions\Microsoft.VisualStudio.TestPlatform.Extensions.Trx.TestLogger.dll'
TpTrace Verbose: 0 : 20892, 1, 2024/06/11, 16:07:33.357, 8513701107124, vstest.console.dll, TestPluginCache: Discovered the extensions using extension path ''.
TpTrace Verbose: 0 : 20892, 1, 2024/06/11, 16:07:33.357, 8513701107483, vstest.console.dll, TestPluginCache: Discoverers are ''.
TpTrace Verbose: 0 : 20892, 1, 2024/06/11, 16:07:33.357, 8513701107737, vstest.console.dll, TestPluginCache: Executors are ''.
TpTrace Verbose: 0 : 20892, 1, 2024/06/11, 16:07:33.357, 8513701107973, vstest.console.dll, TestPluginCache: Executors2 are ''.
TpTrace Verbose: 0 : 20892, 1, 2024/06/11, 16:07:33.357, 8513701108235, vstest.console.dll, TestPluginCache: Setting providers are ''.
TpTrace Verbose: 0 : 20892, 1, 2024/06/11, 16:07:33.357, 8513701109036, vstest.console.dll, TestPluginCache: Loggers are 'logger://Microsoft/TestPlatform/Extensions/Blame/v1,logger://Microsoft/TestPlatform/HtmlLogger/v1,logger://Microsoft/TestPlatform/TrxLogger/v1'.
TpTrace Verbose: 0 : 20892, 1, 2024/06/11, 16:07:33.357, 8513701109519, vstest.console.dll, TestPluginCache: TestHosts are 'HostProvider://DefaultTestHost,HostProvider://DotnetTestHost'.
TpTrace Verbose: 0 : 20892, 1, 2024/06/11, 16:07:33.357, 8513701109822, vstest.console.dll, TestPluginCache: DataCollectors are ''.
TpTrace Information: 0 : 20892, 1, 2024/06/11, 16:07:33.358, 8513701117162, vstest.console.dll, TestPluginManager.CreateTestExtension: Attempting to load test extension: Microsoft.TestPlatform.Extensions.BlameDataCollector.BlameLogger
TpTrace Verbose: 0 : 20892, 1, 2024/06/11, 16:07:33.365, 8513701189144, vstest.console.dll, TestEngine: Initializing Parallel Execution as MaxCpuCount is set to: 1
TpTrace Information: 0 : 20892, 1, 2024/06/11, 16:07:33.367, 8513701204013, vstest.console.dll, TestPluginManager.CreateTestExtension: Attempting to load test extension: Microsoft.VisualStudio.TestPlatform.CrossPlatEngine.Hosting.DefaultTestHostManager
TpTrace Information: 0 : 20892, 1, 2024/06/11, 16:07:33.368, 8513701215877, vstest.console.dll, TestPluginManager.CreateTestExtension: Attempting to load test extension: Microsoft.VisualStudio.TestPlatform.CrossPlatEngine.Hosting.DotnetTestHostManager
TpTrace Information: 0 : 20892, 1, 2024/06/11, 16:07:33.369, 8513701221962, vstest.console.dll, InferRunSettingsHelper.IsTestSettingsEnabled: Unable to navigate to RunSettings/MSTest. Current node: RunSettings
TpTrace Verbose: 0 : 20892, 1, 2024/06/11, 16:07:33.369, 8513701226902, vstest.console.dll, ParallelOperationManager.ClearSlots: Clearing all slots. Slots should accept more work: True
TpTrace Verbose: 0 : 20892, 1, 2024/06/11, 16:07:33.370, 8513701233024, vstest.console.dll, ParallelOperationManager.SetOccupiedSlotCount: Setting slot counts AvailableSlotCount = 1, OccupiedSlotCount = 0.
TpTrace Verbose: 0 : 20892, 1, 2024/06/11, 16:07:33.370, 8513701236194, vstest.console.dll, Occupied slots:

TpTrace Verbose: 0 : 20892, 1, 2024/06/11, 16:07:33.373, 8513701269042, vstest.console.dll, TestEngine.GetExecutionManager: Chosen execution manager 'Microsoft.VisualStudio.TestPlatform.CrossPlatEngine.Client.Parallel.ParallelProxyExecutionManager, Microsoft.TestPlatform.CrossPlatEngine, Version=15.0.0.0, Culture=neutral, PublicKeyToken=b03f5f7f11d50a3a' ParallelLevel '1'.
TpTrace Verbose: 0 : 20892, 1, 2024/06/11, 16:07:33.374, 8513701270366, vstest.console.dll, TestRunRequest.ExecuteAsync: Creating test run request.
TpTrace Verbose: 0 : 20892, 1, 2024/06/11, 16:07:33.374, 8513701272514, vstest.console.dll, TestRunRequest.ExecuteAsync: Starting.
TpTrace Information: 0 : 20892, 1, 2024/06/11, 16:07:33.375, 8513701284186, vstest.console.dll, TestRunRequest.ExecuteAsync: Starting run with settings:TestRunCriteria:
   KeepAlive=False,FrequencyOfRunStatsChangeEvent=10,RunStatsChangeEventTimeout=00:00:01.5000000,TestCaseFilter=,TestExecutorLauncher=
   Settingsxml=<RunSettings>
  <RunConfiguration>
    <ResultsDirectory>C:\Users\mahyo\source\repos\GameService\Game.Infrastructure.Repositories.Test\bin\Debug\net7.0\fine-code-coverage\coverage-tool-output</ResultsDirectory>
    <TargetPlatform>X64</TargetPlatform>
    <TargetFrameworkVersion>.NETCoreApp,Version=v7.0</TargetFrameworkVersion>
    <DesignMode>False</DesignMode>
    <CollectSourceInformation>False</CollectSourceInformation>
  </RunConfiguration>
  <LoggerRunSettings>
    <Loggers>
      <Logger friendlyName="blame" enabled="True" />
      <Logger friendlyName="Console" uri="logger://microsoft/TestPlatform/ConsoleLogger/v1" assemblyQualifiedName="Microsoft.VisualStudio.TestPlatform.CommandLine.Internal.ConsoleLogger, vstest.console, Version=15.0.0.0, Culture=neutral, PublicKeyToken=b03f5f7f11d50a3a" codeBase="C:\Program Files\dotnet\sdk\8.0.301\vstest.console.dll" enabled="True" />
    </Loggers>
  </LoggerRunSettings>
  <DataCollectionRunSettings>
    <DataCollectors>
      <DataCollector friendlyName="blame" enabled="True">
        <Configuration>
          <ResultsDirectory>C:\Users\mahyo\source\repos\GameService\Game.Infrastructure.Repositories.Test\bin\Debug\net7.0\fine-code-coverage\coverage-tool-output</ResultsDirectory>
        </Configuration>
      </DataCollector>
    </DataCollectors>
  </DataCollectionRunSettings>
</RunSettings>

TpTrace Verbose: 0 : 20892, 1, 2024/06/11, 16:07:33.375, 8513701284985, vstest.console.dll, TestRunRequest.ExecuteAsync: Wait for the first run request is over.
TpTrace Verbose: 0 : 20892, 1, 2024/06/11, 16:07:33.375, 8513701288420, vstest.console.dll, MulticastDelegateUtilities.SafeInvoke: TestRun.TestRunStart: Invoking callbacks was skipped because there are no subscribers.
TpTrace Verbose: 0 : 20892, 4, 2024/06/11, 16:07:33.376, 8513701290749, vstest.console.dll, MulticastDelegateUtilities.SafeInvoke: InternalTestLoggerEvents.SendTestRunStart: Invoking callback 1/1 for Microsoft.VisualStudio.TestPlatform.CommandLine.Internal.ConsoleLogger., took 0 ms.
TpTrace Verbose: 0 : 20892, 1, 2024/06/11, 16:07:33.376, 8513701299035, vstest.console.dll, ParallelProxyExecutionManager: Start execution. Total sources: 1
TpTrace Verbose: 0 : 20892, 1, 2024/06/11, 16:07:33.377, 8513701302630, vstest.console.dll, ParallelOperationManager.StartWork: Starting adding 1 workloads.
TpTrace Verbose: 0 : 20892, 1, 2024/06/11, 16:07:33.377, 8513701303364, vstest.console.dll, ParallelOperationManager.ClearSlots: Clearing all slots. Slots should accept more work: True
TpTrace Verbose: 0 : 20892, 1, 2024/06/11, 16:07:33.377, 8513701304054, vstest.console.dll, ParallelOperationManager.SetOccupiedSlotCount: Setting slot counts AvailableSlotCount = 1, OccupiedSlotCount = 0.
TpTrace Verbose: 0 : 20892, 1, 2024/06/11, 16:07:33.377, 8513701304457, vstest.console.dll, Occupied slots:

TpTrace Verbose: 0 : 20892, 1, 2024/06/11, 16:07:33.378, 8513701317561, vstest.console.dll, TestRequestSender is acting as server.
TpTrace Verbose: 0 : 20892, 1, 2024/06/11, 16:07:33.379, 8513701327042, vstest.console.dll, ParallelOperationManager.RunWorkInParallel: Adding 1 workload to slot, remaining workloads 0.
TpTrace Verbose: 0 : 20892, 1, 2024/06/11, 16:07:33.379, 8513701327754, vstest.console.dll, ParallelOperationManager.SetOccupiedSlotCount: Setting slot counts AvailableSlotCount = 0, OccupiedSlotCount = 1.
TpTrace Verbose: 0 : 20892, 1, 2024/06/11, 16:07:33.379, 8513701328836, vstest.console.dll, Occupied slots:
0: C:\Users\mahyo\source\repos\GameService\Game.Infrastructure.Repositories.Test\bin\Debug\net7.0\fine-code-coverage\build-output\Game.Infrastructure.Repositories.Test.dll
TpTrace Verbose: 0 : 20892, 1, 2024/06/11, 16:07:33.381, 8513701340992, vstest.console.dll, ParallelOperationManager.RunWorkInParallel: Started host in slot number 0 for work (source): C:\Users\mahyo\source\repos\GameService\Game.Infrastructure.Repositories.Test\bin\Debug\net7.0\fine-code-coverage\build-output\Game.Infrastructure.Repositories.Test.dll.
TpTrace Verbose: 0 : 20892, 1, 2024/06/11, 16:07:33.381, 8513701349886, vstest.console.dll, ParallelOperationManager.RunWorkInParallel: We started 1 work items, which is the max parallel level. Won't start more work.
TpTrace Verbose: 0 : 20892, 1, 2024/06/11, 16:07:33.382, 8513701350651, vstest.console.dll, ParallelOperationManager.RunWorkInParallel: We started 1 work items in here, returning True.
TpTrace Verbose: 0 : 20892, 5, 2024/06/11, 16:07:33.382, 8513701351215, vstest.console.dll, ParallelProxyExecutionManager.StartTestRunOnConcurrentManager: Initializing uninitialized client. Started clients: 0
TpTrace Information: 0 : 20892, 1, 2024/06/11, 16:07:33.382, 8513701351316, vstest.console.dll, TestRunRequest.ExecuteAsync: Started.
TpTrace Verbose: 0 : 20892, 5, 2024/06/11, 16:07:33.382, 8513701352815, vstest.console.dll, DataCollectionRequestSender.InitializeCommunication : Initialize communication. 
TpTrace Verbose: 0 : 20892, 1, 2024/06/11, 16:07:33.382, 8513701359410, vstest.console.dll, TestRunRequest.WaitForCompletion: Waiting with timeout -1.
TpTrace Information: 0 : 20892, 5, 2024/06/11, 16:07:33.389, 8513701420918, vstest.console.dll, Listening on Endpoint : 127.0.0.1:63690
TpTrace Verbose: 0 : 20892, 5, 2024/06/11, 16:07:33.394, 8513701477194, vstest.console.dll, DotnetDataCollectionLauncher: Adding  --runtimeconfig "C:\Program Files\dotnet\sdk\8.0.301\datacollector.runtimeconfig.json" in args
TpTrace Verbose: 0 : 20892, 5, 2024/06/11, 16:07:33.394, 8513701478327, vstest.console.dll, DotnetDataCollectionLauncher: Adding  --depsfile "C:\Program Files\dotnet\sdk\8.0.301\datacollector.deps.json" in args
TpTrace Verbose: 0 : 20892, 5, 2024/06/11, 16:07:33.394, 8513701479677, vstest.console.dll, DotnetDataCollectionLauncher: Full path of dotnet.exe is C:\Program Files\dotnet\dotnet.exe
TpTrace Information: 0 : 20892, 5, 2024/06/11, 16:07:33.400, 8513701538825, vstest.console.dll, ProxyDataCollectionManager.Initialize: Launched datacollector processId: 16556 port: 63690
TpTrace Information: 0 : 20892, 5, 2024/06/11, 16:07:33.401, 8513701540416, vstest.console.dll, ProxyDataCollectionManager.Initialize: waiting for connection with timeout: 90 seconds
TpTrace Verbose: 0 : 20892, 5, 2024/06/11, 16:07:33.401, 8513701541453, vstest.console.dll, DataCollectionRequestSender.WaitForRequestHandlerConnection : Waiting for connection with timeout: 90000
TpTrace Information: 0 : 20892, 7, 2024/06/11, 16:07:33.543, 8513702960559, vstest.console.dll, Using the buffer size of 16384 bytes
TpTrace Verbose: 0 : 20892, 5, 2024/06/11, 16:07:33.543, 8513702960667, vstest.console.dll, SocketCommunicationManager.WaitForClientConnection took: 141 ms, with 90000 ms timeout, and finished with True.
TpTrace Information: 0 : 20892, 7, 2024/06/11, 16:07:33.543, 8513702961668, vstest.console.dll, Accepted Client request and set the flag
TpTrace Verbose: 0 : 20892, 5, 2024/06/11, 16:07:33.543, 8513702962863, vstest.console.dll, ProxyDataCollectionManager.InvokeDataCollectionServiceAction: Starting.
TpTrace Information: 0 : 20892, 5, 2024/06/11, 16:07:33.543, 8513702963867, vstest.console.dll, ProxyDataCollectionManager.BeforeTestRunStart: Get environment variable and port for datacollector processId: 16556 port: 63690
TpTrace Verbose: 0 : 20892, 5, 2024/06/11, 16:07:33.543, 8513702965187, vstest.console.dll, DataCollectionRequestSender.SendBeforeTestRunStartAndGetResult: Send BeforeTestRunStart message with settingsXml <RunSettings><RunConfiguration><ResultsDirectory>C:\Users\mahyo\source\repos\GameService\Game.Infrastructure.Repositories.Test\bin\Debug\net7.0\fine-code-coverage\coverage-tool-output</ResultsDirectory><TargetPlatform>X64</TargetPlatform><TargetFrameworkVersion>.NETCoreApp,Version=v7.0</TargetFrameworkVersion><DesignMode>False</DesignMode><CollectSourceInformation>False</CollectSourceInformation><TestAdaptersPaths>C:\Program Files\dotnet\sdk\8.0.301\Extensions</TestAdaptersPaths></RunConfiguration><LoggerRunSettings><Loggers><Logger friendlyName="blame" enabled="True" /><Logger friendlyName="Console" uri="logger://microsoft/TestPlatform/ConsoleLogger/v1" assemblyQualifiedName="Microsoft.VisualStudio.TestPlatform.CommandLine.Internal.ConsoleLogger, vstest.console, Version=15.0.0.0, Culture=neutral, PublicKeyToken=b03f5f7f11d50a3a" codeBase="C:\Program Files\dotnet\sdk\8.0.301\vstest.console.dll" enabled="True" /></Loggers></LoggerRunSettings><DataCollectionRunSettings><DataCollectors><DataCollector friendlyName="blame" enabled="True"><Configuration><ResultsDirectory>C:\Users\mahyo\source\repos\GameService\Game.Infrastructure.Repositories.Test\bin\Debug\net7.0\fine-code-coverage\coverage-tool-output</ResultsDirectory></Configuration></DataCollector></DataCollectors></DataCollectionRunSettings></RunSettings> and sources System.Collections.Generic.List`1[System.String]: 
TpTrace Verbose: 0 : 20892, 5, 2024/06/11, 16:07:33.602, 8513703559358, vstest.console.dll, DataCollectionRequestSender.SendBeforeTestRunStartAndGetResult: Received message: (DataCollection.SendMessage) -> {"MessageType":"DataCollection.SendMessage","Payload":{"FriendlyName":null,"Uri":null,"TestCaseId":"00000000-0000-0000-0000-000000000000","Message":"Logging DataCollector Diagnostics in file: C:\\Users\\mahyo\\source\\repos\\GameService\\Game.Infrastructure.Repositories.Test\\bin\\Debug\\net7.0\\fine-code-coverage\\coverage-tool-output\\diagnostics.datacollector.24-06-11_16-07-33_39452_5.log","Level":0}}
TpTrace Verbose: 0 : 20892, 5, 2024/06/11, 16:07:33.681, 8513704343294, vstest.console.dll, DataCollectionRequestSender.SendBeforeTestRunStartAndGetResult: Received message: (DataCollection.BeforeTestRunStartResult) -> {"MessageType":"DataCollection.BeforeTestRunStartResult","Payload":{"EnvironmentVariables":{},"DataCollectionEventsPort":63692}}
TpTrace Information: 0 : 20892, 5, 2024/06/11, 16:07:33.685, 8513704380789, vstest.console.dll, ProxyDataCollectionManager.BeforeTestRunStart: SendBeforeTestRunStartAndGetResult successful, env variable from datacollector:   and testhost port: 63692
TpTrace Information: 0 : 20892, 5, 2024/06/11, 16:07:33.685, 8513704381530, vstest.console.dll, ProxyDataCollectionManager.InvokeDataCollectionServiceAction: Completed.
TpTrace Verbose: 0 : 20892, 5, 2024/06/11, 16:07:33.685, 8513704381884, vstest.console.dll, ParallelProxyExecutionManager.StartTestRunOnConcurrentManager: Initializing test run. Started clients: 0
TpTrace Verbose: 0 : 20892, 5, 2024/06/11, 16:07:33.685, 8513704382668, vstest.console.dll, ProxyExecutionManager: Test host is always Lazy initialize.
TpTrace Verbose: 0 : 20892, 5, 2024/06/11, 16:07:33.685, 8513704384342, vstest.console.dll, TestRequestSender.InitializeCommunication: initialize communication. 
TpTrace Information: 0 : 20892, 5, 2024/06/11, 16:07:33.685, 8513704389633, vstest.console.dll, SocketServer.Start: Listening on endpoint : 127.0.0.1:63693
TpTrace Verbose: 0 : 20892, 5, 2024/06/11, 16:07:33.686, 8513704396018, vstest.console.dll, DotnetTestHostmanager.GetTestHostProcessStartInfo: Platform environment 'X64' target architecture 'X64' framework '.NETCoreApp,Version=v7.0' OS 'Windows'
TpTrace Verbose: 0 : 20892, 5, 2024/06/11, 16:07:33.686, 8513704397621, vstest.console.dll, DotnetTestHostmanager: Adding  --runtimeconfig "C:\Users\mahyo\source\repos\GameService\Game.Infrastructure.Repositories.Test\bin\Debug\net7.0\fine-code-coverage\build-output\Game.Infrastructure.Repositories.Test.runtimeconfig.json" in args
TpTrace Verbose: 0 : 20892, 5, 2024/06/11, 16:07:33.686, 8513704398479, vstest.console.dll, DotnetTestHostmanager: Adding  --depsfile "C:\Users\mahyo\source\repos\GameService\Game.Infrastructure.Repositories.Test\bin\Debug\net7.0\fine-code-coverage\build-output\Game.Infrastructure.Repositories.Test.deps.json" in args
TpTrace Verbose: 0 : 20892, 5, 2024/06/11, 16:07:33.687, 8513704400053, vstest.console.dll, DotnetTestHostmanager.IsWinOnArm: Current PROCESSOR_ARCHITECTURE from environment variable 'AMD64'
TpTrace Verbose: 0 : 20892, 5, 2024/06/11, 16:07:33.687, 8513704400623, vstest.console.dll, DotnetTestHostmanager.IsWinOnArm: Is Windows on ARM 'False'
TpTrace Verbose: 0 : 20892, 5, 2024/06/11, 16:07:33.687, 8513704401443, vstest.console.dll, DotnetTestHostManager: testhost.exe found at path: C:\Users\mahyo\source\repos\GameService\Game.Infrastructure.Repositories.Test\bin\Debug\net7.0\fine-code-coverage\build-output\testhost.exe
TpTrace Verbose: 0 : 20892, 5, 2024/06/11, 16:07:33.687, 8513704401841, vstest.console.dll, DotnetTestHostmanager: Full path of host exe is C:\Users\mahyo\source\repos\GameService\Game.Infrastructure.Repositories.Test\bin\Debug\net7.0\fine-code-coverage\build-output\testhost.exe
TpTrace Verbose: 0 : 20892, 5, 2024/06/11, 16:07:33.687, 8513704402895, vstest.console.dll, DotnetTestHostmanager.LaunchTestHostAsync: Found 'VSTEST_WINAPPHOST_DOTNET_ROOT' in env variables, value 'C:\Program Files\dotnet', forwarding to 'DOTNET_ROOT'
TpTrace Verbose: 0 : 20892, 5, 2024/06/11, 16:07:33.687, 8513704404095, vstest.console.dll, DotnetTestHostManager: Starting process 'C:\Users\mahyo\source\repos\GameService\Game.Infrastructure.Repositories.Test\bin\Debug\net7.0\fine-code-coverage\build-output\testhost.exe' with command line ' --runtimeconfig "C:\Users\mahyo\source\repos\GameService\Game.Infrastructure.Repositories.Test\bin\Debug\net7.0\fine-code-coverage\build-output\Game.Infrastructure.Repositories.Test.runtimeconfig.json" --depsfile "C:\Users\mahyo\source\repos\GameService\Game.Infrastructure.Repositories.Test\bin\Debug\net7.0\fine-code-coverage\build-output\Game.Infrastructure.Repositories.Test.deps.json" --port 63693 --endpoint 127.0.0.1:063693 --role client --parentprocessid 20892 --diag "C:\Users\mahyo\source\repos\GameService\Game.Infrastructure.Repositories.Test\bin\Debug\net7.0\fine-code-coverage\coverage-tool-output\diagnostics.host.24-06-11_16-07-33_68631_5.log" --tracelevel 4 --datacollectionport 63692 --telemetryoptedin false'
TpTrace Verbose: 0 : 20892, 5, 2024/06/11, 16:07:33.693, 8513704460398, vstest.console.dll, MulticastDelegateUtilities.SafeInvoke: HostProviderEvents.OnHostLaunched: Invoking callback 1/2 for Microsoft.VisualStudio.TestPlatform.CrossPlatEngine.Client.ProxyExecutionManagerWithDataCollection., took 0 ms.
TpTrace Verbose: 0 : 20892, 5, 2024/06/11, 16:07:33.693, 8513704464024, vstest.console.dll, Test Runtime launched
TpTrace Verbose: 0 : 20892, 5, 2024/06/11, 16:07:33.693, 8513704464833, vstest.console.dll, MulticastDelegateUtilities.SafeInvoke: HostProviderEvents.OnHostLaunched: Invoking callback 2/2 for Microsoft.VisualStudio.TestPlatform.CrossPlatEngine.Client.ProxyOperationManager., took 0 ms.
TpTrace Verbose: 0 : 20892, 5, 2024/06/11, 16:07:33.693, 8513704466215, vstest.console.dll, TestRequestSender.WaitForRequestHandlerConnection: waiting for connection with timeout: 90000.
TpTrace Verbose: 0 : 20892, 7, 2024/06/11, 16:07:33.853, 8513706065349, vstest.console.dll, MulticastDelegateUtilities.SafeInvoke: SocketServer: ClientConnected: Invoking callback 1/1 for Microsoft.VisualStudio.TestPlatform.CommunicationUtilities.TestRequestSender., took 0 ms.
TpTrace Verbose: 0 : 20892, 5, 2024/06/11, 16:07:33.853, 8513706065614, vstest.console.dll, TestRequestSender.WaitForRequestHandlerConnection: waiting took 159 ms, with timeout 90000 ms, and result 0, which is success.
TpTrace Verbose: 0 : 20892, 7, 2024/06/11, 16:07:33.853, 8513706066676, vstest.console.dll, SocketServer.OnClientConnected: Client connected for endPoint: 127.0.0.1:63693, starting MessageLoopAsync:
TpTrace Verbose: 0 : 20892, 7, 2024/06/11, 16:07:33.854, 8513706074416, vstest.console.dll, TcpClientExtensions.MessageLoopAsync: Polling on remoteEndPoint: 127.0.0.1:63694 localEndPoint: 127.0.0.1:63693 after 0 ms
TpTrace Verbose: 0 : 20892, 5, 2024/06/11, 16:07:33.854, 8513706077774, vstest.console.dll, TestRequestSender.CheckVersionWithTestHost: Sending check version message: {"MessageType":"ProtocolVersion","Payload":7}
TpTrace Verbose: 0 : 20892, 7, 2024/06/11, 16:07:33.974, 8513707273499, vstest.console.dll, TcpClientExtensions.MessageLoopAsync: NotifyDataAvailable remoteEndPoint: 127.0.0.1:63694 localEndPoint: 127.0.0.1:63693
TpTrace Verbose: 0 : 20892, 7, 2024/06/11, 16:07:33.974, 8513707275515, vstest.console.dll, TestRequestSender.CheckVersionWithTestHost: onMessageReceived received message: (ProtocolVersion) -> {"MessageType":"ProtocolVersion","Payload":7}
TpTrace Verbose: 0 : 20892, 7, 2024/06/11, 16:07:33.975, 8513707281179, vstest.console.dll, MulticastDelegateUtilities.SafeInvoke: LengthPrefixCommunicationChannel: MessageReceived: Invoking callback 1/1 for Microsoft.VisualStudio.TestPlatform.CommunicationUtilities.TestRequestSender+<>c__DisplayClass29_0., took 0 ms.
TpTrace Verbose: 0 : 20892, 7, 2024/06/11, 16:07:33.975, 8513707282234, vstest.console.dll, TcpClientExtensions.MessageLoopAsync: Polling on remoteEndPoint: 127.0.0.1:63694 localEndPoint: 127.0.0.1:63693 after 120 ms
TpTrace Verbose: 0 : 20892, 5, 2024/06/11, 16:07:33.975, 8513707282294, vstest.console.dll, TestPluginCache.GetExtensionPaths: Filtered extension paths: 
TpTrace Verbose: 0 : 20892, 5, 2024/06/11, 16:07:33.975, 8513707283827, vstest.console.dll, TestPluginCache.GetExtensionPaths: Added default extension paths: C:\Program Files\dotnet\sdk\8.0.301\Extensions\Microsoft.Diagnostics.NETCore.Client.dll
C:\Program Files\dotnet\sdk\8.0.301\Extensions\Microsoft.TestPlatform.Extensions.BlameDataCollector.dll
C:\Program Files\dotnet\sdk\8.0.301\Extensions\Microsoft.TestPlatform.Extensions.EventLogCollector.dll
C:\Program Files\dotnet\sdk\8.0.301\Extensions\Microsoft.TestPlatform.TestHostRuntimeProvider.dll
C:\Program Files\dotnet\sdk\8.0.301\Extensions\Microsoft.VisualStudio.TestPlatform.Extensions.Html.TestLogger.dll
C:\Program Files\dotnet\sdk\8.0.301\Extensions\Microsoft.VisualStudio.TestPlatform.Extensions.Trx.TestLogger.dll
TpTrace Verbose: 0 : 20892, 5, 2024/06/11, 16:07:33.975, 8513707284309, vstest.console.dll, TestPluginCache.GetExtensionPaths: Added unfilterableExtensionPaths: 
TpTrace Verbose: 0 : 20892, 5, 2024/06/11, 16:07:33.977, 8513707304527, vstest.console.dll, TestRequestSender.InitializeExecution: Sending initialize execution with message: {"Version":7,"MessageType":"TestExecution.Initialize","Payload":["C:\\Users\\mahyo\\source\\repos\\GameService\\Game.Infrastructure.Repositories.Test\\bin\\Debug\\net7.0\\fine-code-coverage\\build-output\\NUnit3.TestAdapter.dll"]}
TpTrace Verbose: 0 : 20892, 5, 2024/06/11, 16:07:33.977, 8513707306398, vstest.console.dll, ParallelProxyExecutionManager.StartTestRunOnConcurrentManager: Execution starting. Started clients: 1
TpTrace Verbose: 0 : 20892, 5, 2024/06/11, 16:07:33.977, 8513707308755, vstest.console.dll, TestRunRequest:SendTestRunMessage: Starting.
TpTrace Verbose: 0 : 20892, 5, 2024/06/11, 16:07:33.978, 8513707310067, vstest.console.dll, MulticastDelegateUtilities.SafeInvoke: TestRun.LogMessages: Invoking callback 1/1 for Microsoft.VisualStudio.TestPlatform.CommandLine.TestRunResultAggregator., took 0 ms.
TpTrace Information: 0 : 20892, 5, 2024/06/11, 16:07:33.978, 8513707310705, vstest.console.dll, TestRunRequest:SendTestRunMessage: Completed.
TpTrace Verbose: 0 : 20892, 4, 2024/06/11, 16:07:33.978, 8513707312066, vstest.console.dll, MulticastDelegateUtilities.SafeInvoke: InternalTestLoggerEvents.SendTestRunMessage: Invoking callback 1/1 for Microsoft.VisualStudio.TestPlatform.CommandLine.Internal.ConsoleLogger., took 0 ms.
TpTrace Warning: 0 : 20892, 5, 2024/06/11, 16:07:33.978, 8513707314143, vstest.console.dll, InferRunSettingsHelper.MakeRunsettingsCompatible: Removing the following settings: TargetPlatform from RunSettings file. To use those settings please move to latest version of Microsoft.NET.Test.Sdk
TpTrace Verbose: 0 : 20892, 7, 2024/06/11, 16:07:33.980, 8513707334951, vstest.console.dll, TcpClientExtensions.MessageLoopAsync: NotifyDataAvailable remoteEndPoint: 127.0.0.1:63694 localEndPoint: 127.0.0.1:63693
TpTrace Verbose: 0 : 20892, 7, 2024/06/11, 16:07:33.980, 8513707338296, vstest.console.dll, TestRequestSender.OnExecutionMessageReceived: Received message: {"Version":7,"MessageType":"TestSession.Message","Payload":{"MessageLevel":0,"Message":"Logging TestHost Diagnostics in file: C:\\Users\\mahyo\\source\\repos\\GameService\\Game.Infrastructure.Repositories.Test\\bin\\Debug\\net7.0\\fine-code-coverage\\coverage-tool-output\\diagnostics.host.24-06-11_16-07-33_68631_5.log"}}
TpTrace Verbose: 0 : 20892, 7, 2024/06/11, 16:07:33.983, 8513707368658, vstest.console.dll, TestRunRequest:SendTestRunMessage: Starting.
TpTrace Verbose: 0 : 20892, 7, 2024/06/11, 16:07:33.984, 8513707370091, vstest.console.dll, MulticastDelegateUtilities.SafeInvoke: TestRun.LogMessages: Invoking callback 1/1 for Microsoft.VisualStudio.TestPlatform.CommandLine.TestRunResultAggregator., took 0 ms.
TpTrace Verbose: 0 : 20892, 4, 2024/06/11, 16:07:33.984, 8513707370199, vstest.console.dll, MulticastDelegateUtilities.SafeInvoke: InternalTestLoggerEvents.SendTestRunMessage: Invoking callback 1/1 for Microsoft.VisualStudio.TestPlatform.CommandLine.Internal.ConsoleLogger., took 0 ms.
TpTrace Information: 0 : 20892, 7, 2024/06/11, 16:07:33.984, 8513707370812, vstest.console.dll, TestRunRequest:SendTestRunMessage: Completed.
TpTrace Verbose: 0 : 20892, 7, 2024/06/11, 16:07:33.984, 8513707372052, vstest.console.dll, MulticastDelegateUtilities.SafeInvoke: LengthPrefixCommunicationChannel: MessageReceived: Invoking callback 1/1 for Microsoft.VisualStudio.TestPlatform.CommunicationUtilities.TestRequestSender+<>c__DisplayClass34_0., took 3 ms.
TpTrace Verbose: 0 : 20892, 7, 2024/06/11, 16:07:33.984, 8513707372570, vstest.console.dll, TcpClientExtensions.MessageLoopAsync: Polling on remoteEndPoint: 127.0.0.1:63694 localEndPoint: 127.0.0.1:63693 after 8 ms
TpTrace Verbose: 0 : 20892, 5, 2024/06/11, 16:07:33.984, 8513707376846, vstest.console.dll, TestRequestSender.StartTestRun: Sending test run with message: {"Version":7,"MessageType":"TestExecution.StartWithSources","Payload":{"AdapterSourceMap":{"_none_":["C:\\Users\\mahyo\\source\\repos\\GameService\\Game.Infrastructure.Repositories.Test\\bin\\Debug\\net7.0\\fine-code-coverage\\build-output\\Game.Infrastructure.Repositories.Test.dll"]},"RunSettings":"<RunSettings>\r\n  <RunConfiguration>\r\n    <ResultsDirectory>C:\\Users\\mahyo\\source\\repos\\GameService\\Game.Infrastructure.Repositories.Test\\bin\\Debug\\net7.0\\fine-code-coverage\\coverage-tool-output</ResultsDirectory>\r\n    <TargetFrameworkVersion>.NETCoreApp,Version=v7.0</TargetFrameworkVersion>\r\n    <DesignMode>False</DesignMode>\r\n    <CollectSourceInformation>False</CollectSourceInformation>\r\n  </RunConfiguration>\r\n  <LoggerRunSettings>\r\n    <Loggers>\r\n      <Logger friendlyName=\"blame\" enabled=\"True\" />\r\n      <Logger friendlyName=\"Console\" uri=\"logger://microsoft/TestPlatform/ConsoleLogger/v1\" assemblyQualifiedName=\"Microsoft.VisualStudio.TestPlatform.CommandLine.Internal.ConsoleLogger, vstest.console, Version=15.0.0.0, Culture=neutral, PublicKeyToken=b03f5f7f11d50a3a\" codeBase=\"C:\\Program Files\\dotnet\\sdk\\8.0.301\\vstest.console.dll\" enabled=\"True\" />\r\n    </Loggers>\r\n  </LoggerRunSettings>\r\n  <DataCollectionRunSettings>\r\n    <DataCollectors>\r\n      <DataCollector friendlyName=\"blame\" enabled=\"True\">\r\n        <Configuration>\r\n          <ResultsDirectory>C:\\Users\\mahyo\\source\\repos\\GameService\\Game.Infrastructure.Repositories.Test\\bin\\Debug\\net7.0\\fine-code-coverage\\coverage-tool-output</ResultsDirectory>\r\n        </Configuration>\r\n      </DataCollector>\r\n    </DataCollectors>\r\n  </DataCollectionRunSettings>\r\n</RunSettings>","TestExecutionContext":{"FrequencyOfRunStatsChangeEvent":10,"RunStatsChangeEventTimeout":"00:00:01.5000000","InIsolation":false,"KeepAlive":false,"AreTestCaseLevelEventsRequired":false,"IsDebug":false,"TestCaseFilter":null,"FilterOptions":null},"Package":null}}
TpTrace Verbose: 0 : 20892, 5, 2024/06/11, 16:07:33.984, 8513707379109, vstest.console.dll, ParallelProxyExecutionManager.StartTestRunOnConcurrentManager: Execution started. Started clients: 1
TpTrace Verbose: 0 : 20892, 7, 2024/06/11, 16:07:34.142, 8513708958288, vstest.console.dll, TcpClientExtensions.MessageLoopAsync: NotifyDataAvailable remoteEndPoint: 127.0.0.1:63694 localEndPoint: 127.0.0.1:63693
TpTrace Verbose: 0 : 20892, 7, 2024/06/11, 16:07:34.143, 8513708960651, vstest.console.dll, TestRequestSender.OnExecutionMessageReceived: Received message: {"Version":7,"MessageType":"TestSession.Message","Payload":{"MessageLevel":0,"Message":"NUnit Adapter 4.4.0.0: Test execution started"}}
TpTrace Verbose: 0 : 20892, 7, 2024/06/11, 16:07:34.143, 8513708963457, vstest.console.dll, TestRunRequest:SendTestRunMessage: Starting.
TpTrace Verbose: 0 : 20892, 7, 2024/06/11, 16:07:34.143, 8513708964604, vstest.console.dll, MulticastDelegateUtilities.SafeInvoke: TestRun.LogMessages: Invoking callback 1/1 for Microsoft.VisualStudio.TestPlatform.CommandLine.TestRunResultAggregator., took 0 ms.
TpTrace Verbose: 0 : 20892, 4, 2024/06/11, 16:07:34.143, 8513708964961, vstest.console.dll, MulticastDelegateUtilities.SafeInvoke: InternalTestLoggerEvents.SendTestRunMessage: Invoking callback 1/1 for Microsoft.VisualStudio.TestPlatform.CommandLine.Internal.ConsoleLogger., took 0 ms.
TpTrace Information: 0 : 20892, 7, 2024/06/11, 16:07:34.143, 8513708965286, vstest.console.dll, TestRunRequest:SendTestRunMessage: Completed.
TpTrace Verbose: 0 : 20892, 7, 2024/06/11, 16:07:34.143, 8513708966716, vstest.console.dll, MulticastDelegateUtilities.SafeInvoke: LengthPrefixCommunicationChannel: MessageReceived: Invoking callback 1/1 for Microsoft.VisualStudio.TestPlatform.CommunicationUtilities.TestRequestSender+<>c__DisplayClass34_0., took 0 ms.
TpTrace Verbose: 0 : 20892, 7, 2024/06/11, 16:07:34.143, 8513708967142, vstest.console.dll, TcpClientExtensions.MessageLoopAsync: Polling on remoteEndPoint: 127.0.0.1:63694 localEndPoint: 127.0.0.1:63693 after 159 ms
TpTrace Verbose: 0 : 20892, 7, 2024/06/11, 16:07:34.172, 8513709252243, vstest.console.dll, TcpClientExtensions.MessageLoopAsync: NotifyDataAvailable remoteEndPoint: 127.0.0.1:63694 localEndPoint: 127.0.0.1:63693
TpTrace Verbose: 0 : 20892, 7, 2024/06/11, 16:07:34.172, 8513709254089, vstest.console.dll, TestRequestSender.OnExecutionMessageReceived: Received message: {"Version":7,"MessageType":"TestSession.Message","Payload":{"MessageLevel":0,"Message":"Running all tests in C:\\Users\\mahyo\\source\\repos\\GameService\\Game.Infrastructure.Repositories.Test\\bin\\Debug\\net7.0\\fine-code-coverage\\build-output\\Game.Infrastructure.Repositories.Test.dll"}}
TpTrace Verbose: 0 : 20892, 7, 2024/06/11, 16:07:34.172, 8513709255860, vstest.console.dll, TestRunRequest:SendTestRunMessage: Starting.
TpTrace Verbose: 0 : 20892, 7, 2024/06/11, 16:07:34.172, 8513709256731, vstest.console.dll, MulticastDelegateUtilities.SafeInvoke: TestRun.LogMessages: Invoking callback 1/1 for Microsoft.VisualStudio.TestPlatform.CommandLine.TestRunResultAggregator., took 0 ms.
TpTrace Verbose: 0 : 20892, 4, 2024/06/11, 16:07:34.172, 8513709257130, vstest.console.dll, MulticastDelegateUtilities.SafeInvoke: InternalTestLoggerEvents.SendTestRunMessage: Invoking callback 1/1 for Microsoft.VisualStudio.TestPlatform.CommandLine.Internal.ConsoleLogger., took 0 ms.
TpTrace Information: 0 : 20892, 7, 2024/06/11, 16:07:34.172, 8513709257319, vstest.console.dll, TestRunRequest:SendTestRunMessage: Completed.
TpTrace Verbose: 0 : 20892, 7, 2024/06/11, 16:07:34.172, 8513709258628, vstest.console.dll, MulticastDelegateUtilities.SafeInvoke: LengthPrefixCommunicationChannel: MessageReceived: Invoking callback 1/1 for Microsoft.VisualStudio.TestPlatform.CommunicationUtilities.TestRequestSender+<>c__DisplayClass34_0., took 0 ms.
TpTrace Verbose: 0 : 20892, 7, 2024/06/11, 16:07:34.172, 8513709259150, vstest.console.dll, TcpClientExtensions.MessageLoopAsync: Polling on remoteEndPoint: 127.0.0.1:63694 localEndPoint: 127.0.0.1:63693 after 29 ms
TpTrace Verbose: 0 : 20892, 7, 2024/06/11, 16:07:34.283, 8513710366156, vstest.console.dll, TcpClientExtensions.MessageLoopAsync: NotifyDataAvailable remoteEndPoint: 127.0.0.1:63694 localEndPoint: 127.0.0.1:63693
TpTrace Verbose: 0 : 20892, 7, 2024/06/11, 16:07:34.283, 8513710368798, vstest.console.dll, TestRequestSender.OnExecutionMessageReceived: Received message: {"Version":7,"MessageType":"TestSession.Message","Payload":{"MessageLevel":0,"Message":"   NUnit3TestExecutor discovered 5 of 5 NUnit test cases using Current Discovery mode, Non-Explicit run"}}
TpTrace Verbose: 0 : 20892, 7, 2024/06/11, 16:07:34.284, 8513710370192, vstest.console.dll, TestRunRequest:SendTestRunMessage: Starting.
TpTrace Verbose: 0 : 20892, 7, 2024/06/11, 16:07:34.284, 8513710371043, vstest.console.dll, MulticastDelegateUtilities.SafeInvoke: TestRun.LogMessages: Invoking callback 1/1 for Microsoft.VisualStudio.TestPlatform.CommandLine.TestRunResultAggregator., took 0 ms.
TpTrace Verbose: 0 : 20892, 4, 2024/06/11, 16:07:34.284, 8513710371394, vstest.console.dll, MulticastDelegateUtilities.SafeInvoke: InternalTestLoggerEvents.SendTestRunMessage: Invoking callback 1/1 for Microsoft.VisualStudio.TestPlatform.CommandLine.Internal.ConsoleLogger., took 0 ms.
TpTrace Information: 0 : 20892, 7, 2024/06/11, 16:07:34.284, 8513710371638, vstest.console.dll, TestRunRequest:SendTestRunMessage: Completed.
TpTrace Verbose: 0 : 20892, 7, 2024/06/11, 16:07:34.284, 8513710373183, vstest.console.dll, MulticastDelegateUtilities.SafeInvoke: LengthPrefixCommunicationChannel: MessageReceived: Invoking callback 1/1 for Microsoft.VisualStudio.TestPlatform.CommunicationUtilities.TestRequestSender+<>c__DisplayClass34_0., took 0 ms.
TpTrace Verbose: 0 : 20892, 7, 2024/06/11, 16:07:34.284, 8513710373846, vstest.console.dll, TcpClientExtensions.MessageLoopAsync: Polling on remoteEndPoint: 127.0.0.1:63694 localEndPoint: 127.0.0.1:63693 after 111 ms
TpTrace Verbose: 0 : 20892, 7, 2024/06/11, 16:07:34.403, 8513711568885, vstest.console.dll, TcpClientExtensions.MessageLoopAsync: NotifyDataAvailable remoteEndPoint: 127.0.0.1:63694 localEndPoint: 127.0.0.1:63693
TpTrace Verbose: 0 : 20892, 7, 2024/06/11, 16:07:34.404, 8513711570476, vstest.console.dll, TestRequestSender.OnExecutionMessageReceived: Received message: {"Version":7,"MessageType":"TestSession.Message","Payload":{"MessageLevel":0,"Message":"NUnit Adapter 4.4.0.0: Test execution complete"}}
TpTrace Verbose: 0 : 20892, 7, 2024/06/11, 16:07:34.404, 8513711571735, vstest.console.dll, TestRunRequest:SendTestRunMessage: Starting.
TpTrace Verbose: 0 : 20892, 7, 2024/06/11, 16:07:34.404, 8513711572499, vstest.console.dll, MulticastDelegateUtilities.SafeInvoke: TestRun.LogMessages: Invoking callback 1/1 for Microsoft.VisualStudio.TestPlatform.CommandLine.TestRunResultAggregator., took 0 ms.
TpTrace Verbose: 0 : 20892, 4, 2024/06/11, 16:07:34.404, 8513711572678, vstest.console.dll, MulticastDelegateUtilities.SafeInvoke: InternalTestLoggerEvents.SendTestRunMessage: Invoking callback 1/1 for Microsoft.VisualStudio.TestPlatform.CommandLine.Internal.ConsoleLogger., took 0 ms.
TpTrace Information: 0 : 20892, 7, 2024/06/11, 16:07:34.404, 8513711573493, vstest.console.dll, TestRunRequest:SendTestRunMessage: Completed.
TpTrace Verbose: 0 : 20892, 7, 2024/06/11, 16:07:34.404, 8513711574306, vstest.console.dll, MulticastDelegateUtilities.SafeInvoke: LengthPrefixCommunicationChannel: MessageReceived: Invoking callback 1/1 for Microsoft.VisualStudio.TestPlatform.CommunicationUtilities.TestRequestSender+<>c__DisplayClass34_0., took 0 ms.
TpTrace Verbose: 0 : 20892, 7, 2024/06/11, 16:07:34.404, 8513711574915, vstest.console.dll, TcpClientExtensions.MessageLoopAsync: Polling on remoteEndPoint: 127.0.0.1:63694 localEndPoint: 127.0.0.1:63693 after 120 ms
TpTrace Verbose: 0 : 20892, 7, 2024/06/11, 16:07:34.450, 8513712037089, vstest.console.dll, TcpClientExtensions.MessageLoopAsync: NotifyDataAvailable remoteEndPoint: 127.0.0.1:63694 localEndPoint: 127.0.0.1:63693
TpTrace Verbose: 0 : 20892, 7, 2024/06/11, 16:07:34.450, 8513712039804, vstest.console.dll, TestRequestSender.OnExecutionMessageReceived: Received message: {"Version":7,"MessageType":"TestExecution.Completed","Payload":{"TestRunCompleteArgs":{"TestRunStatistics":{"ExecutedTests":5,"Stats":{"Passed":5}},"IsCanceled":false,"IsAborted":false,"Error":null,"AttachmentSets":[],"InvokedDataCollectors":[],"ElapsedTimeInRunningTests":"00:00:00.2858272","Metrics":{},"DiscoveredExtensions":{"TestDiscoverers":["NUnit.VisualStudio.TestAdapter.NUnit3TestDiscoverer, NUnit3.TestAdapter, Version=4.4.0.0, Culture=neutral, PublicKeyToken=4cb40d35494691ac"],"TestExecutors":["executor://NUnit3TestExecutor"],"TestExecutors2":[],"TestSettingsProviders":[]}},"LastRunTests":{"NewTestResults":[{"TestCase":{"Id":"aacc21a3-020c-e36c-8eec-3352e5843667","FullyQualifiedName":"Game.Infrastructure.Repositories.Test.GameRepositoryTests.AddGame_ShouldAddGameToRepository","DisplayName":"AddGame_ShouldAddGameToRepository","ExecutorUri":"executor://NUnit3TestExecutor","Source":"C:\\Users\\mahyo\\source\\repos\\GameService\\Game.Infrastructure.Repositories.Test\\bin\\Debug\\net7.0\\fine-code-coverage\\build-output\\Game.Infrastructure.Repositories.Test.dll","CodeFilePath":null,"LineNumber":0,"Properties":[{"Key":{"Id":"NUnit.Seed","Label":"Seed","Category":"","Description":"","Attributes":0,"ValueType":"System.String"},"Value":"1250751851"}]},"Attachments":[],"Outcome":1,"ErrorMessage":null,"ErrorStackTrace":null,"DisplayName":"AddGame_ShouldAddGameToRepository","Messages":[],"ComputerName":"D3ST1NY","Duration":"00:00:00.0166919","StartTime":"2024-06-11T13:07:34.3157054+00:00","EndTime":"2024-06-11T13:07:34.3323+00:00","Properties":[{"Key":{"Id":"NUnit.Seed","Label":"Seed","Category":"","Description":"","Attributes":0,"ValueType":"System.String"},"Value":"1250751851"}]},{"TestCase":{"Id":"fd418b0f-0cd2-5bb0-2d2c-6263f96b670f","FullyQualifiedName":"Game.Infrastructure.Repositories.Test.GameRepositoryTests.GetGames_ShouldReturnAllGames","DisplayName":"GetGames_ShouldReturnAllGames","ExecutorUri":"executor://NUnit3TestExecutor","Source":"C:\\Users\\mahyo\\source\\repos\\GameService\\Game.Infrastructure.Repositories.Test\\bin\\Debug\\net7.0\\fine-code-coverage\\build-output\\Game.Infrastructure.Repositories.Test.dll","CodeFilePath":null,"LineNumber":0,"Properties":[{"Key":{"Id":"NUnit.Seed","Label":"Seed","Category":"","Description":"","Attributes":0,"ValueType":"System.String"},"Value":"1657725138"}]},"Attachments":[],"Outcome":1,"ErrorMessage":null,"ErrorStackTrace":null,"DisplayName":"GetGames_ShouldReturnAllGames","Messages":[],"ComputerName":"D3ST1NY","Duration":"00:00:00.0051870","StartTime":"2024-06-11T13:07:34.3349952+00:00","EndTime":"2024-06-11T13:07:34.3401824+00:00","Properties":[{"Key":{"Id":"NUnit.Seed","Label":"Seed","Category":"","Description":"","Attributes":0,"ValueType":"System.String"},"Value":"1657725138"}]},{"TestCase":{"Id":"ef886af2-70ec-9ae1-4dec-0547432a3caa","FullyQualifiedName":"Game.Infrastructure.Repositories.Test.ScoreboardRepositoryTests.AddGame_ShouldAddGameToRepository","DisplayName":"AddGame_ShouldAddGameToRepository","ExecutorUri":"executor://NUnit3TestExecutor","Source":"C:\\Users\\mahyo\\source\\repos\\GameService\\Game.Infrastructure.Repositories.Test\\bin\\Debug\\net7.0\\fine-code-coverage\\build-output\\Game.Infrastructure.Repositories.Test.dll","CodeFilePath":null,"LineNumber":0,"Properties":[{"Key":{"Id":"NUnit.Seed","Label":"Seed","Category":"","Description":"","Attributes":0,"ValueType":"System.String"},"Value":"1264723574"}]},"Attachments":[],"Outcome":1,"ErrorMessage":null,"ErrorStackTrace":null,"DisplayName":"AddGame_ShouldAddGameToRepository","Messages":[],"ComputerName":"D3ST1NY","Duration":"00:00:00.0024540","StartTime":"2024-06-11T13:07:34.343727+00:00","EndTime":"2024-06-11T13:07:34.346181+00:00","Properties":[{"Key":{"Id":"NUnit.Seed","Label":"Seed","Category":"","Description":"","Attributes":0,"ValueType":"System.String"},"Value":"1264723574"}]},{"TestCase":{"Id":"969b7f78-9f46-2b09-335b-c748ebbaea7c","FullyQualifiedName":"Game.Infrastructure.Repositories.Test.ScoreboardRepositoryTests.ClearGames_ShouldRemoveAllGames","DisplayName":"ClearGames_ShouldRemoveAllGames","ExecutorUri":"executor://NUnit3TestExecutor","Source":"C:\\Users\\mahyo\\source\\repos\\GameService\\Game.Infrastructure.Repositories.Test\\bin\\Debug\\net7.0\\fine-code-coverage\\build-output\\Game.Infrastructure.Repositories.Test.dll","CodeFilePath":null,"LineNumber":0,"Properties":[{"Key":{"Id":"NUnit.Seed","Label":"Seed","Category":"","Description":"","Attributes":0,"ValueType":"System.String"},"Value":"639620521"}]},"Attachments":[],"Outcome":1,"ErrorMessage":null,"ErrorStackTrace":null,"DisplayName":"ClearGames_ShouldRemoveAllGames","Messages":[],"ComputerName":"D3ST1NY","Duration":"00:00:00.0006320","StartTime":"2024-06-11T13:07:34.3461989+00:00","EndTime":"2024-06-11T13:07:34.3468309+00:00","Properties":[{"Key":{"Id":"NUnit.Seed","Label":"Seed","Category":"","Description":"","Attributes":0,"ValueType":"System.String"},"Value":"639620521"}]},{"TestCase":{"Id":"eb7869fb-0969-c704-8950-51db8ba8aeb7","FullyQualifiedName":"Game.Infrastructure.Repositories.Test.ScoreboardRepositoryTests.GetGames_ShouldReturnAllGames","DisplayName":"GetGames_ShouldReturnAllGames","ExecutorUri":"executor://NUnit3TestExecutor","Source":"C:\\Users\\mahyo\\source\\repos\\GameService\\Game.Infrastructure.Repositories.Test\\bin\\Debug\\net7.0\\fine-code-coverage\\build-output\\Game.Infrastructure.Repositories.Test.dll","CodeFilePath":null,"LineNumber":0,"Properties":[{"Key":{"Id":"NUnit.Seed","Label":"Seed","Category":"","Description":"","Attributes":0,"ValueType":"System.String"},"Value":"1248412225"}]},"Attachments":[],"Outcome":1,"ErrorMessage":null,"ErrorStackTrace":null,"DisplayName":"GetGames_ShouldReturnAllGames","Messages":[],"ComputerName":"D3ST1NY","Duration":"00:00:00.0013450","StartTime":"2024-06-11T13:07:34.3468507+00:00","EndTime":"2024-06-11T13:07:34.3481953+00:00","Properties":[{"Key":{"Id":"NUnit.Seed","Label":"Seed","Category":"","Description":"","Attributes":0,"ValueType":"System.String"},"Value":"1248412225"}]}],"TestRunStatistics":{"ExecutedTests":5,"Stats":{"Passed":5}},"ActiveTests":[]},"RunAttachments":[],"ExecutorUris":["executor://nunit3testexecutor/"]}}
TpTrace Verbose: 0 : 20892, 7, 2024/06/11, 16:07:34.451, 8513712041313, vstest.console.dll, TestRequestSender.EndSession: Sending end session.
TpTrace Verbose: 0 : 20892, 7, 2024/06/11, 16:07:34.451, 8513712043583, vstest.console.dll, ProxyOperationManager.Close: waiting for test host to exit for 100 ms
TpTrace Verbose: 0 : 20892, 12, 2024/06/11, 16:07:34.472, 8513712257949, vstest.console.dll, TestHostManagerCallbacks.ctor: Experimental forwarding output is disabled.
TpTrace Warning: 0 : 20892, 12, 2024/06/11, 16:07:34.472, 8513712259453, vstest.console.dll, TestHostManagerCallbacks.ErrorReceivedCallback Test host standard error line: 
TpTrace Verbose: 0 : 20892, 12, 2024/06/11, 16:07:34.483, 8513712366400, vstest.console.dll, TestHostProvider.ExitCallBack: Host exited starting callback.
TpTrace Information: 0 : 20892, 12, 2024/06/11, 16:07:34.483, 8513712367930, vstest.console.dll, TestHostManagerCallbacks.ExitCallBack: Testhost processId: 9556 exited with exitcode: 0 error: ''
TpTrace Verbose: 0 : 20892, 12, 2024/06/11, 16:07:34.483, 8513712368480, vstest.console.dll, DotnetTestHostManager.OnHostExited: invoking OnHostExited callback
TpTrace Verbose: 0 : 20892, 12, 2024/06/11, 16:07:34.483, 8513712369005, vstest.console.dll, CrossPlatEngine.TestHostManagerHostExited: calling on client process exit callback.
TpTrace Information: 0 : 20892, 12, 2024/06/11, 16:07:34.483, 8513712369563, vstest.console.dll, TestRequestSender.OnClientProcessExit: Test host process exited. Standard error: 
TpTrace Information: 0 : 20892, 7, 2024/06/11, 16:07:34.484, 8513712369947, vstest.console.dll, SocketServer.Stop: Stop server endPoint: 127.0.0.1:63693
TpTrace Information: 0 : 20892, 12, 2024/06/11, 16:07:34.484, 8513712370081, vstest.console.dll, SocketServer.Stop: Stop server endPoint: 127.0.0.1:63693
TpTrace Information: 0 : 20892, 7, 2024/06/11, 16:07:34.484, 8513712370667, vstest.console.dll, SocketServer.Stop: Cancellation requested. Stopping message loop.
TpTrace Information: 0 : 20892, 12, 2024/06/11, 16:07:34.484, 8513712371091, vstest.console.dll, SocketServer.Stop: Cancellation requested. Stopping message loop.
TpTrace Verbose: 0 : 20892, 12, 2024/06/11, 16:07:34.484, 8513712372116, vstest.console.dll, MulticastDelegateUtilities.SafeInvoke: HostProviderEvents.OnHostExited: Invoking callback 1/1 for Microsoft.VisualStudio.TestPlatform.CrossPlatEngine.Client.ProxyOperationManager., took 0 ms.
TpTrace Information: 0 : 20892, 7, 2024/06/11, 16:07:34.484, 8513712372262, vstest.console.dll, Closing the connection
TpTrace Verbose: 0 : 20892, 7, 2024/06/11, 16:07:34.484, 8513712374740, vstest.console.dll, ProxyDataCollectionManager.InvokeDataCollectionServiceAction: Starting.
TpTrace Information: 0 : 20892, 7, 2024/06/11, 16:07:34.484, 8513712375268, vstest.console.dll, ProxyDataCollectionManager.AfterTestRunEnd: Get attachment set and invoked data collectors processId: 16556 port: 63690
TpTrace Verbose: 0 : 20892, 7, 2024/06/11, 16:07:34.484, 8513712375866, vstest.console.dll, DataCollectionRequestSender.SendAfterTestRunStartAndGetResult: Send AfterTestRunEnd message with isCancelled: False
TpTrace Verbose: 0 : 20892, 7, 2024/06/11, 16:07:34.490, 8513712434246, vstest.console.dll, DataCollectionRequestSender.SendAfterTestRunStartAndGetResult: Received message: (DataCollection.AfterTestRunEndResult) -> {"MessageType":"DataCollection.AfterTestRunEndResult","Payload":{"AttachmentSets":[],"InvokedDataCollectors":[{"Uri":"datacollector://Microsoft/TestPlatform/Extensions/Blame/v1","FriendlyName":"Blame","AssemblyQualifiedName":"Microsoft.TestPlatform.Extensions.BlameDataCollector.BlameCollector, Microsoft.TestPlatform.Extensions.BlameDataCollector, Version=15.0.0.0, Culture=neutral, PublicKeyToken=b03f5f7f11d50a3a","FilePath":"C:\\Program Files\\dotnet\\sdk\\8.0.301\\Extensions\\Microsoft.TestPlatform.Extensions.BlameDataCollector.dll","HasAttachmentProcessor":false}],"Metrics":{}}}
TpTrace Warning: 0 : 20892, 10, 2024/06/11, 16:07:34.495, 8513712488029, vstest.console.dll, DataCollectionLauncher.ErrorReceivedCallback datacollector standard error line: 
TpTrace Information: 0 : 20892, 7, 2024/06/11, 16:07:34.497, 8513712503989, vstest.console.dll, ProxyDataCollectionManager.InvokeDataCollectionServiceAction: Completed.
TpTrace Information: 0 : 20892, 10, 2024/06/11, 16:07:34.502, 8513712555520, vstest.console.dll, DataCollectionLauncher.ExitCallBack: Data collector exited with exitcode: 0 error: ''
TpTrace Verbose: 0 : 20892, 7, 2024/06/11, 16:07:34.559, 8513713120971, vstest.console.dll, TestRunRequest:SendTestRunStatsChange: Starting.
TpTrace Verbose: 0 : 20892, 7, 2024/06/11, 16:07:34.559, 8513713123278, vstest.console.dll, MulticastDelegateUtilities.SafeInvoke: TestRun.RunStatsChanged: Invoking callbacks was skipped because there are no subscribers.
TpTrace Information: 0 : 20892, 7, 2024/06/11, 16:07:34.559, 8513713123732, vstest.console.dll, TestRunRequest:SendTestRunStatsChange: Completed.
TpTrace Verbose: 0 : 20892, 7, 2024/06/11, 16:07:34.559, 8513713126289, vstest.console.dll, ParallelProxyExecutionManager: HandlePartialRunComplete: Total workloads = 1, Total started clients = 1 Total completed clients = 1, Run complete = True, Run canceled: False.
TpTrace Verbose: 0 : 20892, 7, 2024/06/11, 16:07:34.559, 8513713126788, vstest.console.dll, ParallelProxyExecutionManager: HandlePartialRunComplete: All runs completed stopping all managers.
TpTrace Verbose: 0 : 20892, 7, 2024/06/11, 16:07:34.559, 8513713127159, vstest.console.dll, ParallelOperationManager.StopAllManagers: Stopping all managers.
TpTrace Verbose: 0 : 20892, 7, 2024/06/11, 16:07:34.559, 8513713127477, vstest.console.dll, ParallelOperationManager.ClearSlots: Clearing all slots. Slots should accept more work: False
TpTrace Verbose: 0 : 20892, 7, 2024/06/11, 16:07:34.559, 8513713127973, vstest.console.dll, ParallelOperationManager.SetOccupiedSlotCount: Setting slot counts AvailableSlotCount = 1, OccupiedSlotCount = 0.
TpTrace Verbose: 0 : 20892, 7, 2024/06/11, 16:07:34.559, 8513713128299, vstest.console.dll, Occupied slots:

TpTrace Verbose: 0 : 20892, 4, 2024/06/11, 16:07:34.560, 8513713135454, vstest.console.dll, MulticastDelegateUtilities.SafeInvoke: InternalTestLoggerEvents.SendTestResult: Invoking callback 1/1 for Microsoft.VisualStudio.TestPlatform.CommandLine.Internal.ConsoleLogger., took 1 ms.
TpTrace Verbose: 0 : 20892, 4, 2024/06/11, 16:07:34.560, 8513713138241, vstest.console.dll, MulticastDelegateUtilities.SafeInvoke: InternalTestLoggerEvents.SendTestResult: Invoking callback 1/1 for Microsoft.VisualStudio.TestPlatform.CommandLine.Internal.ConsoleLogger., took 0 ms.
TpTrace Verbose: 0 : 20892, 4, 2024/06/11, 16:07:34.560, 8513713139095, vstest.console.dll, MulticastDelegateUtilities.SafeInvoke: InternalTestLoggerEvents.SendTestResult: Invoking callback 1/1 for Microsoft.VisualStudio.TestPlatform.CommandLine.Internal.ConsoleLogger., took 0 ms.
TpTrace Verbose: 0 : 20892, 4, 2024/06/11, 16:07:34.560, 8513713139700, vstest.console.dll, MulticastDelegateUtilities.SafeInvoke: InternalTestLoggerEvents.SendTestResult: Invoking callback 1/1 for Microsoft.VisualStudio.TestPlatform.CommandLine.Internal.ConsoleLogger., took 0 ms.
TpTrace Verbose: 0 : 20892, 4, 2024/06/11, 16:07:34.561, 8513713140346, vstest.console.dll, MulticastDelegateUtilities.SafeInvoke: InternalTestLoggerEvents.SendTestResult: Invoking callback 1/1 for Microsoft.VisualStudio.TestPlatform.CommandLine.Internal.ConsoleLogger., took 0 ms.
TpTrace Verbose: 0 : 20892, 4, 2024/06/11, 16:07:34.567, 8513713203001, vstest.console.dll, MulticastDelegateUtilities.SafeInvoke: InternalTestLoggerEvents.SendTestRunComplete: Invoking callback 1/2 for Microsoft.TestPlatform.Extensions.BlameDataCollector.BlameLogger., took 0 ms.
TpTrace Verbose: 0 : 20892, 4, 2024/06/11, 16:07:34.574, 8513713275061, vstest.console.dll, MulticastDelegateUtilities.SafeInvoke: InternalTestLoggerEvents.SendTestRunComplete: Invoking callback 2/2 for Microsoft.VisualStudio.TestPlatform.CommandLine.Internal.ConsoleLogger., took 7 ms.
TpTrace Verbose: 0 : 20892, 7, 2024/06/11, 16:07:34.574, 8513713278899, vstest.console.dll, TestRunRequest:TestRunComplete: Starting. IsAborted:False IsCanceled:False.
TpTrace Verbose: 0 : 20892, 7, 2024/06/11, 16:07:34.575, 8513713280686, vstest.console.dll, ParallelOperationManager.DoActionOnAllManagers: Calling an action on all managers.
TpTrace Verbose: 0 : 20892, 7, 2024/06/11, 16:07:34.576, 8513713290586, vstest.console.dll, TestLoggerManager.HandleTestRunComplete: Ignoring as the object is disposed.
TpTrace Verbose: 0 : 20892, 7, 2024/06/11, 16:07:34.576, 8513713292682, vstest.console.dll, MulticastDelegateUtilities.SafeInvoke: TestRun.TestRunComplete: Invoking callback 1/2 for Microsoft.VisualStudio.TestPlatform.CommandLine.TestRunResultAggregator., took 0 ms.
TpTrace Verbose: 0 : 20892, 7, 2024/06/11, 16:07:34.576, 8513713293859, vstest.console.dll, MulticastDelegateUtilities.SafeInvoke: TestRun.TestRunComplete: Invoking callback 2/2 for Microsoft.VisualStudio.TestPlatform.CommandLine.Processors.RunTestsArgumentExecutor+TestRunRequestEventsRegistrar., took 0 ms.
TpTrace Information: 0 : 20892, 7, 2024/06/11, 16:07:34.576, 8513713294786, vstest.console.dll, TestRunRequest:TestRunComplete: Completed.
TpTrace Verbose: 0 : 20892, 1, 2024/06/11, 16:07:34.576, 8513713295006, vstest.console.dll, TestRunRequest.Dispose: Starting.
TpTrace Verbose: 0 : 20892, 7, 2024/06/11, 16:07:34.576, 8513713295207, vstest.console.dll, TestRequestSender.SetOperationComplete: Setting operation complete.
TpTrace Information: 0 : 20892, 1, 2024/06/11, 16:07:34.576, 8513713295869, vstest.console.dll, TestRunRequest.Dispose: Completed.
TpTrace Information: 0 : 20892, 7, 2024/06/11, 16:07:34.576, 8513713296349, vstest.console.dll, SocketServer.Stop: Stop server endPoint: 127.0.0.1:63693
TpTrace Information: 0 : 20892, 1, 2024/06/11, 16:07:34.576, 8513713296851, vstest.console.dll, TestRequestManager.RunTests: run tests completed.
TpTrace Information: 0 : 20892, 7, 2024/06/11, 16:07:34.576, 8513713297337, vstest.console.dll, SocketServer.Stop: Cancellation requested. Stopping message loop.
TpTrace Information: 0 : 20892, 1, 2024/06/11, 16:07:34.576, 8513713298324, vstest.console.dll, RunTestsArgumentProcessor:Execute: Test run is completed.
TpTrace Verbose: 0 : 20892, 7, 2024/06/11, 16:07:34.576, 8513713298416, vstest.console.dll, MulticastDelegateUtilities.SafeInvoke: LengthPrefixCommunicationChannel: MessageReceived: Invoking callback 1/1 for Microsoft.VisualStudio.TestPlatform.CommunicationUtilities.TestRequestSender+<>c__DisplayClass34_0., took 125 ms.
TpTrace Information: 0 : 20892, 7, 2024/06/11, 16:07:34.576, 8513713299442, vstest.console.dll, SocketServer.PrivateStop: Stopping server endPoint: 127.0.0.1:63693 error: 
TpTrace Verbose: 0 : 20892, 1, 2024/06/11, 16:07:34.577, 8513713300156, vstest.console.dll, Executor.Execute: Exiting with exit code of 0
